Using pre-set license
Built from '2020.3/staging' branch; Version is '2020.3.0f1 (c7b5465681fb) revision 13088070'; Using compiler version '192528614'; Build Type 'Release'
OS: 'Windows 10 Pro; OS build 19042.985; Version 2009; 64bit' Language: 'en' Physical Memory: 8130 MB
BatchMode: 1, IsHumanControllingUs: 0, StartBugReporterOnCrash: 0, Is64bit: 1, IsPro: 0

 COMMAND LINE ARGUMENTS:
C:\Program Files\Unity\Hub\Editor\2020.3.0f1\Editor\Unity.exe
-adb2
-batchMode
-noUpm
-name
AssetImportWorker7
-projectPath
C:/Users/Trabalho/Documents/6S/PJ/Five Lands/Five Lands/Five Lands
-logFile
Logs/AssetImportWorker7.log
-srvPort
50973
Successfully changed project path to: C:/Users/Trabalho/Documents/6S/PJ/Five Lands/Five Lands/Five Lands
C:/Users/Trabalho/Documents/6S/PJ/Five Lands/Five Lands/Five Lands
Using Asset Import Pipeline V2.
Refreshing native plugins compatible for Editor in 109.20 ms, found 0 plugins.
Preloading 0 native plugins for Editor in 0.00 ms.
Initialize engine version: 2020.3.0f1 (c7b5465681fb)
[Subsystems] Discovering subsystems at path C:/Program Files/Unity/Hub/Editor/2020.3.0f1/Editor/Data/Resources/UnitySubsystems
[Subsystems] Discovering subsystems at path C:/Users/Trabalho/Documents/6S/PJ/Five Lands/Five Lands/Five Lands/Assets
GfxDevice: creating device client; threaded=0
Direct3D:
    Version:  Direct3D 11.0 [level 11.0]
    Renderer: NVIDIA GeForce GTX 660 (ID=0x11c0)
    Vendor:   
    VRAM:     1998 MB
    Driver:   27.21.14.5671
Shader 'Universal Render Pipeline/Particles/Lit': fallback shader 'Universal Render Pipeline/Particles/SimpleLit' not found
Initialize mono
Mono path[0] = 'C:/Program Files/Unity/Hub/Editor/2020.3.0f1/Editor/Data/Managed'
Mono path[1] = 'C:/Program Files/Unity/Hub/Editor/2020.3.0f1/Editor/Data/MonoBleedingEdge/lib/mono/unityjit'
Mono config path = 'C:/Program Files/Unity/Hub/Editor/2020.3.0f1/Editor/Data/MonoBleedingEdge/etc'
Using monoOptions --debugger-agent=transport=dt_socket,embedding=1,server=y,suspend=n,address=127.0.0.1:56856
Begin MonoManager ReloadAssembly
Registering precompiled unity dll's ...
Register platform support module: C:/Program Files/Unity/Hub/Editor/2020.3.0f1/Editor/Data/PlaybackEngines/WebGLSupport/UnityEditor.WebGL.Extensions.dll
Register platform support module: C:/Program Files/Unity/Hub/Editor/2020.3.0f1/Editor/Data/PlaybackEngines/WindowsStandaloneSupport/UnityEditor.WindowsStandalone.Extensions.dll
Registered in 0.002700 seconds.
Native extension for WindowsStandalone target not found
Native extension for WebGL target not found
Refreshing native plugins compatible for Editor in 143.98 ms, found 0 plugins.
Preloading 0 native plugins for Editor in 0.00 ms.
Invoked RoslynAnalysisRunner static constructor.
RoslynAnalysisRunner will not be running.
RoslynAnalysisRunner has terminated.
Mono: successfully reloaded assembly
- Completed reload, in  2.570 seconds
Platform modules already initialized, skipping
Registering precompiled user dll's ...
Registered in 0.002001 seconds.
Begin MonoManager ReloadAssembly
Native extension for WindowsStandalone target not found
Native extension for WebGL target not found
Refreshing native plugins compatible for Editor in 108.46 ms, found 0 plugins.
Preloading 0 native plugins for Editor in 0.00 ms.
Invoked RoslynAnalysisRunner static constructor.
RoslynAnalysisRunner will not be running.
RoslynAnalysisRunner has terminated.
Mono: successfully reloaded assembly
- Completed reload, in  1.125 seconds
Platform modules already initialized, skipping
========================================================================
Worker process is ready to serve import requests
Shader 'Universal Render Pipeline/Particles/Lit': fallback shader 'Universal Render Pipeline/Particles/SimpleLit' not found
Launched and connected shader compiler UnityShaderCompiler.exe after 0.60 seconds
Refreshing native plugins compatible for Editor in 1.45 ms, found 0 plugins.
Preloading 0 native plugins for Editor in 0.00 ms.
Unloading 2379 Unused Serialized files (Serialized files now loaded: 0)
System memory in use before: 140.1 MB.
System memory in use after: 140.2 MB.

Unloading 5 unused Assets to reduce memory usage. Loaded Objects now: 2843.
Total: 2.959800 ms (FindLiveObjects: 0.341400 ms CreateObjectMapping: 0.240100 ms MarkObjects: 2.201600 ms  DeleteObjects: 0.175500 ms)

========================================================================
Received Import Request.
  path: Assets/Asset Packs/GameDev.tv Assets/Sprites/Placeholders/slotG.png
  artifactKey: Guid(5644080e10ea6f34caa2ee85b0bee17f) Importer(815301076,1909f56bfc062723c751e8b465ee728b)
Start importing Assets/Asset Packs/GameDev.tv Assets/Sprites/Placeholders/slotG.png using Guid(5644080e10ea6f34caa2ee85b0bee17f) Importer(815301076,1909f56bfc062723c751e8b465ee728b)  -> (artifact id: 'cbc4cf4b74610a967715a25ac05e034a') in 0.941525 seconds
  Import took 0.965131 seconds .

========================================================================
Received Import Request.
  Time since last request: 0.000443 seconds.
  path: Assets/Asset Packs/GameDev.tv Assets/Sprites/Placeholders/D.png
  artifactKey: Guid(1c1096c636a27b648bbf0548bd1d119d) Importer(815301076,1909f56bfc062723c751e8b465ee728b)
Start importing Assets/Asset Packs/GameDev.tv Assets/Sprites/Placeholders/D.png using Guid(1c1096c636a27b648bbf0548bd1d119d) Importer(815301076,1909f56bfc062723c751e8b465ee728b)  -> (artifact id: '0813cd89b6ec78623902e12a8d687416') in 0.084155 seconds
  Import took 0.129479 seconds .

========================================================================
Received Import Request.
  Time since last request: 0.000675 seconds.
  path: Assets/Asset Packs/GameDev.tv Assets/Sprites/Placeholders/slotH.png
  artifactKey: Guid(6d6e2da30734bb74cb2de456bb56b0fb) Importer(815301076,1909f56bfc062723c751e8b465ee728b)
Start importing Assets/Asset Packs/GameDev.tv Assets/Sprites/Placeholders/slotH.png using Guid(6d6e2da30734bb74cb2de456bb56b0fb) Importer(815301076,1909f56bfc062723c751e8b465ee728b)  -> (artifact id: '228eec8fb3191b0e76d7c03ec12494fb') in 0.079903 seconds
  Import took 0.110107 seconds .

========================================================================
Received Import Request.
  Time since last request: 0.000242 seconds.
  path: Assets/Asset Packs/GameDev.tv Assets/Sprites/Placeholders/B.png
  artifactKey: Guid(b81ba68e50e78424a98853aed32330ee) Importer(815301076,1909f56bfc062723c751e8b465ee728b)
Start importing Assets/Asset Packs/GameDev.tv Assets/Sprites/Placeholders/B.png using Guid(b81ba68e50e78424a98853aed32330ee) Importer(815301076,1909f56bfc062723c751e8b465ee728b)  -> (artifact id: '5e6bc0c2ed576f8a6c9b76ad98ceae7d') in 0.066984 seconds
  Import took 0.091552 seconds .

========================================================================
Received Import Request.
  Time since last request: 0.000242 seconds.
  path: Assets/Asset Packs/GameDev.tv Assets/Sprites/Placeholders/rectangle.png
  artifactKey: Guid(65b98a7e023cad84991c598add6111ed) Importer(815301076,1909f56bfc062723c751e8b465ee728b)
Start importing Assets/Asset Packs/GameDev.tv Assets/Sprites/Placeholders/rectangle.png using Guid(65b98a7e023cad84991c598add6111ed) Importer(815301076,1909f56bfc062723c751e8b465ee728b)  -> (artifact id: '1c73e8a5aeec463a0ee5e50fd017fef5') in 0.067114 seconds
  Import took 0.091650 seconds .

========================================================================
Received Import Request.
  Time since last request: 0.000232 seconds.
  path: Assets/Asset Packs/GameDev.tv Assets/Sprites/Placeholders/slotC.png
  artifactKey: Guid(34e63a70424c1ee4e80ce4ff0757859c) Importer(815301076,1909f56bfc062723c751e8b465ee728b)
Start importing Assets/Asset Packs/GameDev.tv Assets/Sprites/Placeholders/slotC.png using Guid(34e63a70424c1ee4e80ce4ff0757859c) Importer(815301076,1909f56bfc062723c751e8b465ee728b)  -> (artifact id: 'c4d23ecd43ef2721bf424ab4800f2afa') in 0.066541 seconds
  Import took 0.096530 seconds .

========================================================================
Received Import Request.
  Time since last request: 0.000329 seconds.
  path: Assets/Asset Packs/GameDev.tv Assets/Sprites/Placeholders/C.png
  artifactKey: Guid(7e6cfca4fbd212d4697e8270b777e19b) Importer(815301076,1909f56bfc062723c751e8b465ee728b)
Start importing Assets/Asset Packs/GameDev.tv Assets/Sprites/Placeholders/C.png using Guid(7e6cfca4fbd212d4697e8270b777e19b) Importer(815301076,1909f56bfc062723c751e8b465ee728b)  -> (artifact id: '8d113b758cba0575adb88f3e766b1c91') in 0.063502 seconds
  Import took 0.081360 seconds .

========================================================================
Received Import Request.
  Time since last request: 0.000241 seconds.
  path: Assets/Asset Packs/GameDev.tv Assets/Sprites/Placeholders/slotD.png
  artifactKey: Guid(68d5c73fd6d8d094ea9f0150f27aaf68) Importer(815301076,1909f56bfc062723c751e8b465ee728b)
Start importing Assets/Asset Packs/GameDev.tv Assets/Sprites/Placeholders/slotD.png using Guid(68d5c73fd6d8d094ea9f0150f27aaf68) Importer(815301076,1909f56bfc062723c751e8b465ee728b)  -> (artifact id: '543e9b39a71dfe8ef75e6cfc220691fe') in 0.069617 seconds
  Import took 0.075578 seconds .

========================================================================
Received Import Request.
  Time since last request: 0.000218 seconds.
  path: Assets/Asset Packs/GameDev.tv Assets/Sprites/Placeholders/slotB.png
  artifactKey: Guid(aa4b2d88fc840d646820e294830f6dde) Importer(815301076,1909f56bfc062723c751e8b465ee728b)
Start importing Assets/Asset Packs/GameDev.tv Assets/Sprites/Placeholders/slotB.png using Guid(aa4b2d88fc840d646820e294830f6dde) Importer(815301076,1909f56bfc062723c751e8b465ee728b)  -> (artifact id: 'e6ef3f6f08d4f63a8f7dae990ad0a03d') in 0.063414 seconds
  Import took 0.092850 seconds .

========================================================================
Received Import Request.
  Time since last request: 0.000187 seconds.
  path: Assets/Asset Packs/GameDev.tv Assets/Sprites/Placeholders/slotA.png
  artifactKey: Guid(b47431e0d918eeb4eb1dc79bd8e8fb50) Importer(815301076,1909f56bfc062723c751e8b465ee728b)
Start importing Assets/Asset Packs/GameDev.tv Assets/Sprites/Placeholders/slotA.png using Guid(b47431e0d918eeb4eb1dc79bd8e8fb50) Importer(815301076,1909f56bfc062723c751e8b465ee728b)  -> (artifact id: '116bdbe4f5bc26abee0a1a9e226a0b50') in 0.061285 seconds
  Import took 0.084242 seconds .

========================================================================
Received Import Request.
  Time since last request: 0.000214 seconds.
  path: Assets/Asset Packs/GameDev.tv Assets/Sprites/Placeholders/F.png
  artifactKey: Guid(cbc705c28892f8547a11bec2f757eec1) Importer(815301076,1909f56bfc062723c751e8b465ee728b)
Start importing Assets/Asset Packs/GameDev.tv Assets/Sprites/Placeholders/F.png using Guid(cbc705c28892f8547a11bec2f757eec1) Importer(815301076,1909f56bfc062723c751e8b465ee728b)  -> (artifact id: '887cebded9fc8b1069c9529c998b9afc') in 0.067431 seconds
  Import took 0.098894 seconds .

========================================================================
Received Import Request.
  Time since last request: 0.000307 seconds.
  path: Assets/Asset Packs/GameDev.tv Assets/Sprites/Placeholders/A.png
  artifactKey: Guid(7c4272045db356d4191801bf4343dbe3) Importer(815301076,1909f56bfc062723c751e8b465ee728b)
Start importing Assets/Asset Packs/GameDev.tv Assets/Sprites/Placeholders/A.png using Guid(7c4272045db356d4191801bf4343dbe3) Importer(815301076,1909f56bfc062723c751e8b465ee728b)  -> (artifact id: '60d8464b884d2a2af754c94971504d2d') in 0.034455 seconds
  Import took 0.059632 seconds .

========================================================================
Received Import Request.
  Time since last request: 0.000273 seconds.
  path: Assets/Asset Packs/GameDev.tv Assets/Sprites/Placeholders/E.png
  artifactKey: Guid(37322f45c4651a74792a7b1e4e3f287d) Importer(815301076,1909f56bfc062723c751e8b465ee728b)
Start importing Assets/Asset Packs/GameDev.tv Assets/Sprites/Placeholders/E.png using Guid(37322f45c4651a74792a7b1e4e3f287d) Importer(815301076,1909f56bfc062723c751e8b465ee728b)  -> (artifact id: 'd489ef73b8cd0baad07a83b8564429bf') in 0.084017 seconds
  Import took 0.112443 seconds .

========================================================================
Received Import Request.
  Time since last request: 0.000485 seconds.
  path: Assets/Asset Packs/GameDev.tv Assets/Sprites/Placeholders/G.png
  artifactKey: Guid(51f3eeabd837633469262f849277bb64) Importer(815301076,1909f56bfc062723c751e8b465ee728b)
Start importing Assets/Asset Packs/GameDev.tv Assets/Sprites/Placeholders/G.png using Guid(51f3eeabd837633469262f849277bb64) Importer(815301076,1909f56bfc062723c751e8b465ee728b)  -> (artifact id: '2ba9f549b09a5d5d8f9a8606037b3cd5') in 0.096743 seconds
  Import took 0.120699 seconds .

========================================================================
Received Import Request.
  Time since last request: 0.000349 seconds.
  path: Assets/Asset Packs/GameDev.tv Assets/Sprites/Placeholders/slotE.png
  artifactKey: Guid(7f5ea285fc81c194eb780e1f2908f0ec) Importer(815301076,1909f56bfc062723c751e8b465ee728b)
Start importing Assets/Asset Packs/GameDev.tv Assets/Sprites/Placeholders/slotE.png using Guid(7f5ea285fc81c194eb780e1f2908f0ec) Importer(815301076,1909f56bfc062723c751e8b465ee728b)  -> (artifact id: 'cc35e6d936be9036c85091ed89d80e94') in 0.077457 seconds
  Import took 0.098264 seconds .

========================================================================
Received Import Request.
  Time since last request: 0.000241 seconds.
  path: Assets/Asset Packs/GameDev.tv Assets/Sprites/Placeholders/slotF.png
  artifactKey: Guid(fde4b0002c7871a4ba217922cda1e2ef) Importer(815301076,1909f56bfc062723c751e8b465ee728b)
Start importing Assets/Asset Packs/GameDev.tv Assets/Sprites/Placeholders/slotF.png using Guid(fde4b0002c7871a4ba217922cda1e2ef) Importer(815301076,1909f56bfc062723c751e8b465ee728b)  -> (artifact id: '71ebe8ddab9cf944a8b7e146dbe4f2fa') in 0.082739 seconds
  Import took 0.112437 seconds .

========================================================================
Received Import Request.
  Time since last request: 0.000241 seconds.
  path: Assets/Game/Pickups
  artifactKey: Guid(de22fd6ba15596b45809ecd7f21da9a0) Importer(815301076,1909f56bfc062723c751e8b465ee728b)
Start importing Assets/Game/Pickups using Guid(de22fd6ba15596b45809ecd7f21da9a0) Importer(815301076,1909f56bfc062723c751e8b465ee728b)  -> (artifact id: 'd68988f40e9f1c8dc84947b5d5cbab95') in 0.009791 seconds
  Import took 0.027459 seconds .

========================================================================
Received Import Request.
  Time since last request: 0.000291 seconds.
  path: Assets/Game/Wearables/Resources/Hat.asset
  artifactKey: Guid(71d3aae98ec2014438c1b1381bd4e3b1) Importer(815301076,1909f56bfc062723c751e8b465ee728b)
Start importing Assets/Game/Wearables/Resources/Hat.asset using Guid(71d3aae98ec2014438c1b1381bd4e3b1) Importer(815301076,1909f56bfc062723c751e8b465ee728b)  -> (artifact id: 'baac26dba8a4eb7d145f99239d416416') in 0.011215 seconds
  Import took 0.029902 seconds .

========================================================================
Received Import Request.
  Time since last request: 0.000216 seconds.
  path: Assets/Asset Packs/GameDev.tv Assets/Sprites/Placeholders/H.png
  artifactKey: Guid(d90fb267ee4e64245b86c677bd935db0) Importer(815301076,1909f56bfc062723c751e8b465ee728b)
Start importing Assets/Asset Packs/GameDev.tv Assets/Sprites/Placeholders/H.png using Guid(d90fb267ee4e64245b86c677bd935db0) Importer(815301076,1909f56bfc062723c751e8b465ee728b)  -> (artifact id: '742c278bb30622a1c4a18396475daa62') in 0.066843 seconds
  Import took 0.097392 seconds .

========================================================================
Received Import Request.
  Time since last request: 115.956336 seconds.
  path: Assets/Game/Pickups/Default  Pickup.prefab
  artifactKey: Guid(a3bd829ff0848bb4eb8ec180ef904913) Importer(815301076,1909f56bfc062723c751e8b465ee728b)
Start importing Assets/Game/Pickups/Default  Pickup.prefab using Guid(a3bd829ff0848bb4eb8ec180ef904913) Importer(815301076,1909f56bfc062723c751e8b465ee728b)  -> (artifact id: '4bf5c5e010823137bbc5555fef0a5175') in 0.044376 seconds
  Import took 0.063108 seconds .

========================================================================
Received Import Request.
  Time since last request: 38.544804 seconds.
  path: Assets/Asset Packs/Synty - Polygon Student Sample/Models/Characters_POLYGON_Knights.fbx
  artifactKey: Guid(d288a0e4a2d923b46898986e979da643) Importer(815301076,1909f56bfc062723c751e8b465ee728b)
Start importing Assets/Asset Packs/Synty - Polygon Student Sample/Models/Characters_POLYGON_Knights.fbx using Guid(d288a0e4a2d923b46898986e979da643) Importer(815301076,1909f56bfc062723c751e8b465ee728b)  -> (artifact id: '75194f80e70ab2eaabf73909e534c4e2') in 0.596742 seconds
  Import took 0.604105 seconds .

========================================================================
Received Import Request.
  Time since last request: 352.089037 seconds.
  path: Assets/Game/Wearables
  artifactKey: Guid(1a3044f1422a840429efdfaf72f35df1) Importer(815301076,1909f56bfc062723c751e8b465ee728b)
Start importing Assets/Game/Wearables using Guid(1a3044f1422a840429efdfaf72f35df1) Importer(815301076,1909f56bfc062723c751e8b465ee728b)  -> (artifact id: '9e64667c542c6c3ddba92d3420d21067') in 0.021033 seconds
  Import took 0.037639 seconds .

========================================================================
Received Import Request.
  Time since last request: 0.606196 seconds.
  path: Assets/Game/Wearables/Resources
  artifactKey: Guid(6b819fe24c123a64aa9ddf6f44c00b1c) Importer(815301076,1909f56bfc062723c751e8b465ee728b)
Start importing Assets/Game/Wearables/Resources using Guid(6b819fe24c123a64aa9ddf6f44c00b1c) Importer(815301076,1909f56bfc062723c751e8b465ee728b)  -> (artifact id: 'a5a7fc44b25ae7b8c5820f7d4384d2bb') in 0.015978 seconds
  Import took 0.033942 seconds .

========================================================================
Received Import Request.
  Time since last request: 16.660853 seconds.
  path: Assets/Game/Pickups/Default  Pickup.prefab
  artifactKey: Guid(a3bd829ff0848bb4eb8ec180ef904913) Importer(815301076,1909f56bfc062723c751e8b465ee728b)
Start importing Assets/Game/Pickups/Default  Pickup.prefab using Guid(a3bd829ff0848bb4eb8ec180ef904913) Importer(815301076,1909f56bfc062723c751e8b465ee728b)  -> (artifact id: 'd4a0008181b38871ad39e1844a5fd688') in 0.058413 seconds
  Import took 0.077862 seconds .

========================================================================
Received Import Request.
  Time since last request: 82.642670 seconds.
  path: Assets/Scripts/Control/NewBehaviourScript.cs
  artifactKey: Guid(372eec220148408468a8673161f6afa8) Importer(815301076,1909f56bfc062723c751e8b465ee728b)
Start importing Assets/Scripts/Control/NewBehaviourScript.cs using Guid(372eec220148408468a8673161f6afa8) Importer(815301076,1909f56bfc062723c751e8b465ee728b)  -> (artifact id: '4ce6772f104a463f6b53a369f1a946d8') in 0.088421 seconds
  Import took 0.165742 seconds .

========================================================================
Received Prepare
Registering precompiled user dll's ...
Registered in 0.001878 seconds.
Begin MonoManager ReloadAssembly
Native extension for WindowsStandalone target not found
Native extension for WebGL target not found
Refreshing native plugins compatible for Editor in 1.28 ms, found 0 plugins.
Preloading 0 native plugins for Editor in 0.00 ms.
Invoked RoslynAnalysisRunner static constructor.
RoslynAnalysisRunner will not be running.
RoslynAnalysisRunner has terminated.
Mono: successfully reloaded assembly
- Completed reload, in  1.346 seconds
Platform modules already initialized, skipping
Shader 'Universal Render Pipeline/Particles/Lit': fallback shader 'Universal Render Pipeline/Particles/SimpleLit' not found
Refreshing native plugins compatible for Editor in 1.47 ms, found 0 plugins.
Preloading 0 native plugins for Editor in 0.00 ms.
Unloading 2245 Unused Serialized files (Serialized files now loaded: 0)
System memory in use before: 151.8 MB.
System memory in use after: 152.0 MB.

Unloading 4 unused Assets to reduce memory usage. Loaded Objects now: 2909.
Total: 3.145400 ms (FindLiveObjects: 0.463000 ms CreateObjectMapping: 0.259600 ms MarkObjects: 2.269400 ms  DeleteObjects: 0.151300 ms)

========================================================================
Received Import Request.
  Time since last request: 105.984632 seconds.
  path: Assets/Scripts/Control/ClickablePickup.cs
  artifactKey: Guid(372eec220148408468a8673161f6afa8) Importer(815301076,1909f56bfc062723c751e8b465ee728b)
Start importing Assets/Scripts/Control/ClickablePickup.cs using Guid(372eec220148408468a8673161f6afa8) Importer(815301076,1909f56bfc062723c751e8b465ee728b)  -> (artifact id: 'a027ee3f9accd7f50ab291151155ad36') in 0.049029 seconds
  Import took 0.065048 seconds .

========================================================================
Received Prepare
Registering precompiled user dll's ...
Registered in 0.001879 seconds.
Begin MonoManager ReloadAssembly
Native extension for WindowsStandalone target not found
Native extension for WebGL target not found
Refreshing native plugins compatible for Editor in 1.20 ms, found 0 plugins.
Preloading 0 native plugins for Editor in 0.00 ms.
Invoked RoslynAnalysisRunner static constructor.
RoslynAnalysisRunner will not be running.
RoslynAnalysisRunner has terminated.
Mono: successfully reloaded assembly
- Completed reload, in  1.234 seconds
Platform modules already initialized, skipping
Shader 'Universal Render Pipeline/Particles/Lit': fallback shader 'Universal Render Pipeline/Particles/SimpleLit' not found
Refreshing native plugins compatible for Editor in 1.25 ms, found 0 plugins.
Preloading 0 native plugins for Editor in 0.00 ms.
Unloading 2245 Unused Serialized files (Serialized files now loaded: 0)
System memory in use before: 151.9 MB.
System memory in use after: 152.0 MB.

Unloading 3 unused Assets to reduce memory usage. Loaded Objects now: 2909.
Total: 3.238600 ms (FindLiveObjects: 0.420200 ms CreateObjectMapping: 0.262300 ms MarkObjects: 2.405400 ms  DeleteObjects: 0.149300 ms)

========================================================================
Received Prepare
Registering precompiled user dll's ...
Registered in 0.001853 seconds.
Begin MonoManager ReloadAssembly
Native extension for WindowsStandalone target not found
Native extension for WebGL target not found
Refreshing native plugins compatible for Editor in 1.37 ms, found 0 plugins.
Preloading 0 native plugins for Editor in 0.00 ms.
Invoked RoslynAnalysisRunner static constructor.
RoslynAnalysisRunner will not be running.
RoslynAnalysisRunner has terminated.
Mono: successfully reloaded assembly
- Completed reload, in  1.320 seconds
Platform modules already initialized, skipping
Shader 'Universal Render Pipeline/Particles/Lit': fallback shader 'Universal Render Pipeline/Particles/SimpleLit' not found
Refreshing native plugins compatible for Editor in 1.43 ms, found 0 plugins.
Preloading 0 native plugins for Editor in 0.00 ms.
Unloading 2245 Unused Serialized files (Serialized files now loaded: 0)
System memory in use before: 151.9 MB.
System memory in use after: 152.0 MB.

Unloading 3 unused Assets to reduce memory usage. Loaded Objects now: 2909.
Total: 3.455900 ms (FindLiveObjects: 0.451300 ms CreateObjectMapping: 0.329700 ms MarkObjects: 2.541700 ms  DeleteObjects: 0.131600 ms)

========================================================================
Received Import Request.
  Time since last request: 118.666014 seconds.
  path: Assets/Scripts/Control/ClickablePickup.cs
  artifactKey: Guid(372eec220148408468a8673161f6afa8) Importer(815301076,1909f56bfc062723c751e8b465ee728b)
Start importing Assets/Scripts/Control/ClickablePickup.cs using Guid(372eec220148408468a8673161f6afa8) Importer(815301076,1909f56bfc062723c751e8b465ee728b)  -> (artifact id: '95262133debe5128af8cb1db04a46341') in 0.008527 seconds
  Import took 0.047033 seconds .

========================================================================
Received Import Request.
  Time since last request: 93.535642 seconds.
  path: Assets/Game/Wearables/Resources/Hat.asset
  artifactKey: Guid(71d3aae98ec2014438c1b1381bd4e3b1) Importer(815301076,1909f56bfc062723c751e8b465ee728b)
Start importing Assets/Game/Wearables/Resources/Hat.asset using Guid(71d3aae98ec2014438c1b1381bd4e3b1) Importer(815301076,1909f56bfc062723c751e8b465ee728b)  -> (artifact id: 'ca0e7e279b41fcfa3148ac3475893349') in 0.030740 seconds
  Import took 0.054892 seconds .

========================================================================
Received Import Request.
  Time since last request: 52.186518 seconds.
  path: Assets/Game/Pickups/PickUpSpawner.prefab
  artifactKey: Guid(a8ed4595a252ad44e8f8f90f63ab570b) Importer(815301076,1909f56bfc062723c751e8b465ee728b)
Start importing Assets/Game/Pickups/PickUpSpawner.prefab using Guid(a8ed4595a252ad44e8f8f90f63ab570b) Importer(815301076,1909f56bfc062723c751e8b465ee728b)  -> (artifact id: '83bcaa5f6445295b01c763a121d056ec') in 0.036937 seconds
  Import took 0.054215 seconds .

========================================================================
Received Prepare
Registering precompiled user dll's ...
Registered in 0.002541 seconds.
Begin MonoManager ReloadAssembly
Native extension for WindowsStandalone target not found
Native extension for WebGL target not found
Refreshing native plugins compatible for Editor in 1.78 ms, found 0 plugins.
Preloading 0 native plugins for Editor in 0.00 ms.
Invoked RoslynAnalysisRunner static constructor.
RoslynAnalysisRunner will not be running.
RoslynAnalysisRunner has terminated.
Mono: successfully reloaded assembly
- Completed reload, in  2.502 seconds
Platform modules already initialized, skipping
Shader 'Universal Render Pipeline/Particles/Lit': fallback shader 'Universal Render Pipeline/Particles/SimpleLit' not found
Refreshing native plugins compatible for Editor in 1.92 ms, found 0 plugins.
Preloading 0 native plugins for Editor in 0.00 ms.
Unloading 2245 Unused Serialized files (Serialized files now loaded: 0)
System memory in use before: 151.9 MB.
System memory in use after: 152.0 MB.

Unloading 3 unused Assets to reduce memory usage. Loaded Objects now: 2909.
Total: 3.482100 ms (FindLiveObjects: 0.630800 ms CreateObjectMapping: 0.296600 ms MarkObjects: 2.416200 ms  DeleteObjects: 0.136300 ms)

========================================================================
Received Import Request.
  Time since last request: 488.567155 seconds.
  path: Assets/Game/Wearables/Resources/Hat.asset
  artifactKey: Guid(71d3aae98ec2014438c1b1381bd4e3b1) Importer(815301076,1909f56bfc062723c751e8b465ee728b)
Start importing Assets/Game/Wearables/Resources/Hat.asset using Guid(71d3aae98ec2014438c1b1381bd4e3b1) Importer(815301076,1909f56bfc062723c751e8b465ee728b)  -> (artifact id: '21a8b88b3d67df1657c34cc09517b57e') in 0.056398 seconds
  Import took 0.083135 seconds .

========================================================================
Received Import Request.
  Time since last request: 1.098671 seconds.
  path: Assets/Asset Packs/Fantasy RPG UI Sample/UI/Update 1.1/Armor_icon.png
  artifactKey: Guid(65d466afcff75fa428a0b237f81846d6) Importer(815301076,1909f56bfc062723c751e8b465ee728b)
Start importing Assets/Asset Packs/Fantasy RPG UI Sample/UI/Update 1.1/Armor_icon.png using Guid(65d466afcff75fa428a0b237f81846d6) Importer(815301076,1909f56bfc062723c751e8b465ee728b)  -> (artifact id: '325bccf65ac6f93f9bd3dfc52a60302b') in 0.126583 seconds
  Import took 0.179965 seconds .

========================================================================
Received Import Request.
  Time since last request: 0.000339 seconds.
  path: Assets/Asset Packs/Fantasy RPG UI Sample/UI/Parts/FRAME_left-bot.png
  artifactKey: Guid(aecf7b06947a08845a483c11c8a98f73) Importer(815301076,1909f56bfc062723c751e8b465ee728b)
Start importing Assets/Asset Packs/Fantasy RPG UI Sample/UI/Parts/FRAME_left-bot.png using Guid(aecf7b06947a08845a483c11c8a98f73) Importer(815301076,1909f56bfc062723c751e8b465ee728b)  -> (artifact id: 'dada1931a42f715f322dfacc59db20c8') in 0.029391 seconds
  Import took 0.077237 seconds .

========================================================================
Received Import Request.
  Time since last request: 0.000342 seconds.
  path: Assets/Asset Packs/Fantasy RPG UI Sample/UI/Parts/Background_02.png
  artifactKey: Guid(f6385dfc9df85b742babe9f080feb756) Importer(815301076,1909f56bfc062723c751e8b465ee728b)
Start importing Assets/Asset Packs/Fantasy RPG UI Sample/UI/Parts/Background_02.png using Guid(f6385dfc9df85b742babe9f080feb756) Importer(815301076,1909f56bfc062723c751e8b465ee728b)  -> (artifact id: '1345c653a73c48be91cee92e87e8595a') in 0.112605 seconds
  Import took 0.178603 seconds .

========================================================================
Received Import Request.
  Time since last request: 0.000236 seconds.
  path: Assets/Asset Packs/Universal Gold Icons Sample/T_Shield_01_Nobg.png
  artifactKey: Guid(886ffb608498aa04c9c0913d5ac3c394) Importer(815301076,1909f56bfc062723c751e8b465ee728b)
Start importing Assets/Asset Packs/Universal Gold Icons Sample/T_Shield_01_Nobg.png using Guid(886ffb608498aa04c9c0913d5ac3c394) Importer(815301076,1909f56bfc062723c751e8b465ee728b)  -> (artifact id: '4f40eb279807ac4f72f3eebb39beb5db') in 0.041973 seconds
  Import took 0.134402 seconds .

========================================================================
Received Import Request.
  Time since last request: 0.000207 seconds.
  path: Assets/Asset Packs/Fantasy RPG UI Sample/UI/Update 1.1/ScrollingBar_Long_size.png
  artifactKey: Guid(2e8f95352a721a54485a1d0a4f0b7d4c) Importer(815301076,1909f56bfc062723c751e8b465ee728b)
Start importing Assets/Asset Packs/Fantasy RPG UI Sample/UI/Update 1.1/ScrollingBar_Long_size.png using Guid(2e8f95352a721a54485a1d0a4f0b7d4c) Importer(815301076,1909f56bfc062723c751e8b465ee728b)  -> (artifact id: '4616ef58590b8090d046e988f9f5994e') in 0.059037 seconds
  Import took 0.098639 seconds .

========================================================================
Received Import Request.
  Time since last request: 0.000219 seconds.
  path: Assets/Asset Packs/Fantasy RPG UI Sample/UI/Parts/Button_04.png
  artifactKey: Guid(373773b6623f4fb4c89ed91602df42dd) Importer(815301076,1909f56bfc062723c751e8b465ee728b)
Start importing Assets/Asset Packs/Fantasy RPG UI Sample/UI/Parts/Button_04.png using Guid(373773b6623f4fb4c89ed91602df42dd) Importer(815301076,1909f56bfc062723c751e8b465ee728b)  -> (artifact id: '4c77428263a6c2f83350723ba23c3d94') in 0.051938 seconds
  Import took 0.059002 seconds .

========================================================================
Received Import Request.
  Time since last request: 0.000273 seconds.
  path: Assets/Asset Packs/Fantasy RPG UI Sample/UI/Parts/FRAME_bot.png
  artifactKey: Guid(43ee3da49328ac649b7ac986a6c1c1de) Importer(815301076,1909f56bfc062723c751e8b465ee728b)
Start importing Assets/Asset Packs/Fantasy RPG UI Sample/UI/Parts/FRAME_bot.png using Guid(43ee3da49328ac649b7ac986a6c1c1de) Importer(815301076,1909f56bfc062723c751e8b465ee728b)  -> (artifact id: '989275b6dbfd53f2cc6667c3a8fe40f9') in 0.066637 seconds
  Import took 0.100356 seconds .

========================================================================
Received Import Request.
  Time since last request: 0.000175 seconds.
  path: Assets/Asset Packs/Fantasy RPG UI Sample/UI/Update 1.1/Intelligence_icon.png
  artifactKey: Guid(5732dc58816b91d4dbc488b1b3c8f08b) Importer(815301076,1909f56bfc062723c751e8b465ee728b)
Start importing Assets/Asset Packs/Fantasy RPG UI Sample/UI/Update 1.1/Intelligence_icon.png using Guid(5732dc58816b91d4dbc488b1b3c8f08b) Importer(815301076,1909f56bfc062723c751e8b465ee728b)  -> (artifact id: '56e286b94c555a48272b549cf8e67386') in 0.057836 seconds
  Import took 0.089100 seconds .

========================================================================
Received Import Request.
  Time since last request: 0.000256 seconds.
  path: Assets/Asset Packs/Fantasy RPG UI Sample/UI/Update 1.2/Button_10_On.png
  artifactKey: Guid(bc7147459da6e0944b077b8808cf1898) Importer(815301076,1909f56bfc062723c751e8b465ee728b)
Start importing Assets/Asset Packs/Fantasy RPG UI Sample/UI/Update 1.2/Button_10_On.png using Guid(bc7147459da6e0944b077b8808cf1898) Importer(815301076,1909f56bfc062723c751e8b465ee728b)  -> (artifact id: 'e931c55749cff0c88642dedff621909c') in 0.019108 seconds
  Import took 0.054260 seconds .

========================================================================
Received Import Request.
  Time since last request: 0.000208 seconds.
  path: Assets/Asset Packs/Fantasy RPG UI Sample/UI/Parts/InventoryButton_chest.png
  artifactKey: Guid(e1855ae875aa6424d81fb5c5c1d623a5) Importer(815301076,1909f56bfc062723c751e8b465ee728b)
Start importing Assets/Asset Packs/Fantasy RPG UI Sample/UI/Parts/InventoryButton_chest.png using Guid(e1855ae875aa6424d81fb5c5c1d623a5) Importer(815301076,1909f56bfc062723c751e8b465ee728b)  -> (artifact id: '53e3c81f67cf4a4a6381829c1c319a80') in 0.021660 seconds
  Import took 0.028106 seconds .

========================================================================
Received Import Request.
  Time since last request: 0.000223 seconds.
  path: Assets/Asset Packs/Fantasy RPG UI Sample/UI/Parts/Button_23.png
  artifactKey: Guid(45b131bd81d7d49439aef2159828393a) Importer(815301076,1909f56bfc062723c751e8b465ee728b)
Start importing Assets/Asset Packs/Fantasy RPG UI Sample/UI/Parts/Button_23.png using Guid(45b131bd81d7d49439aef2159828393a) Importer(815301076,1909f56bfc062723c751e8b465ee728b)  -> (artifact id: '28b248da877c64afdd8508d7a08ca37b') in 0.022267 seconds
  Import took 0.054906 seconds .

========================================================================
Received Import Request.
  Time since last request: 0.000275 seconds.
  path: Assets/Asset Packs/Fantasy RPG UI Sample/UI/Parts/FRAME_left.png
  artifactKey: Guid(f8c06873fbe07fb44b5edcb3ce991be1) Importer(815301076,1909f56bfc062723c751e8b465ee728b)
Start importing Assets/Asset Packs/Fantasy RPG UI Sample/UI/Parts/FRAME_left.png using Guid(f8c06873fbe07fb44b5edcb3ce991be1) Importer(815301076,1909f56bfc062723c751e8b465ee728b)  -> (artifact id: '79127c163a391839f68b5aca8d3451d6') in 0.045933 seconds
  Import took 0.082626 seconds .

========================================================================
Received Import Request.
  Time since last request: 0.000199 seconds.
  path: Assets/Asset Packs/Fantasy RPG UI Sample/UI/Parts/InventoryButton_weapon.png
  artifactKey: Guid(344aa2512e791bb4693b61b07493b445) Importer(815301076,1909f56bfc062723c751e8b465ee728b)
Start importing Assets/Asset Packs/Fantasy RPG UI Sample/UI/Parts/InventoryButton_weapon.png using Guid(344aa2512e791bb4693b61b07493b445) Importer(815301076,1909f56bfc062723c751e8b465ee728b)  -> (artifact id: 'b0a12fc21e8cb2683c50cf04e89152d3') in 0.085543 seconds
  Import took 0.119711 seconds .

========================================================================
Received Import Request.
  Time since last request: 0.000175 seconds.
  path: Assets/Asset Packs/Universal Gold Icons Sample/T_Head_08_Nobg.png
  artifactKey: Guid(c1b61b3a91732a747a8496fc75a13fe2) Importer(815301076,1909f56bfc062723c751e8b465ee728b)
Start importing Assets/Asset Packs/Universal Gold Icons Sample/T_Head_08_Nobg.png using Guid(c1b61b3a91732a747a8496fc75a13fe2) Importer(815301076,1909f56bfc062723c751e8b465ee728b)  -> (artifact id: 'dcece85bfd14744dec5bb935879a5da0') in 0.070855 seconds
  Import took 0.098462 seconds .

========================================================================
Received Import Request.
  Time since last request: 0.000177 seconds.
  path: Assets/Asset Packs/Universal Gold Icons Sample/T_Dagger_01_Nobg.png
  artifactKey: Guid(d19901b0ee3c38743a7d383bd484b0b5) Importer(815301076,1909f56bfc062723c751e8b465ee728b)
Start importing Assets/Asset Packs/Universal Gold Icons Sample/T_Dagger_01_Nobg.png using Guid(d19901b0ee3c38743a7d383bd484b0b5) Importer(815301076,1909f56bfc062723c751e8b465ee728b)  -> (artifact id: 'f8aa1602041e5df084a3e708a847d88c') in 0.043877 seconds
  Import took 0.050275 seconds .

========================================================================
Received Import Request.
  Time since last request: 0.000160 seconds.
  path: Assets/Asset Packs/Fantasy RPG UI Sample/UI/Update 1.1/Button_Desk_short.png
  artifactKey: Guid(d25911b539c43cf41887fb876f6f4d71) Importer(815301076,1909f56bfc062723c751e8b465ee728b)
Start importing Assets/Asset Packs/Fantasy RPG UI Sample/UI/Update 1.1/Button_Desk_short.png using Guid(d25911b539c43cf41887fb876f6f4d71) Importer(815301076,1909f56bfc062723c751e8b465ee728b)  -> (artifact id: 'c4f170cfbbe0a58f1c5c9e5fe0068c70') in 0.052836 seconds
  Import took 0.075651 seconds .

========================================================================
Received Import Request.
  Time since last request: 0.000456 seconds.
  path: Assets/Asset Packs/Universal Gold Icons Sample/Potion_01(Red)_No BG.png
  artifactKey: Guid(aba0f700d91d4fc4fa8c724899ab04ab) Importer(815301076,1909f56bfc062723c751e8b465ee728b)
Start importing Assets/Asset Packs/Universal Gold Icons Sample/Potion_01(Red)_No BG.png using Guid(aba0f700d91d4fc4fa8c724899ab04ab) Importer(815301076,1909f56bfc062723c751e8b465ee728b)  -> (artifact id: '14a3f1d6b45a9a10a67dff1c68fdf43b') in 0.071882 seconds
  Import took 0.105424 seconds .

========================================================================
Received Import Request.
  Time since last request: 0.000241 seconds.
  path: Assets/Asset Packs/Fantasy RPG UI Sample/UI/Parts/Background_01.png
  artifactKey: Guid(8e77f4013dc06ac47bf24565426fccdc) Importer(815301076,1909f56bfc062723c751e8b465ee728b)
Start importing Assets/Asset Packs/Fantasy RPG UI Sample/UI/Parts/Background_01.png using Guid(8e77f4013dc06ac47bf24565426fccdc) Importer(815301076,1909f56bfc062723c751e8b465ee728b)  -> (artifact id: '0e092aa59fcb4ca711e8d3216dfea2ef') in 0.046313 seconds
  Import took 0.054443 seconds .

========================================================================
Received Import Request.
  Time since last request: 0.000201 seconds.
  path: Assets/Asset Packs/Fantasy RPG UI Sample/UI/Update 1.2/Menu_button_02_Little_On.png
  artifactKey: Guid(cd8c12672dc367b48b437acbfee50ed9) Importer(815301076,1909f56bfc062723c751e8b465ee728b)
Start importing Assets/Asset Packs/Fantasy RPG UI Sample/UI/Update 1.2/Menu_button_02_Little_On.png using Guid(cd8c12672dc367b48b437acbfee50ed9) Importer(815301076,1909f56bfc062723c751e8b465ee728b)  -> (artifact id: '89444cae3aafbc4db75342342858341e') in 0.059952 seconds
  Import took 0.067073 seconds .

========================================================================
Received Import Request.
  Time since last request: 0.000221 seconds.
  path: Assets/Asset Packs/Fantasy RPG UI Sample/UI/Parts/Background_01.png
  artifactKey: Guid(8e77f4013dc06ac47bf24565426fccdc) Importer(815301076,1909f56bfc062723c751e8b465ee728b)
Start importing Assets/Asset Packs/Fantasy RPG UI Sample/UI/Parts/Background_01.png using Guid(8e77f4013dc06ac47bf24565426fccdc) Importer(815301076,1909f56bfc062723c751e8b465ee728b)  -> (artifact id: '0e092aa59fcb4ca711e8d3216dfea2ef') in 0.053472 seconds
  Import took 0.062420 seconds .

========================================================================
Received Import Request.
  Time since last request: 0.000191 seconds.
  path: Assets/Asset Packs/Universal Gold Icons Sample/T_scroll_NOBG.png
  artifactKey: Guid(a1ec2c0ddc0da634b85f0f465fec2d0d) Importer(815301076,1909f56bfc062723c751e8b465ee728b)
Start importing Assets/Asset Packs/Universal Gold Icons Sample/T_scroll_NOBG.png using Guid(a1ec2c0ddc0da634b85f0f465fec2d0d) Importer(815301076,1909f56bfc062723c751e8b465ee728b)  -> (artifact id: 'addfc39b04f1364d7de0f7d598f1f1be') in 0.065253 seconds
  Import took 0.085431 seconds .

========================================================================
Received Import Request.
  Time since last request: 0.000194 seconds.
  path: Assets/Asset Packs/Fantasy RPG UI Sample/UI/Parts/InventoryButton_shield.png
  artifactKey: Guid(f059877565627d540b227f396ad9e568) Importer(815301076,1909f56bfc062723c751e8b465ee728b)
Start importing Assets/Asset Packs/Fantasy RPG UI Sample/UI/Parts/InventoryButton_shield.png using Guid(f059877565627d540b227f396ad9e568) Importer(815301076,1909f56bfc062723c751e8b465ee728b)  -> (artifact id: 'e8e96eb0f6d8f8b4acb432e0e54b2069') in 0.071696 seconds
  Import took 0.095963 seconds .

========================================================================
Received Import Request.
  Time since last request: 0.000188 seconds.
  path: Assets/Asset Packs/Fantasy RPG UI Sample/UI/Parts/InventoryButton_gloves.png
  artifactKey: Guid(88f4bdad502a13449abc596e59f840e1) Importer(815301076,1909f56bfc062723c751e8b465ee728b)
Start importing Assets/Asset Packs/Fantasy RPG UI Sample/UI/Parts/InventoryButton_gloves.png using Guid(88f4bdad502a13449abc596e59f840e1) Importer(815301076,1909f56bfc062723c751e8b465ee728b)  -> (artifact id: '4cb4f7824adcc88e1898844da93630c8') in 0.041105 seconds
  Import took 0.047446 seconds .

========================================================================
Received Import Request.
  Time since last request: 0.000216 seconds.
  path: Assets/Asset Packs/Fantasy RPG UI Sample/UI/Update 1.1/ScrollingLine_Long_size.png
  artifactKey: Guid(60c5bf086c2c2bb47b102c308265ad89) Importer(815301076,1909f56bfc062723c751e8b465ee728b)
Start importing Assets/Asset Packs/Fantasy RPG UI Sample/UI/Update 1.1/ScrollingLine_Long_size.png using Guid(60c5bf086c2c2bb47b102c308265ad89) Importer(815301076,1909f56bfc062723c751e8b465ee728b)  -> (artifact id: '1fb4c5fe9442e58a34cb209df3774910') in 0.035821 seconds
  Import took 0.072493 seconds .

========================================================================
Received Import Request.
  Time since last request: 0.000229 seconds.
  path: Assets/Asset Packs/Universal Gold Icons Sample/T_Head_01_Nobg.png
  artifactKey: Guid(7a704c5f161380f438bfabaf93560dc3) Importer(815301076,1909f56bfc062723c751e8b465ee728b)
Start importing Assets/Asset Packs/Universal Gold Icons Sample/T_Head_01_Nobg.png using Guid(7a704c5f161380f438bfabaf93560dc3) Importer(815301076,1909f56bfc062723c751e8b465ee728b)  -> (artifact id: '79f33c922de0f95a27a191fdba61a6f6') in 0.062491 seconds
  Import took 0.078799 seconds .

========================================================================
Received Import Request.
  Time since last request: 0.000213 seconds.
  path: Assets/Asset Packs/Fantasy RPG UI Sample/UI/Parts/FRAME_right-top.png
  artifactKey: Guid(1617354d4f199c540b6a9b38e564d343) Importer(815301076,1909f56bfc062723c751e8b465ee728b)
Start importing Assets/Asset Packs/Fantasy RPG UI Sample/UI/Parts/FRAME_right-top.png using Guid(1617354d4f199c540b6a9b38e564d343) Importer(815301076,1909f56bfc062723c751e8b465ee728b)  -> (artifact id: '065fa522036eaabe304072c887be13b4') in 0.064401 seconds
  Import took 0.070918 seconds .

========================================================================
Received Import Request.
  Time since last request: 0.000217 seconds.
  path: Assets/Asset Packs/Universal Gold Icons Sample/T_Boots_1_b_nobg.png
  artifactKey: Guid(53f59e0f1e337114a9de3d4cdfae9210) Importer(815301076,1909f56bfc062723c751e8b465ee728b)
Start importing Assets/Asset Packs/Universal Gold Icons Sample/T_Boots_1_b_nobg.png using Guid(53f59e0f1e337114a9de3d4cdfae9210) Importer(815301076,1909f56bfc062723c751e8b465ee728b)  -> (artifact id: '928549958471819c95d42a2c1e3ab19d') in 0.059043 seconds
  Import took 0.079776 seconds .

========================================================================
Received Import Request.
  Time since last request: 0.000188 seconds.
  path: Assets/Asset Packs/Fantasy RPG UI Sample/UI/Update 1.1/Power_icon.png
  artifactKey: Guid(9415af11d73bb804c8d24343e1351132) Importer(815301076,1909f56bfc062723c751e8b465ee728b)
Start importing Assets/Asset Packs/Fantasy RPG UI Sample/UI/Update 1.1/Power_icon.png using Guid(9415af11d73bb804c8d24343e1351132) Importer(815301076,1909f56bfc062723c751e8b465ee728b)  -> (artifact id: '319136b9150292ef5f2c4556d56e46f0') in 0.037450 seconds
  Import took 0.049244 seconds .

========================================================================
Received Import Request.
  Time since last request: 0.000195 seconds.
  path: Assets/Asset Packs/Fantasy RPG UI Sample/UI/Parts/Background_06.png
  artifactKey: Guid(ff128f70cb401434da05bb746522f40d) Importer(815301076,1909f56bfc062723c751e8b465ee728b)
Start importing Assets/Asset Packs/Fantasy RPG UI Sample/UI/Parts/Background_06.png using Guid(ff128f70cb401434da05bb746522f40d) Importer(815301076,1909f56bfc062723c751e8b465ee728b)  -> (artifact id: 'adc56150a7601380966777a4cf230422') in 0.062007 seconds
  Import took 0.069580 seconds .

========================================================================
Received Import Request.
  Time since last request: 0.000198 seconds.
  path: Assets/Asset Packs/Fantasy RPG UI Sample/UI/Parts/Button_05.png
  artifactKey: Guid(83069f538d9e0604a8bed52715d594c0) Importer(815301076,1909f56bfc062723c751e8b465ee728b)
Start importing Assets/Asset Packs/Fantasy RPG UI Sample/UI/Parts/Button_05.png using Guid(83069f538d9e0604a8bed52715d594c0) Importer(815301076,1909f56bfc062723c751e8b465ee728b)  -> (artifact id: '8c5b5589049efabf09a17e1c50cf9f7b') in 0.045384 seconds
  Import took 0.056070 seconds .

========================================================================
Received Import Request.
  Time since last request: 0.000467 seconds.
  path: Assets/Asset Packs/Universal Gold Icons Sample/T_Hammer_01_Nobg.png
  artifactKey: Guid(ec22508be0cdfba4abbaeb770bef08aa) Importer(815301076,1909f56bfc062723c751e8b465ee728b)
Start importing Assets/Asset Packs/Universal Gold Icons Sample/T_Hammer_01_Nobg.png using Guid(ec22508be0cdfba4abbaeb770bef08aa) Importer(815301076,1909f56bfc062723c751e8b465ee728b)  -> (artifact id: '97a5169e12f9d7ddad2e7982ecb0da07') in 0.110654 seconds
  Import took 0.137716 seconds .

========================================================================
Received Import Request.
  Time since last request: 0.000235 seconds.
  path: Assets/Asset Packs/Fantasy RPG UI Sample/UI/Update 1.2/Button_23_On.png
  artifactKey: Guid(43343cc13a117cc4880361e6ceb31566) Importer(815301076,1909f56bfc062723c751e8b465ee728b)
Start importing Assets/Asset Packs/Fantasy RPG UI Sample/UI/Update 1.2/Button_23_On.png using Guid(43343cc13a117cc4880361e6ceb31566) Importer(815301076,1909f56bfc062723c751e8b465ee728b)  -> (artifact id: 'c263b4996102a3a66c56be7899e0ccf8') in 0.045904 seconds
  Import took 0.062469 seconds .

========================================================================
Received Import Request.
  Time since last request: 0.000523 seconds.
  path: Assets/Asset Packs/Fantasy RPG UI Sample/UI/Update 1.1/Armor_icon.png
  artifactKey: Guid(65d466afcff75fa428a0b237f81846d6) Importer(815301076,1909f56bfc062723c751e8b465ee728b)
Start importing Assets/Asset Packs/Fantasy RPG UI Sample/UI/Update 1.1/Armor_icon.png using Guid(65d466afcff75fa428a0b237f81846d6) Importer(815301076,1909f56bfc062723c751e8b465ee728b)  -> (artifact id: '325bccf65ac6f93f9bd3dfc52a60302b') in 0.052823 seconds
  Import took 0.066049 seconds .

========================================================================
Received Import Request.
  Time since last request: 0.000060 seconds.
  path: Assets/Asset Packs/Fantasy RPG UI Sample/UI/Parts/FRAME_right-bot.png
  artifactKey: Guid(b8df0dbac0428da459f90e9850cf44b4) Importer(815301076,1909f56bfc062723c751e8b465ee728b)
Start importing Assets/Asset Packs/Fantasy RPG UI Sample/UI/Parts/FRAME_right-bot.png using Guid(b8df0dbac0428da459f90e9850cf44b4) Importer(815301076,1909f56bfc062723c751e8b465ee728b)  -> (artifact id: '1620c8049788abf8bb304885718540a0') in 0.047334 seconds
  Import took 0.060509 seconds .

========================================================================
Received Import Request.
  Time since last request: 0.000184 seconds.
  path: Assets/Asset Packs/Universal Gold Icons Sample/Potion_01(Purple)_No BG.png
  artifactKey: Guid(f1dd815974b2d4240a6bc912d6585497) Importer(815301076,1909f56bfc062723c751e8b465ee728b)
Start importing Assets/Asset Packs/Universal Gold Icons Sample/Potion_01(Purple)_No BG.png using Guid(f1dd815974b2d4240a6bc912d6585497) Importer(815301076,1909f56bfc062723c751e8b465ee728b)  -> (artifact id: '12b59eccf00ab2e19d4bdce55b85f8f4') in 0.069022 seconds
  Import took 0.093897 seconds .

========================================================================
Received Import Request.
  Time since last request: 0.000183 seconds.
  path: Assets/Asset Packs/Fantasy RPG UI Sample/UI/Parts/InventoryButton_neck.png
  artifactKey: Guid(a2460e188fc1efb418ac53fa2715c6e7) Importer(815301076,1909f56bfc062723c751e8b465ee728b)
Start importing Assets/Asset Packs/Fantasy RPG UI Sample/UI/Parts/InventoryButton_neck.png using Guid(a2460e188fc1efb418ac53fa2715c6e7) Importer(815301076,1909f56bfc062723c751e8b465ee728b)  -> (artifact id: 'cdd855f24a190f5cdbab80ca44080165') in 0.046004 seconds
  Import took 0.052326 seconds .

========================================================================
Received Import Request.
  Time since last request: 0.000186 seconds.
  path: Assets/Asset Packs/Universal Gold Icons Sample/T_Gloves_02_Nobg.png
  artifactKey: Guid(f8078c2bb5ee88d4a9472f76e501e0f3) Importer(815301076,1909f56bfc062723c751e8b465ee728b)
Start importing Assets/Asset Packs/Universal Gold Icons Sample/T_Gloves_02_Nobg.png using Guid(f8078c2bb5ee88d4a9472f76e501e0f3) Importer(815301076,1909f56bfc062723c751e8b465ee728b)  -> (artifact id: 'dba72debf846934616c5bdf5b28165df') in 0.041193 seconds
  Import took 0.049541 seconds .

========================================================================
Received Import Request.
  Time since last request: 0.000193 seconds.
  path: Assets/Asset Packs/Fantasy RPG UI Sample/UI/Parts/InventoryButton_boots.png
  artifactKey: Guid(cfa037d9ad8881747b6188967698d6ca) Importer(815301076,1909f56bfc062723c751e8b465ee728b)
Start importing Assets/Asset Packs/Fantasy RPG UI Sample/UI/Parts/InventoryButton_boots.png using Guid(cfa037d9ad8881747b6188967698d6ca) Importer(815301076,1909f56bfc062723c751e8b465ee728b)  -> (artifact id: '69392ca9fc0ac5fb1def0a82a21332ad') in 0.045268 seconds
  Import took 0.064001 seconds .

========================================================================
Received Import Request.
  Time since last request: 0.000190 seconds.
  path: Assets/Asset Packs/Fantasy RPG UI Sample/UI/Parts/FRAME_right.png
  artifactKey: Guid(bfc47da5ded1ffa4c9743736e7968b5f) Importer(815301076,1909f56bfc062723c751e8b465ee728b)
Start importing Assets/Asset Packs/Fantasy RPG UI Sample/UI/Parts/FRAME_right.png using Guid(bfc47da5ded1ffa4c9743736e7968b5f) Importer(815301076,1909f56bfc062723c751e8b465ee728b)  -> (artifact id: 'e824d58e485b731b7b5a2728f2fc0a8c') in 0.047561 seconds
  Import took 0.059066 seconds .

========================================================================
Received Import Request.
  Time since last request: 0.000338 seconds.
  path: Assets/Asset Packs/Universal Gold Icons Sample/T_Chest_04_Nobg.png
  artifactKey: Guid(7bcee3dac4c974d43b329ee45aef4c99) Importer(815301076,1909f56bfc062723c751e8b465ee728b)
Start importing Assets/Asset Packs/Universal Gold Icons Sample/T_Chest_04_Nobg.png using Guid(7bcee3dac4c974d43b329ee45aef4c99) Importer(815301076,1909f56bfc062723c751e8b465ee728b)  -> (artifact id: '1a7f37239f12e1512c90e5e053754e52') in 0.063258 seconds
  Import took 0.090291 seconds .

========================================================================
Received Import Request.
  Time since last request: 0.000358 seconds.
  path: Assets/Asset Packs/Fantasy RPG UI Sample/UI/Parts/Button_11.png
  artifactKey: Guid(5ddf9f0620390bf4db1980ca2abb5df4) Importer(815301076,1909f56bfc062723c751e8b465ee728b)
Start importing Assets/Asset Packs/Fantasy RPG UI Sample/UI/Parts/Button_11.png using Guid(5ddf9f0620390bf4db1980ca2abb5df4) Importer(815301076,1909f56bfc062723c751e8b465ee728b)  -> (artifact id: '37130795edb50d215f6436b5a7a6cc07') in 0.034346 seconds
  Import took 0.059834 seconds .

========================================================================
Received Import Request.
  Time since last request: 0.000220 seconds.
  path: Assets/Asset Packs/Fantasy RPG UI Sample/UI/Parts/InventoryButton_pants.png
  artifactKey: Guid(ee69c6bad6679564ca603179e243f448) Importer(815301076,1909f56bfc062723c751e8b465ee728b)
Start importing Assets/Asset Packs/Fantasy RPG UI Sample/UI/Parts/InventoryButton_pants.png using Guid(ee69c6bad6679564ca603179e243f448) Importer(815301076,1909f56bfc062723c751e8b465ee728b)  -> (artifact id: '4bdf29c8b3fa2e5b40299bc6ddb46982') in 0.033503 seconds
  Import took 0.044260 seconds .

========================================================================
Received Import Request.
  Time since last request: 0.000172 seconds.
  path: Assets/Asset Packs/Fantasy RPG UI Sample/UI/Parts/FRAME_top.png
  artifactKey: Guid(5e4901665d74ae04b8716a7fd72b79eb) Importer(815301076,1909f56bfc062723c751e8b465ee728b)
Start importing Assets/Asset Packs/Fantasy RPG UI Sample/UI/Parts/FRAME_top.png using Guid(5e4901665d74ae04b8716a7fd72b79eb) Importer(815301076,1909f56bfc062723c751e8b465ee728b)  -> (artifact id: '4e69b5d9b96a4ccf66dc93740703f8a1') in 0.034346 seconds
  Import took 0.043641 seconds .

========================================================================
Received Import Request.
  Time since last request: 0.000198 seconds.
  path: Assets/Asset Packs/Fantasy RPG UI Sample/UI/Parts/InventoryButton_helm.png
  artifactKey: Guid(4c438a3604a96dd4d8990cc11b424f42) Importer(815301076,1909f56bfc062723c751e8b465ee728b)
Start importing Assets/Asset Packs/Fantasy RPG UI Sample/UI/Parts/InventoryButton_helm.png using Guid(4c438a3604a96dd4d8990cc11b424f42) Importer(815301076,1909f56bfc062723c751e8b465ee728b)  -> (artifact id: 'f19d6ae6e601af35dd3f2ec36157092b') in 0.046808 seconds
  Import took 0.053374 seconds .

========================================================================
Received Import Request.
  Time since last request: 0.000181 seconds.
  path: Assets/Asset Packs/Universal Gold Icons Sample/T_Pants_Nobg.png
  artifactKey: Guid(4e75d1909c6fd8844a31ebef4c5e3972) Importer(815301076,1909f56bfc062723c751e8b465ee728b)
Start importing Assets/Asset Packs/Universal Gold Icons Sample/T_Pants_Nobg.png using Guid(4e75d1909c6fd8844a31ebef4c5e3972) Importer(815301076,1909f56bfc062723c751e8b465ee728b)  -> (artifact id: 'be845e60541702300737442748ca8f1b') in 0.037694 seconds
  Import took 0.061387 seconds .

========================================================================
Received Import Request.
  Time since last request: 0.000324 seconds.
  path: Assets/Asset Packs/Fantasy RPG UI Sample/UI/Parts/FRAME_left-top.png
  artifactKey: Guid(2f64cca59b0b8ec4783635f53e9bbb9a) Importer(815301076,1909f56bfc062723c751e8b465ee728b)
Start importing Assets/Asset Packs/Fantasy RPG UI Sample/UI/Parts/FRAME_left-top.png using Guid(2f64cca59b0b8ec4783635f53e9bbb9a) Importer(815301076,1909f56bfc062723c751e8b465ee728b)  -> (artifact id: '564abc21f47ce431b954f7ec845526de') in 0.035137 seconds
  Import took 0.048846 seconds .

========================================================================
Received Import Request.
  Time since last request: 17.923597 seconds.
  path: Assets/Asset Packs/GameDev.tv Assets
  artifactKey: Guid(4435c5c96062124428d8f1c8982467db) Importer(815301076,1909f56bfc062723c751e8b465ee728b)
Start importing Assets/Asset Packs/GameDev.tv Assets using Guid(4435c5c96062124428d8f1c8982467db) Importer(815301076,1909f56bfc062723c751e8b465ee728b)  -> (artifact id: 'cb637bdc30fa3a5345e677c0fa0a5868') in 0.011716 seconds
  Import took 0.047672 seconds .

========================================================================
Received Import Request.
  Time since last request: 1.534053 seconds.
  path: Assets/Asset Packs/GameDev.tv Assets/UI
  artifactKey: Guid(222146f202cca444983c01c0801fad60) Importer(815301076,1909f56bfc062723c751e8b465ee728b)
Start importing Assets/Asset Packs/GameDev.tv Assets/UI using Guid(222146f202cca444983c01c0801fad60) Importer(815301076,1909f56bfc062723c751e8b465ee728b)  -> (artifact id: 'f670ec9ec44b127b11fa3aec0a2663cf') in 0.011413 seconds
  Import took 0.030408 seconds .

========================================================================
Received Import Request.
  Time since last request: 55.295840 seconds.
  path: Assets/Scripts/UI/DamageText
  artifactKey: Guid(9f85d6788d13eb04686a102a631ca58c) Importer(815301076,1909f56bfc062723c751e8b465ee728b)
Start importing Assets/Scripts/UI/DamageText using Guid(9f85d6788d13eb04686a102a631ca58c) Importer(815301076,1909f56bfc062723c751e8b465ee728b)  -> (artifact id: '4970fe4aba30e170da43821dd085e17a') in 0.009588 seconds
  Import took 0.039792 seconds .

========================================================================
Received Import Request.
  Time since last request: 38.686214 seconds.
  path: Assets/Game/UI/HUD.prefab
  artifactKey: Guid(dfa1fea09ce277e498151ff42e7211a0) Importer(815301076,1909f56bfc062723c751e8b465ee728b)
Start importing Assets/Game/UI/HUD.prefab using Guid(dfa1fea09ce277e498151ff42e7211a0) Importer(815301076,1909f56bfc062723c751e8b465ee728b)  -> (artifact id: '92acfdb940da16c0a5532a10aac72720') in 0.084595 seconds
  Import took 0.133567 seconds .

========================================================================
Received Import Request.
  Time since last request: 0.038466 seconds.
  path: Assets/Game/UI/HUD.prefab
  artifactKey: Guid(dfa1fea09ce277e498151ff42e7211a0) Importer(815301076,1909f56bfc062723c751e8b465ee728b)
Start importing Assets/Game/UI/HUD.prefab using Guid(dfa1fea09ce277e498151ff42e7211a0) Importer(815301076,1909f56bfc062723c751e8b465ee728b)  -> (artifact id: '92acfdb940da16c0a5532a10aac72720') in 0.008937 seconds
  Import took 0.024558 seconds .

========================================================================
Received Import Request.
  Time since last request: 1.111375 seconds.
  path: Assets/Game/UI/Inventory Canvas.prefab
  artifactKey: Guid(07dc30b6f1bbb4147acd5fd5555a18f5) Importer(815301076,1909f56bfc062723c751e8b465ee728b)
Start importing Assets/Game/UI/Inventory Canvas.prefab using Guid(07dc30b6f1bbb4147acd5fd5555a18f5) Importer(815301076,1909f56bfc062723c751e8b465ee728b)  -> (artifact id: '4f256bd3b98670caf3c60dd6a913c3b9') in 0.351774 seconds
  Import took 0.360034 seconds .

========================================================================
Received Import Request.
  Time since last request: 538.671527 seconds.
  path: Assets/Game/UI/Inventory
  artifactKey: Guid(81dffd7bb72db7449b6b635cb7049b9a) Importer(815301076,1909f56bfc062723c751e8b465ee728b)
Start importing Assets/Game/UI/Inventory using Guid(81dffd7bb72db7449b6b635cb7049b9a) Importer(815301076,1909f56bfc062723c751e8b465ee728b)  -> (artifact id: '1723c8b283cf2287732e342472088e76') in 0.024941 seconds
  Import took 0.043828 seconds .

========================================================================
Received Import Request.
  Time since last request: 2.661271 seconds.
  path: Assets/Game/UI/Inventory/ItemTooltip.prefab
  artifactKey: Guid(9ae64e5bbc82aa44fa6f44bf445d382a) Importer(815301076,1909f56bfc062723c751e8b465ee728b)
Start importing Assets/Game/UI/Inventory/ItemTooltip.prefab using Guid(9ae64e5bbc82aa44fa6f44bf445d382a) Importer(815301076,1909f56bfc062723c751e8b465ee728b)  -> (artifact id: 'e8fb9b942d42fd0e747a30f97963680a') in 0.043666 seconds
  Import took 0.050520 seconds .

========================================================================
Received Prepare
Registering precompiled user dll's ...
Registered in 0.002197 seconds.
Begin MonoManager ReloadAssembly
Native extension for WindowsStandalone target not found
Native extension for WebGL target not found
Refreshing native plugins compatible for Editor in 1.31 ms, found 0 plugins.
Preloading 0 native plugins for Editor in 0.00 ms.
Invoked RoslynAnalysisRunner static constructor.
RoslynAnalysisRunner will not be running.
RoslynAnalysisRunner has terminated.
Mono: successfully reloaded assembly
- Completed reload, in  1.716 seconds
Platform modules already initialized, skipping
Shader 'Universal Render Pipeline/Particles/Lit': fallback shader 'Universal Render Pipeline/Particles/SimpleLit' not found
Refreshing native plugins compatible for Editor in 2.95 ms, found 0 plugins.
Preloading 0 native plugins for Editor in 0.00 ms.
Unloading 2245 Unused Serialized files (Serialized files now loaded: 0)
System memory in use before: 152.0 MB.
System memory in use after: 152.2 MB.

Unloading 5 unused Assets to reduce memory usage. Loaded Objects now: 2918.
Total: 2.987700 ms (FindLiveObjects: 0.295600 ms CreateObjectMapping: 0.114700 ms MarkObjects: 2.416200 ms  DeleteObjects: 0.159700 ms)

========================================================================
Received Prepare
Registering precompiled user dll's ...
Registered in 0.001855 seconds.
Begin MonoManager ReloadAssembly
Native extension for WindowsStandalone target not found
Native extension for WebGL target not found
Refreshing native plugins compatible for Editor in 1.95 ms, found 0 plugins.
Preloading 0 native plugins for Editor in 0.00 ms.
Invoked RoslynAnalysisRunner static constructor.
RoslynAnalysisRunner will not be running.
RoslynAnalysisRunner has terminated.
Mono: successfully reloaded assembly
- Completed reload, in  1.546 seconds
Platform modules already initialized, skipping
Shader 'Universal Render Pipeline/Particles/Lit': fallback shader 'Universal Render Pipeline/Particles/SimpleLit' not found
Refreshing native plugins compatible for Editor in 1.54 ms, found 0 plugins.
Preloading 0 native plugins for Editor in 0.00 ms.
Unloading 2245 Unused Serialized files (Serialized files now loaded: 0)
System memory in use before: 152.1 MB.
System memory in use after: 152.3 MB.

Unloading 3 unused Assets to reduce memory usage. Loaded Objects now: 2918.
Total: 5.033100 ms (FindLiveObjects: 0.964900 ms CreateObjectMapping: 0.440700 ms MarkObjects: 3.473000 ms  DeleteObjects: 0.151100 ms)

========================================================================
Received Prepare
Registering precompiled user dll's ...
Registered in 0.001960 seconds.
Begin MonoManager ReloadAssembly
Native extension for WindowsStandalone target not found
Native extension for WebGL target not found
Refreshing native plugins compatible for Editor in 1.20 ms, found 0 plugins.
Preloading 0 native plugins for Editor in 0.00 ms.
Invoked RoslynAnalysisRunner static constructor.
RoslynAnalysisRunner will not be running.
RoslynAnalysisRunner has terminated.
Mono: successfully reloaded assembly
- Completed reload, in  1.084 seconds
Platform modules already initialized, skipping
Shader 'Universal Render Pipeline/Particles/Lit': fallback shader 'Universal Render Pipeline/Particles/SimpleLit' not found
Refreshing native plugins compatible for Editor in 1.19 ms, found 0 plugins.
Preloading 0 native plugins for Editor in 0.00 ms.
Unloading 2245 Unused Serialized files (Serialized files now loaded: 0)
System memory in use before: 152.1 MB.
System memory in use after: 152.3 MB.

Unloading 3 unused Assets to reduce memory usage. Loaded Objects now: 2918.
Total: 2.935700 ms (FindLiveObjects: 0.304700 ms CreateObjectMapping: 0.116200 ms MarkObjects: 2.380700 ms  DeleteObjects: 0.132200 ms)

========================================================================
Received Prepare
Registering precompiled user dll's ...
Registered in 0.002939 seconds.
Begin MonoManager ReloadAssembly
Native extension for WindowsStandalone target not found
Native extension for WebGL target not found
Refreshing native plugins compatible for Editor in 1.89 ms, found 0 plugins.
Preloading 0 native plugins for Editor in 0.00 ms.
Invoked RoslynAnalysisRunner static constructor.
RoslynAnalysisRunner will not be running.
RoslynAnalysisRunner has terminated.
Mono: successfully reloaded assembly
- Completed reload, in  1.342 seconds
Platform modules already initialized, skipping
Shader 'Universal Render Pipeline/Particles/Lit': fallback shader 'Universal Render Pipeline/Particles/SimpleLit' not found
Refreshing native plugins compatible for Editor in 7.36 ms, found 0 plugins.
Preloading 0 native plugins for Editor in 0.00 ms.
Unloading 2245 Unused Serialized files (Serialized files now loaded: 0)
System memory in use before: 152.1 MB.
System memory in use after: 152.3 MB.

Unloading 3 unused Assets to reduce memory usage. Loaded Objects now: 2918.
Total: 7.038000 ms (FindLiveObjects: 1.429600 ms CreateObjectMapping: 1.056900 ms MarkObjects: 4.420000 ms  DeleteObjects: 0.128900 ms)

========================================================================
Received Prepare
Registering precompiled user dll's ...
Registered in 0.002102 seconds.
Begin MonoManager ReloadAssembly
Native extension for WindowsStandalone target not found
Native extension for WebGL target not found
Refreshing native plugins compatible for Editor in 1.36 ms, found 0 plugins.
Preloading 0 native plugins for Editor in 0.00 ms.
Invoked RoslynAnalysisRunner static constructor.
RoslynAnalysisRunner will not be running.
RoslynAnalysisRunner has terminated.
Mono: successfully reloaded assembly
- Completed reload, in  1.600 seconds
Platform modules already initialized, skipping
Shader 'Universal Render Pipeline/Particles/Lit': fallback shader 'Universal Render Pipeline/Particles/SimpleLit' not found
Refreshing native plugins compatible for Editor in 2.74 ms, found 0 plugins.
Preloading 0 native plugins for Editor in 0.00 ms.
Unloading 2245 Unused Serialized files (Serialized files now loaded: 0)
System memory in use before: 152.1 MB.
System memory in use after: 152.3 MB.

Unloading 3 unused Assets to reduce memory usage. Loaded Objects now: 2918.
Total: 7.016600 ms (FindLiveObjects: 0.840800 ms CreateObjectMapping: 1.843200 ms MarkObjects: 4.111500 ms  DeleteObjects: 0.217300 ms)

========================================================================
Received Prepare
Registering precompiled user dll's ...
Registered in 0.002316 seconds.
Begin MonoManager ReloadAssembly
Native extension for WindowsStandalone target not found
Native extension for WebGL target not found
Refreshing native plugins compatible for Editor in 2.75 ms, found 0 plugins.
Preloading 0 native plugins for Editor in 0.00 ms.
Invoked RoslynAnalysisRunner static constructor.
RoslynAnalysisRunner will not be running.
RoslynAnalysisRunner has terminated.
Mono: successfully reloaded assembly
- Completed reload, in  1.387 seconds
Platform modules already initialized, skipping
Shader 'Universal Render Pipeline/Particles/Lit': fallback shader 'Universal Render Pipeline/Particles/SimpleLit' not found
Refreshing native plugins compatible for Editor in 2.45 ms, found 0 plugins.
Preloading 0 native plugins for Editor in 0.00 ms.
Unloading 2245 Unused Serialized files (Serialized files now loaded: 0)
System memory in use before: 152.0 MB.
System memory in use after: 152.2 MB.

Unloading 3 unused Assets to reduce memory usage. Loaded Objects now: 2918.
Total: 5.322100 ms (FindLiveObjects: 0.503700 ms CreateObjectMapping: 0.394000 ms MarkObjects: 4.163200 ms  DeleteObjects: 0.258700 ms)

========================================================================
Received Import Request.
  Time since last request: 10012.365461 seconds.
  path: Assets/Game/Weapons/Resources/Fireball.asset
  artifactKey: Guid(d83f72d93673c6f4d960fa8d405803e0) Importer(815301076,1909f56bfc062723c751e8b465ee728b)
Start importing Assets/Game/Weapons/Resources/Fireball.asset using Guid(d83f72d93673c6f4d960fa8d405803e0) Importer(815301076,1909f56bfc062723c751e8b465ee728b)  -> (artifact id: 'b9e37c79dcd423ca618201063dce7d04') in 0.936859 seconds
  Import took 0.967711 seconds .

========================================================================
Received Import Request.
  Time since last request: 0.000332 seconds.
  path: Assets/Game/Weapons
  artifactKey: Guid(4a6d0ff554acadf4fbe65c7482b1fc10) Importer(815301076,1909f56bfc062723c751e8b465ee728b)
Start importing Assets/Game/Weapons using Guid(4a6d0ff554acadf4fbe65c7482b1fc10) Importer(815301076,1909f56bfc062723c751e8b465ee728b)  -> (artifact id: 'bcaf3494bf12e9744709b0af468cbeba') in 0.022905 seconds
  Import took 0.056597 seconds .

========================================================================
Received Import Request.
  Time since last request: 0.000327 seconds.
  path: Assets/Game/Weapons/Resources
  artifactKey: Guid(72935fd43859f9641b871cafb49d4e2d) Importer(815301076,1909f56bfc062723c751e8b465ee728b)
Start importing Assets/Game/Weapons/Resources using Guid(72935fd43859f9641b871cafb49d4e2d) Importer(815301076,1909f56bfc062723c751e8b465ee728b)  -> (artifact id: 'ce303b8c9b986167ce81e114db4a7d3e') in 0.018255 seconds
  Import took 0.042370 seconds .

========================================================================
Received Import Request.
  Time since last request: 22.303497 seconds.
  path: Assets/Game/Weapons/Resources/Bow Blue Projectile.asset
  artifactKey: Guid(9f7f0e82b39676942a21cbab336eddf0) Importer(815301076,1909f56bfc062723c751e8b465ee728b)
Start importing Assets/Game/Weapons/Resources/Bow Blue Projectile.asset using Guid(9f7f0e82b39676942a21cbab336eddf0) Importer(815301076,1909f56bfc062723c751e8b465ee728b)  -> (artifact id: '5ffb5b692e4d4bcaba9b2eeeda28f051') in 0.218834 seconds
  Import took 0.252063 seconds .

========================================================================
Received Import Request.
  Time since last request: 0.001475 seconds.
  path: Assets/Game/Weapons/Resources/Bow Blue Projectile.asset
  artifactKey: Guid(9f7f0e82b39676942a21cbab336eddf0) Importer(815301076,1909f56bfc062723c751e8b465ee728b)
Start importing Assets/Game/Weapons/Resources/Bow Blue Projectile.asset using Guid(9f7f0e82b39676942a21cbab336eddf0) Importer(815301076,1909f56bfc062723c751e8b465ee728b)  -> (artifact id: '5ffb5b692e4d4bcaba9b2eeeda28f051') in 0.047999 seconds
  Import took 0.054693 seconds .

========================================================================
Received Import Request.
  Time since last request: 4.451473 seconds.
  path: Assets/Game/Weapons/Resources/Bow Red Projectile.asset
  artifactKey: Guid(bc17f8b2b8754a94a996479be8919617) Importer(815301076,1909f56bfc062723c751e8b465ee728b)
Start importing Assets/Game/Weapons/Resources/Bow Red Projectile.asset using Guid(bc17f8b2b8754a94a996479be8919617) Importer(815301076,1909f56bfc062723c751e8b465ee728b)  -> (artifact id: '8d7cd3880f6c068a91b93b9b5fb78d0a') in 0.061406 seconds
  Import took 0.078488 seconds .

========================================================================
Received Import Request.
  Time since last request: 14.985797 seconds.
  path: Assets/Game/Weapons/Resources/Sword.asset
  artifactKey: Guid(cbfae5dc8d2d20f47bf04f811dac9cc8) Importer(815301076,1909f56bfc062723c751e8b465ee728b)
Start importing Assets/Game/Weapons/Resources/Sword.asset using Guid(cbfae5dc8d2d20f47bf04f811dac9cc8) Importer(815301076,1909f56bfc062723c751e8b465ee728b)  -> (artifact id: '5027ee04760dd3a9e96e8b601d3e787e') in 0.134991 seconds
  Import took 0.142569 seconds .

========================================================================
Received Import Request.
  Time since last request: 446.974641 seconds.
  path: Assets/Game/Pickups/RootPickup.prefab
  artifactKey: Guid(8b1e882c0907a874b9d83513a508418e) Importer(815301076,1909f56bfc062723c751e8b465ee728b)
Start importing Assets/Game/Pickups/RootPickup.prefab using Guid(8b1e882c0907a874b9d83513a508418e) Importer(815301076,1909f56bfc062723c751e8b465ee728b)  -> (artifact id: '3c4e9364178464f5447420878b6d0526') in 1.654379 seconds
  Import took 1.723735 seconds .

========================================================================
Received Import Request.
  Time since last request: 7.607615 seconds.
  path: Assets/Game/Pickups/Root Weapon Pickup.prefab
  artifactKey: Guid(8b1e882c0907a874b9d83513a508418e) Importer(815301076,1909f56bfc062723c751e8b465ee728b)
Start importing Assets/Game/Pickups/Root Weapon Pickup.prefab using Guid(8b1e882c0907a874b9d83513a508418e) Importer(815301076,1909f56bfc062723c751e8b465ee728b)  -> (artifact id: 'e4aa8229ea0c57d87f7b68d84da628a7') in 0.035075 seconds
  Import took 0.077031 seconds .

========================================================================
Received Import Request.
  Time since last request: 317.397198 seconds.
  path: Assets/Game/Pickups/BowPickUp.prefab
  artifactKey: Guid(7f64fb4ab11a76d439fe0f1c0dd47936) Importer(815301076,1909f56bfc062723c751e8b465ee728b)
Start importing Assets/Game/Pickups/BowPickUp.prefab using Guid(7f64fb4ab11a76d439fe0f1c0dd47936) Importer(815301076,1909f56bfc062723c751e8b465ee728b)  -> (artifact id: '95a61c6ac41c2d89b4f665b51837f8fe') in 1.227873 seconds
  Import took 1.258279 seconds .

========================================================================
Received Import Request.
  Time since last request: 0.000524 seconds.
  path: Assets/Game/Pickups/FireballPickup.prefab
  artifactKey: Guid(c632aea5ad1392648ac4ef061ba8339a) Importer(815301076,1909f56bfc062723c751e8b465ee728b)
Start importing Assets/Game/Pickups/FireballPickup.prefab using Guid(c632aea5ad1392648ac4ef061ba8339a) Importer(815301076,1909f56bfc062723c751e8b465ee728b)  -> (artifact id: '63616138fee1d949e2c76afd8ab07445') in 0.467397 seconds
  Import took 0.502030 seconds .

========================================================================
Received Import Request.
  Time since last request: 0.000359 seconds.
  path: Assets/Game/Pickups/Root Weapon Pickup.prefab
  artifactKey: Guid(8b1e882c0907a874b9d83513a508418e) Importer(815301076,1909f56bfc062723c751e8b465ee728b)
Start importing Assets/Game/Pickups/Root Weapon Pickup.prefab using Guid(8b1e882c0907a874b9d83513a508418e) Importer(815301076,1909f56bfc062723c751e8b465ee728b)  -> (artifact id: '42fc82bc673f0085270af75438e63f54') in 0.005250 seconds
  Import took 0.013929 seconds .

========================================================================
Received Import Request.
  Time since last request: 0.000333 seconds.
  path: Assets/Game/Pickups/SwordPickUp.prefab
  artifactKey: Guid(80f35bbe84436914d86d8457f86fde27) Importer(815301076,1909f56bfc062723c751e8b465ee728b)
Start importing Assets/Game/Pickups/SwordPickUp.prefab using Guid(80f35bbe84436914d86d8457f86fde27) Importer(815301076,1909f56bfc062723c751e8b465ee728b)  -> (artifact id: '9b9b31fab16072983d3a9e8a1b7ae2b1') in 0.063387 seconds
  Import took 0.087525 seconds .

========================================================================
Received Import Request.
  Time since last request: 0.000309 seconds.
  path: Assets/Game/Pickups/PickUpSpawner.prefab
  artifactKey: Guid(a8ed4595a252ad44e8f8f90f63ab570b) Importer(815301076,1909f56bfc062723c751e8b465ee728b)
Start importing Assets/Game/Pickups/PickUpSpawner.prefab using Guid(a8ed4595a252ad44e8f8f90f63ab570b) Importer(815301076,1909f56bfc062723c751e8b465ee728b)  -> (artifact id: '8cbc8a18d06fb1c213fdbac66c4bfed9') in 0.038329 seconds
  Import took 0.058344 seconds .

========================================================================
Received Import Request.
  Time since last request: 0.000305 seconds.
  path: Assets/Game/Pickups/HealthPickup.prefab
  artifactKey: Guid(375c5b219e1ce924392e963f041abd0b) Importer(815301076,1909f56bfc062723c751e8b465ee728b)
Start importing Assets/Game/Pickups/HealthPickup.prefab using Guid(375c5b219e1ce924392e963f041abd0b) Importer(815301076,1909f56bfc062723c751e8b465ee728b)  -> (artifact id: 'd36c7852ec79aa99a7d98d9c43788dca') in 0.056136 seconds
  Import took 0.079993 seconds .

========================================================================
Received Import Request.
  Time since last request: 0.000237 seconds.
  path: Assets/Game/Pickups/Default  Pickup.prefab
  artifactKey: Guid(a3bd829ff0848bb4eb8ec180ef904913) Importer(815301076,1909f56bfc062723c751e8b465ee728b)
Start importing Assets/Game/Pickups/Default  Pickup.prefab using Guid(a3bd829ff0848bb4eb8ec180ef904913) Importer(815301076,1909f56bfc062723c751e8b465ee728b)  -> (artifact id: 'c343d131c7ff29ef8022493da156e178') in 0.080494 seconds
  Import took 0.089398 seconds .

========================================================================
Received Import Request.
  Time since last request: 3.828678 seconds.
  path: Assets/Game/Weapons/Resources/Bow Blue Projectile.asset
  artifactKey: Guid(9f7f0e82b39676942a21cbab336eddf0) Importer(815301076,1909f56bfc062723c751e8b465ee728b)
Start importing Assets/Game/Weapons/Resources/Bow Blue Projectile.asset using Guid(9f7f0e82b39676942a21cbab336eddf0) Importer(815301076,1909f56bfc062723c751e8b465ee728b)  -> (artifact id: '341cc881b1be409b4897f53bfb67bce6') in 0.283823 seconds
  Import took 0.315235 seconds .

========================================================================
Received Import Request.
  Time since last request: 29.019819 seconds.
  path: Assets/Game/Weapons/Resources/Fireball.asset
  artifactKey: Guid(d83f72d93673c6f4d960fa8d405803e0) Importer(815301076,1909f56bfc062723c751e8b465ee728b)
Start importing Assets/Game/Weapons/Resources/Fireball.asset using Guid(d83f72d93673c6f4d960fa8d405803e0) Importer(815301076,1909f56bfc062723c751e8b465ee728b)  -> (artifact id: 'c49fe8f7e885678c7134c6378ee397d1') in 0.132458 seconds
  Import took 0.147774 seconds .

========================================================================
Received Import Request.
  Time since last request: 21.928415 seconds.
  path: Assets/Game/Weapons/Resources/Sword.asset
  artifactKey: Guid(cbfae5dc8d2d20f47bf04f811dac9cc8) Importer(815301076,1909f56bfc062723c751e8b465ee728b)
Start importing Assets/Game/Weapons/Resources/Sword.asset using Guid(cbfae5dc8d2d20f47bf04f811dac9cc8) Importer(815301076,1909f56bfc062723c751e8b465ee728b)  -> (artifact id: '8be303d3fca5715c15a5d98c5a32f41d') in 0.111340 seconds
  Import took 0.140851 seconds .

========================================================================
Received Prepare
Registering precompiled user dll's ...
Registered in 0.001940 seconds.
Begin MonoManager ReloadAssembly
Native extension for WindowsStandalone target not found
Native extension for WebGL target not found
Refreshing native plugins compatible for Editor in 1.25 ms, found 0 plugins.
Preloading 0 native plugins for Editor in 0.00 ms.
Invoked RoslynAnalysisRunner static constructor.
RoslynAnalysisRunner will not be running.
RoslynAnalysisRunner has terminated.
Mono: successfully reloaded assembly
- Completed reload, in  1.394 seconds
Platform modules already initialized, skipping
Shader 'Universal Render Pipeline/Particles/Lit': fallback shader 'Universal Render Pipeline/Particles/SimpleLit' not found
Refreshing native plugins compatible for Editor in 2.77 ms, found 0 plugins.
Preloading 0 native plugins for Editor in 0.00 ms.
Unloading 2245 Unused Serialized files (Serialized files now loaded: 0)
System memory in use before: 152.3 MB.
System memory in use after: 152.5 MB.

Unloading 3 unused Assets to reduce memory usage. Loaded Objects now: 2955.
Total: 3.955600 ms (FindLiveObjects: 0.398400 ms CreateObjectMapping: 0.180200 ms MarkObjects: 3.068600 ms  DeleteObjects: 0.305000 ms)

========================================================================
Received Prepare
Registering precompiled user dll's ...
Registered in 0.002552 seconds.
Begin MonoManager ReloadAssembly
Native extension for WindowsStandalone target not found
Native extension for WebGL target not found
Refreshing native plugins compatible for Editor in 1.73 ms, found 0 plugins.
Preloading 0 native plugins for Editor in 0.00 ms.
Invoked RoslynAnalysisRunner static constructor.
RoslynAnalysisRunner will not be running.
RoslynAnalysisRunner has terminated.
Mono: successfully reloaded assembly
- Completed reload, in  2.270 seconds
Platform modules already initialized, skipping
Shader 'Universal Render Pipeline/Particles/Lit': fallback shader 'Universal Render Pipeline/Particles/SimpleLit' not found
Refreshing native plugins compatible for Editor in 1.41 ms, found 0 plugins.
Preloading 0 native plugins for Editor in 0.00 ms.
Unloading 2245 Unused Serialized files (Serialized files now loaded: 0)
System memory in use before: 152.3 MB.
System memory in use after: 152.5 MB.

Unloading 3 unused Assets to reduce memory usage. Loaded Objects now: 2955.
Total: 6.025700 ms (FindLiveObjects: 0.418900 ms CreateObjectMapping: 0.485200 ms MarkObjects: 4.936100 ms  DeleteObjects: 0.182600 ms)

========================================================================
Received Prepare
Registering precompiled user dll's ...
Registered in 0.001988 seconds.
Begin MonoManager ReloadAssembly
Native extension for WindowsStandalone target not found
Native extension for WebGL target not found
Refreshing native plugins compatible for Editor in 2.40 ms, found 0 plugins.
Preloading 0 native plugins for Editor in 0.00 ms.
Invoked RoslynAnalysisRunner static constructor.
RoslynAnalysisRunner will not be running.
RoslynAnalysisRunner has terminated.
Mono: successfully reloaded assembly
- Completed reload, in  1.919 seconds
Platform modules already initialized, skipping
Shader 'Universal Render Pipeline/Particles/Lit': fallback shader 'Universal Render Pipeline/Particles/SimpleLit' not found
Refreshing native plugins compatible for Editor in 3.00 ms, found 0 plugins.
Preloading 0 native plugins for Editor in 0.00 ms.
Unloading 2245 Unused Serialized files (Serialized files now loaded: 0)
System memory in use before: 152.4 MB.
System memory in use after: 152.5 MB.

Unloading 3 unused Assets to reduce memory usage. Loaded Objects now: 2955.
Total: 11.786700 ms (FindLiveObjects: 1.513200 ms CreateObjectMapping: 1.993300 ms MarkObjects: 8.032000 ms  DeleteObjects: 0.245900 ms)

========================================================================
Received Import Request.
  Time since last request: 4997.425258 seconds.
  path: Assets/Game/Characters
  artifactKey: Guid(2fc6a805ea9ea114e8236c12cc9388dd) Importer(815301076,1909f56bfc062723c751e8b465ee728b)
Start importing Assets/Game/Characters using Guid(2fc6a805ea9ea114e8236c12cc9388dd) Importer(815301076,1909f56bfc062723c751e8b465ee728b)  -> (artifact id: '074c5985e1cc33b40993f6bf5fb90486') in 0.073342 seconds
  Import took 0.109508 seconds .

========================================================================
Received Import Request.
  Time since last request: 1.006467 seconds.
  path: Assets/Game/Characters/Non-HumanEnemies
  artifactKey: Guid(da0ecf2fd69b40841ad90e03a5bc7c56) Importer(815301076,1909f56bfc062723c751e8b465ee728b)
Start importing Assets/Game/Characters/Non-HumanEnemies using Guid(da0ecf2fd69b40841ad90e03a5bc7c56) Importer(815301076,1909f56bfc062723c751e8b465ee728b)  -> (artifact id: '208279613b2cca00ad8c88ef08da7364') in 0.010091 seconds
  Import took 0.017171 seconds .

========================================================================
Received Prepare
Registering precompiled user dll's ...
Registered in 0.001774 seconds.
Begin MonoManager ReloadAssembly
Native extension for WindowsStandalone target not found
Native extension for WebGL target not found
Refreshing native plugins compatible for Editor in 1.22 ms, found 0 plugins.
Preloading 0 native plugins for Editor in 0.00 ms.
Invoked RoslynAnalysisRunner static constructor.
RoslynAnalysisRunner will not be running.
RoslynAnalysisRunner has terminated.
Mono: successfully reloaded assembly
- Completed reload, in  1.086 seconds
Platform modules already initialized, skipping
Shader 'Universal Render Pipeline/Particles/Lit': fallback shader 'Universal Render Pipeline/Particles/SimpleLit' not found
Refreshing native plugins compatible for Editor in 1.42 ms, found 0 plugins.
Preloading 0 native plugins for Editor in 0.00 ms.
Unloading 2245 Unused Serialized files (Serialized files now loaded: 0)
System memory in use before: 152.4 MB.
System memory in use after: 152.5 MB.

Unloading 3 unused Assets to reduce memory usage. Loaded Objects now: 2955.
Total: 2.645000 ms (FindLiveObjects: 0.321900 ms CreateObjectMapping: 0.123400 ms MarkObjects: 2.062100 ms  DeleteObjects: 0.136600 ms)

========================================================================
Received Prepare
Registering precompiled user dll's ...
Registered in 0.002399 seconds.
Begin MonoManager ReloadAssembly
Native extension for WindowsStandalone target not found
Native extension for WebGL target not found
Refreshing native plugins compatible for Editor in 1.29 ms, found 0 plugins.
Preloading 0 native plugins for Editor in 0.00 ms.
Invoked RoslynAnalysisRunner static constructor.
RoslynAnalysisRunner will not be running.
RoslynAnalysisRunner has terminated.
Mono: successfully reloaded assembly
- Completed reload, in  1.074 seconds
Platform modules already initialized, skipping
Shader 'Universal Render Pipeline/Particles/Lit': fallback shader 'Universal Render Pipeline/Particles/SimpleLit' not found
Refreshing native plugins compatible for Editor in 1.37 ms, found 0 plugins.
Preloading 0 native plugins for Editor in 0.00 ms.
Unloading 2245 Unused Serialized files (Serialized files now loaded: 0)
System memory in use before: 152.3 MB.
System memory in use after: 152.4 MB.

Unloading 3 unused Assets to reduce memory usage. Loaded Objects now: 2955.
Total: 3.677700 ms (FindLiveObjects: 0.590200 ms CreateObjectMapping: 0.276100 ms MarkObjects: 2.611000 ms  DeleteObjects: 0.198700 ms)

========================================================================
Received Prepare
Registering precompiled user dll's ...
Registered in 0.002009 seconds.
Begin MonoManager ReloadAssembly
Native extension for WindowsStandalone target not found
Native extension for WebGL target not found
Refreshing native plugins compatible for Editor in 1.79 ms, found 0 plugins.
Preloading 0 native plugins for Editor in 0.00 ms.
Invoked RoslynAnalysisRunner static constructor.
RoslynAnalysisRunner will not be running.
RoslynAnalysisRunner has terminated.
Mono: successfully reloaded assembly
- Completed reload, in  1.100 seconds
Platform modules already initialized, skipping
Shader 'Universal Render Pipeline/Particles/Lit': fallback shader 'Universal Render Pipeline/Particles/SimpleLit' not found
Refreshing native plugins compatible for Editor in 1.27 ms, found 0 plugins.
Preloading 0 native plugins for Editor in 0.00 ms.
Unloading 2245 Unused Serialized files (Serialized files now loaded: 0)
System memory in use before: 152.4 MB.
System memory in use after: 152.5 MB.

Unloading 3 unused Assets to reduce memory usage. Loaded Objects now: 2955.
Total: 3.469600 ms (FindLiveObjects: 0.393400 ms CreateObjectMapping: 0.258000 ms MarkObjects: 2.639000 ms  DeleteObjects: 0.177300 ms)

========================================================================
Received Prepare
Registering precompiled user dll's ...
Registered in 0.002811 seconds.
Begin MonoManager ReloadAssembly
Native extension for WindowsStandalone target not found
Native extension for WebGL target not found
Refreshing native plugins compatible for Editor in 1.87 ms, found 0 plugins.
Preloading 0 native plugins for Editor in 0.00 ms.
Invoked RoslynAnalysisRunner static constructor.
RoslynAnalysisRunner will not be running.
RoslynAnalysisRunner has terminated.
Mono: successfully reloaded assembly
- Completed reload, in  1.459 seconds
Platform modules already initialized, skipping
Shader 'Universal Render Pipeline/Particles/Lit': fallback shader 'Universal Render Pipeline/Particles/SimpleLit' not found
Refreshing native plugins compatible for Editor in 1.38 ms, found 0 plugins.
Preloading 0 native plugins for Editor in 0.00 ms.
Unloading 2245 Unused Serialized files (Serialized files now loaded: 0)
System memory in use before: 152.4 MB.
System memory in use after: 152.5 MB.

Unloading 3 unused Assets to reduce memory usage. Loaded Objects now: 2955.
Total: 6.211600 ms (FindLiveObjects: 0.581200 ms CreateObjectMapping: 0.295100 ms MarkObjects: 5.067900 ms  DeleteObjects: 0.264900 ms)

========================================================================
Received Prepare
Registering precompiled user dll's ...
Registered in 0.002214 seconds.
Begin MonoManager ReloadAssembly
Native extension for WindowsStandalone target not found
Native extension for WebGL target not found
Refreshing native plugins compatible for Editor in 1.24 ms, found 0 plugins.
Preloading 0 native plugins for Editor in 0.00 ms.
Invoked RoslynAnalysisRunner static constructor.
RoslynAnalysisRunner will not be running.
RoslynAnalysisRunner has terminated.
Mono: successfully reloaded assembly
- Completed reload, in  1.026 seconds
Platform modules already initialized, skipping
Shader 'Universal Render Pipeline/Particles/Lit': fallback shader 'Universal Render Pipeline/Particles/SimpleLit' not found
Refreshing native plugins compatible for Editor in 1.36 ms, found 0 plugins.
Preloading 0 native plugins for Editor in 0.00 ms.
Unloading 2245 Unused Serialized files (Serialized files now loaded: 0)
System memory in use before: 152.4 MB.
System memory in use after: 152.5 MB.

Unloading 3 unused Assets to reduce memory usage. Loaded Objects now: 2955.
Total: 3.155100 ms (FindLiveObjects: 0.396700 ms CreateObjectMapping: 0.252800 ms MarkObjects: 2.377700 ms  DeleteObjects: 0.126500 ms)

========================================================================
Received Import Request.
  Time since last request: 755.058649 seconds.
  path: Assets/Asset Packs/GameDev.tv Assets/Sprites
  artifactKey: Guid(98c330f511be9504697fa4072b572184) Importer(815301076,1909f56bfc062723c751e8b465ee728b)
Start importing Assets/Asset Packs/GameDev.tv Assets/Sprites using Guid(98c330f511be9504697fa4072b572184) Importer(815301076,1909f56bfc062723c751e8b465ee728b)  -> (artifact id: '8172a05ad769c17dcefb4af72444d0dc') in 0.028341 seconds
  Import took 0.048135 seconds .

========================================================================
Received Import Request.
  Time since last request: 3.359950 seconds.
  path: Assets/Asset Packs/GameDev.tv Assets/Rod of Death
  artifactKey: Guid(a21d3be60a2bfaa4bac1c86a23ab8632) Importer(815301076,1909f56bfc062723c751e8b465ee728b)
Start importing Assets/Asset Packs/GameDev.tv Assets/Rod of Death using Guid(a21d3be60a2bfaa4bac1c86a23ab8632) Importer(815301076,1909f56bfc062723c751e8b465ee728b)  -> (artifact id: 'a8defa672c5f371f34df005927f035ef') in 0.009455 seconds
  Import took 0.035351 seconds .

========================================================================
Received Import Request.
  Time since last request: 0.477170 seconds.
  path: Assets/Asset Packs/GameDev.tv Assets/Scripts
  artifactKey: Guid(85cc18905f286574f9dad015be0f0afc) Importer(815301076,1909f56bfc062723c751e8b465ee728b)
Start importing Assets/Asset Packs/GameDev.tv Assets/Scripts using Guid(85cc18905f286574f9dad015be0f0afc) Importer(815301076,1909f56bfc062723c751e8b465ee728b)  -> (artifact id: '8b5623596d9eef84f0c4d7d93c67d4a4') in 0.008772 seconds
  Import took 0.031502 seconds .

========================================================================
Received Import Request.
  Time since last request: 3.259459 seconds.
  path: Assets/Asset Packs/GameDev.tv Assets/Scripts/Inventories
  artifactKey: Guid(9c9defadb50f5104996b0a2f0fc8640f) Importer(815301076,1909f56bfc062723c751e8b465ee728b)
Start importing Assets/Asset Packs/GameDev.tv Assets/Scripts/Inventories using Guid(9c9defadb50f5104996b0a2f0fc8640f) Importer(815301076,1909f56bfc062723c751e8b465ee728b)  -> (artifact id: 'e432bb95997bd41f3c577dac1fabf551') in 0.010296 seconds
  Import took 0.016789 seconds .

========================================================================
Received Import Request.
  Time since last request: 4.020130 seconds.
  path: Assets/Asset Packs/GameDev.tv Assets/Scripts/Inventories/PickupSpawner.cs
  artifactKey: Guid(d4417844ce4278440a80c74bc10e69de) Importer(815301076,1909f56bfc062723c751e8b465ee728b)
Start importing Assets/Asset Packs/GameDev.tv Assets/Scripts/Inventories/PickupSpawner.cs using Guid(d4417844ce4278440a80c74bc10e69de) Importer(815301076,1909f56bfc062723c751e8b465ee728b)  -> (artifact id: '791e115ee7ea2ac831c855cdce2875aa') in 0.028628 seconds
  Import took 0.035866 seconds .

========================================================================
Received Import Request.
  Time since last request: 0.002529 seconds.
  path: Assets/Asset Packs/GameDev.tv Assets/Scripts/Inventories/PickupSpawner.cs
  artifactKey: Guid(d4417844ce4278440a80c74bc10e69de) Importer(815301076,1909f56bfc062723c751e8b465ee728b)
Start importing Assets/Asset Packs/GameDev.tv Assets/Scripts/Inventories/PickupSpawner.cs using Guid(d4417844ce4278440a80c74bc10e69de) Importer(815301076,1909f56bfc062723c751e8b465ee728b)  -> (artifact id: '791e115ee7ea2ac831c855cdce2875aa') in 0.004460 seconds
  Import took 0.010703 seconds .

========================================================================
Received Prepare
Registering precompiled user dll's ...
Registered in 0.002159 seconds.
Begin MonoManager ReloadAssembly
Native extension for WindowsStandalone target not found
Native extension for WebGL target not found
Refreshing native plugins compatible for Editor in 1.28 ms, found 0 plugins.
Preloading 0 native plugins for Editor in 0.00 ms.
Invoked RoslynAnalysisRunner static constructor.
RoslynAnalysisRunner will not be running.
RoslynAnalysisRunner has terminated.
Mono: successfully reloaded assembly
- Completed reload, in  1.071 seconds
Platform modules already initialized, skipping
Shader 'Universal Render Pipeline/Particles/Lit': fallback shader 'Universal Render Pipeline/Particles/SimpleLit' not found
Refreshing native plugins compatible for Editor in 1.35 ms, found 0 plugins.
Preloading 0 native plugins for Editor in 0.00 ms.
Unloading 2245 Unused Serialized files (Serialized files now loaded: 0)
System memory in use before: 152.4 MB.
System memory in use after: 152.5 MB.

Unloading 3 unused Assets to reduce memory usage. Loaded Objects now: 2955.
Total: 3.460500 ms (FindLiveObjects: 0.339100 ms CreateObjectMapping: 0.121800 ms MarkObjects: 2.854100 ms  DeleteObjects: 0.144200 ms)

========================================================================
Received Prepare
Registering precompiled user dll's ...
Registered in 0.001897 seconds.
Begin MonoManager ReloadAssembly
Native extension for WindowsStandalone target not found
Native extension for WebGL target not found
Refreshing native plugins compatible for Editor in 2.08 ms, found 0 plugins.
Preloading 0 native plugins for Editor in 0.00 ms.
Invoked RoslynAnalysisRunner static constructor.
RoslynAnalysisRunner will not be running.
RoslynAnalysisRunner has terminated.
Mono: successfully reloaded assembly
- Completed reload, in  1.088 seconds
Platform modules already initialized, skipping
Shader 'Universal Render Pipeline/Particles/Lit': fallback shader 'Universal Render Pipeline/Particles/SimpleLit' not found
Refreshing native plugins compatible for Editor in 1.21 ms, found 0 plugins.
Preloading 0 native plugins for Editor in 0.00 ms.
Unloading 2245 Unused Serialized files (Serialized files now loaded: 0)
System memory in use before: 152.3 MB.
System memory in use after: 152.5 MB.

Unloading 3 unused Assets to reduce memory usage. Loaded Objects now: 2955.
Total: 3.447500 ms (FindLiveObjects: 0.412000 ms CreateObjectMapping: 0.270700 ms MarkObjects: 2.623700 ms  DeleteObjects: 0.139100 ms)

========================================================================
Received Prepare
Registering precompiled user dll's ...
Registered in 0.002074 seconds.
Begin MonoManager ReloadAssembly
Native extension for WindowsStandalone target not found
Native extension for WebGL target not found
Refreshing native plugins compatible for Editor in 1.59 ms, found 0 plugins.
Preloading 0 native plugins for Editor in 0.00 ms.
Invoked RoslynAnalysisRunner static constructor.
RoslynAnalysisRunner will not be running.
RoslynAnalysisRunner has terminated.
Mono: successfully reloaded assembly
- Completed reload, in  1.088 seconds
Platform modules already initialized, skipping
Shader 'Universal Render Pipeline/Particles/Lit': fallback shader 'Universal Render Pipeline/Particles/SimpleLit' not found
Refreshing native plugins compatible for Editor in 1.33 ms, found 0 plugins.
Preloading 0 native plugins for Editor in 0.00 ms.
Unloading 2245 Unused Serialized files (Serialized files now loaded: 0)
System memory in use before: 152.4 MB.
System memory in use after: 152.6 MB.

Unloading 3 unused Assets to reduce memory usage. Loaded Objects now: 2955.
Total: 3.773500 ms (FindLiveObjects: 0.424100 ms CreateObjectMapping: 0.274300 ms MarkObjects: 2.925600 ms  DeleteObjects: 0.147600 ms)

========================================================================
Received Prepare
Registering precompiled user dll's ...
Registered in 0.002139 seconds.
Begin MonoManager ReloadAssembly
Native extension for WindowsStandalone target not found
Native extension for WebGL target not found
Refreshing native plugins compatible for Editor in 1.34 ms, found 0 plugins.
Preloading 0 native plugins for Editor in 0.00 ms.
Invoked RoslynAnalysisRunner static constructor.
RoslynAnalysisRunner will not be running.
RoslynAnalysisRunner has terminated.
Mono: successfully reloaded assembly
- Completed reload, in  1.212 seconds
Platform modules already initialized, skipping
Shader 'Universal Render Pipeline/Particles/Lit': fallback shader 'Universal Render Pipeline/Particles/SimpleLit' not found
Refreshing native plugins compatible for Editor in 1.29 ms, found 0 plugins.
Preloading 0 native plugins for Editor in 0.00 ms.
Unloading 2245 Unused Serialized files (Serialized files now loaded: 0)
System memory in use before: 152.4 MB.
System memory in use after: 152.6 MB.

Unloading 3 unused Assets to reduce memory usage. Loaded Objects now: 2955.
Total: 3.572300 ms (FindLiveObjects: 0.387400 ms CreateObjectMapping: 0.267600 ms MarkObjects: 2.783600 ms  DeleteObjects: 0.132600 ms)

