Using pre-set license
Built from '2020.3/staging' branch; Version is '2020.3.0f1 (c7b5465681fb) revision 13088070'; Using compiler version '192528614'; Build Type 'Release'
OS: 'Windows 10 Pro; OS build 19042.985; Version 2009; 64bit' Language: 'en' Physical Memory: 8130 MB
BatchMode: 1, IsHumanControllingUs: 0, StartBugReporterOnCrash: 0, Is64bit: 1, IsPro: 0

 COMMAND LINE ARGUMENTS:
C:\Program Files\Unity\Hub\Editor\2020.3.0f1\Editor\Unity.exe
-adb2
-batchMode
-noUpm
-name
AssetImportWorker2
-projectPath
C:/Users/Trabalho/Documents/6S/PJ/Five Lands/Five Lands/Five Lands
-logFile
Logs/AssetImportWorker2.log
-srvPort
49650
Successfully changed project path to: C:/Users/Trabalho/Documents/6S/PJ/Five Lands/Five Lands/Five Lands
C:/Users/Trabalho/Documents/6S/PJ/Five Lands/Five Lands/Five Lands
Using Asset Import Pipeline V2.
Refreshing native plugins compatible for Editor in 109.46 ms, found 0 plugins.
Preloading 0 native plugins for Editor in 0.00 ms.
Initialize engine version: 2020.3.0f1 (c7b5465681fb)
[Subsystems] Discovering subsystems at path C:/Program Files/Unity/Hub/Editor/2020.3.0f1/Editor/Data/Resources/UnitySubsystems
[Subsystems] Discovering subsystems at path C:/Users/Trabalho/Documents/6S/PJ/Five Lands/Five Lands/Five Lands/Assets
GfxDevice: creating device client; threaded=0
Direct3D:
    Version:  Direct3D 11.0 [level 11.0]
    Renderer: NVIDIA GeForce GTX 660 (ID=0x11c0)
    Vendor:   
    VRAM:     1998 MB
    Driver:   27.21.14.5671
Shader 'Universal Render Pipeline/Particles/Lit': fallback shader 'Universal Render Pipeline/Particles/SimpleLit' not found
Initialize mono
Mono path[0] = 'C:/Program Files/Unity/Hub/Editor/2020.3.0f1/Editor/Data/Managed'
Mono path[1] = 'C:/Program Files/Unity/Hub/Editor/2020.3.0f1/Editor/Data/MonoBleedingEdge/lib/mono/unityjit'
Mono config path = 'C:/Program Files/Unity/Hub/Editor/2020.3.0f1/Editor/Data/MonoBleedingEdge/etc'
Using monoOptions --debugger-agent=transport=dt_socket,embedding=1,server=y,suspend=n,address=127.0.0.1:56868
Begin MonoManager ReloadAssembly
Registering precompiled unity dll's ...
Register platform support module: C:/Program Files/Unity/Hub/Editor/2020.3.0f1/Editor/Data/PlaybackEngines/WebGLSupport/UnityEditor.WebGL.Extensions.dll
Register platform support module: C:/Program Files/Unity/Hub/Editor/2020.3.0f1/Editor/Data/PlaybackEngines/WindowsStandaloneSupport/UnityEditor.WindowsStandalone.Extensions.dll
Registered in 0.002510 seconds.
Native extension for WindowsStandalone target not found
Native extension for WebGL target not found
Refreshing native plugins compatible for Editor in 112.91 ms, found 0 plugins.
Preloading 0 native plugins for Editor in 0.00 ms.
Invoked RoslynAnalysisRunner static constructor.
RoslynAnalysisRunner will not be running.
RoslynAnalysisRunner has terminated.
Mono: successfully reloaded assembly
- Completed reload, in  2.629 seconds
Platform modules already initialized, skipping
Registering precompiled user dll's ...
Registered in 0.001908 seconds.
Begin MonoManager ReloadAssembly
Native extension for WindowsStandalone target not found
Native extension for WebGL target not found
Refreshing native plugins compatible for Editor in 117.09 ms, found 0 plugins.
Preloading 0 native plugins for Editor in 0.00 ms.
Invoked RoslynAnalysisRunner static constructor.
RoslynAnalysisRunner will not be running.
RoslynAnalysisRunner has terminated.
Mono: successfully reloaded assembly
- Completed reload, in  1.192 seconds
Platform modules already initialized, skipping
========================================================================
Worker process is ready to serve import requests
Shader 'Universal Render Pipeline/Particles/Lit': fallback shader 'Universal Render Pipeline/Particles/SimpleLit' not found
Launched and connected shader compiler UnityShaderCompiler.exe after 0.30 seconds
Refreshing native plugins compatible for Editor in 1.74 ms, found 0 plugins.
Preloading 0 native plugins for Editor in 0.00 ms.
Unloading 2218 Unused Serialized files (Serialized files now loaded: 0)
System memory in use before: 137.4 MB.
System memory in use after: 137.5 MB.

Unloading 4 unused Assets to reduce memory usage. Loaded Objects now: 2687.
Total: 5.079200 ms (FindLiveObjects: 0.328000 ms CreateObjectMapping: 0.180400 ms MarkObjects: 4.224300 ms  DeleteObjects: 0.344100 ms)

========================================================================
Received Import Request.
  path: Assets/Scripts/Control/CameraScript.cs
  artifactKey: Guid(fb6886e31a53941afb3dddb432a352aa) Importer(815301076,1909f56bfc062723c751e8b465ee728b)
Start importing Assets/Scripts/Control/CameraScript.cs using Guid(fb6886e31a53941afb3dddb432a352aa) Importer(815301076,1909f56bfc062723c751e8b465ee728b)  -> (artifact id: '9ed03b8908055dbb5aedaaadfaf2c719') in 0.174587 seconds
  Import took 0.207879 seconds .

========================================================================
Received Import Request.
  Time since last request: 21466.165120 seconds.
  path: Assets/Asset Packs/GameDev.tv Assets
  artifactKey: Guid(4435c5c96062124428d8f1c8982467db) Importer(815301076,1909f56bfc062723c751e8b465ee728b)
Start importing Assets/Asset Packs/GameDev.tv Assets using Guid(4435c5c96062124428d8f1c8982467db) Importer(815301076,1909f56bfc062723c751e8b465ee728b)  -> (artifact id: 'cb637bdc30fa3a5345e677c0fa0a5868') in 0.017928 seconds
  Import took 0.106397 seconds .

========================================================================
Received Import Request.
  Time since last request: 1.640345 seconds.
  path: Assets/Asset Packs/GameDev.tv Assets/UI
  artifactKey: Guid(222146f202cca444983c01c0801fad60) Importer(815301076,1909f56bfc062723c751e8b465ee728b)
Start importing Assets/Asset Packs/GameDev.tv Assets/UI using Guid(222146f202cca444983c01c0801fad60) Importer(815301076,1909f56bfc062723c751e8b465ee728b)  -> (artifact id: 'f670ec9ec44b127b11fa3aec0a2663cf') in 0.013648 seconds
  Import took 0.048244 seconds .

========================================================================
Received Import Request.
  Time since last request: 2.744064 seconds.
  path: Assets/Asset Packs/GameDev.tv Assets/UI/Inventory Canvas.prefab
  artifactKey: Guid(07dc30b6f1bbb4147acd5fd5555a18f5) Importer(815301076,1909f56bfc062723c751e8b465ee728b)
Start importing Assets/Asset Packs/GameDev.tv Assets/UI/Inventory Canvas.prefab using Guid(07dc30b6f1bbb4147acd5fd5555a18f5) Importer(815301076,1909f56bfc062723c751e8b465ee728b)  -> (artifact id: 'b67baffa209d2c7d8efc890e6024e6d1') in 1.053115 seconds
  Import took 1.122275 seconds .

========================================================================
Received Prepare
Registering precompiled user dll's ...
Registered in 0.001880 seconds.
Begin MonoManager ReloadAssembly
Native extension for WindowsStandalone target not found
Native extension for WebGL target not found
Refreshing native plugins compatible for Editor in 6.39 ms, found 0 plugins.
Preloading 0 native plugins for Editor in 0.00 ms.
Invoked RoslynAnalysisRunner static constructor.
RoslynAnalysisRunner will not be running.
RoslynAnalysisRunner has terminated.
Mono: successfully reloaded assembly
- Completed reload, in  3.250 seconds
Platform modules already initialized, skipping
Shader 'Universal Render Pipeline/Particles/Lit': fallback shader 'Universal Render Pipeline/Particles/SimpleLit' not found
Refreshing native plugins compatible for Editor in 1.29 ms, found 0 plugins.
Preloading 0 native plugins for Editor in 0.00 ms.
Unloading 2236 Unused Serialized files (Serialized files now loaded: 0)
System memory in use before: 140.4 MB.
System memory in use after: 140.5 MB.

Unloading 7 unused Assets to reduce memory usage. Loaded Objects now: 2823.
Total: 24.375100 ms (FindLiveObjects: 0.291400 ms CreateObjectMapping: 0.139300 ms MarkObjects: 12.312200 ms  DeleteObjects: 11.630000 ms)

========================================================================
Received Prepare
Registering precompiled user dll's ...
Registered in 0.001970 seconds.
Begin MonoManager ReloadAssembly
Native extension for WindowsStandalone target not found
Native extension for WebGL target not found
Refreshing native plugins compatible for Editor in 2.74 ms, found 0 plugins.
Preloading 0 native plugins for Editor in 0.00 ms.
Invoked RoslynAnalysisRunner static constructor.
RoslynAnalysisRunner will not be running.
RoslynAnalysisRunner has terminated.
Mono: successfully reloaded assembly
- Completed reload, in  1.250 seconds
Platform modules already initialized, skipping
Shader 'Universal Render Pipeline/Particles/Lit': fallback shader 'Universal Render Pipeline/Particles/SimpleLit' not found
Refreshing native plugins compatible for Editor in 1.59 ms, found 0 plugins.
Preloading 0 native plugins for Editor in 0.00 ms.
Unloading 2236 Unused Serialized files (Serialized files now loaded: 0)
System memory in use before: 140.5 MB.
System memory in use after: 140.6 MB.

Unloading 5 unused Assets to reduce memory usage. Loaded Objects now: 2823.
Total: 2.663800 ms (FindLiveObjects: 0.305800 ms CreateObjectMapping: 0.118400 ms MarkObjects: 1.991500 ms  DeleteObjects: 0.246600 ms)

========================================================================
Received Prepare
Registering precompiled user dll's ...
Registered in 0.002145 seconds.
Begin MonoManager ReloadAssembly
Native extension for WindowsStandalone target not found
Native extension for WebGL target not found
Refreshing native plugins compatible for Editor in 1.54 ms, found 0 plugins.
Preloading 0 native plugins for Editor in 0.00 ms.
Invoked RoslynAnalysisRunner static constructor.
RoslynAnalysisRunner will not be running.
RoslynAnalysisRunner has terminated.
Mono: successfully reloaded assembly
- Completed reload, in  1.416 seconds
Platform modules already initialized, skipping
Shader 'Universal Render Pipeline/Particles/Lit': fallback shader 'Universal Render Pipeline/Particles/SimpleLit' not found
Refreshing native plugins compatible for Editor in 1.64 ms, found 0 plugins.
Preloading 0 native plugins for Editor in 0.00 ms.
Unloading 2247 Unused Serialized files (Serialized files now loaded: 0)
System memory in use before: 141.9 MB.
System memory in use after: 141.5 MB.

Unloading 16 unused Assets to reduce memory usage. Loaded Objects now: 2823.
Total: 3.298000 ms (FindLiveObjects: 0.315700 ms CreateObjectMapping: 0.128000 ms MarkObjects: 2.291800 ms  DeleteObjects: 0.560700 ms)

========================================================================
Received Prepare
Registering precompiled user dll's ...
Registered in 0.003803 seconds.
Begin MonoManager ReloadAssembly
Native extension for WindowsStandalone target not found
Native extension for WebGL target not found
Refreshing native plugins compatible for Editor in 1.32 ms, found 0 plugins.
Preloading 0 native plugins for Editor in 0.00 ms.
Invoked RoslynAnalysisRunner static constructor.
RoslynAnalysisRunner will not be running.
RoslynAnalysisRunner has terminated.
Mono: successfully reloaded assembly
- Completed reload, in  1.616 seconds
Platform modules already initialized, skipping
Shader 'Universal Render Pipeline/Particles/Lit': fallback shader 'Universal Render Pipeline/Particles/SimpleLit' not found
Refreshing native plugins compatible for Editor in 1.52 ms, found 0 plugins.
Preloading 0 native plugins for Editor in 0.00 ms.
Unloading 2247 Unused Serialized files (Serialized files now loaded: 0)
System memory in use before: 141.9 MB.
System memory in use after: 141.5 MB.

Unloading 16 unused Assets to reduce memory usage. Loaded Objects now: 2823.
Total: 7.150100 ms (FindLiveObjects: 0.495200 ms CreateObjectMapping: 0.441100 ms MarkObjects: 5.507700 ms  DeleteObjects: 0.703100 ms)

========================================================================
Received Import Request.
  Time since last request: 1107.594003 seconds.
  path: Assets/Game/Wearables
  artifactKey: Guid(1997f3db32db0ff42a5c02f6aaa45348) Importer(815301076,1909f56bfc062723c751e8b465ee728b)
Start importing Assets/Game/Wearables using Guid(1997f3db32db0ff42a5c02f6aaa45348) Importer(815301076,1909f56bfc062723c751e8b465ee728b)  -> (artifact id: 'fe4d8cba6a1ea0944cf81aab45ae418e') in 0.048833 seconds
  Import took 0.072788 seconds .

========================================================================
Received Import Request.
  Time since last request: 14.464439 seconds.
  path: Assets/Game/Wearables/Resources
  artifactKey: Guid(fbafc146b93de6941ae1f66a2873f1e5) Importer(815301076,1909f56bfc062723c751e8b465ee728b)
Start importing Assets/Game/Wearables/Resources using Guid(fbafc146b93de6941ae1f66a2873f1e5) Importer(815301076,1909f56bfc062723c751e8b465ee728b)  -> (artifact id: 'b239e0e293ab6b91cb8f623f821609ec') in 0.042047 seconds
  Import took 0.071294 seconds .

========================================================================
Received Import Request.
  Time since last request: 10.820006 seconds.
  path: Assets/Game/Wearables/Resources/Hat.asset
  artifactKey: Guid(d74a70ad3eea3dc47a1d066992f964ce) Importer(815301076,1909f56bfc062723c751e8b465ee728b)
Start importing Assets/Game/Wearables/Resources/Hat.asset using Guid(d74a70ad3eea3dc47a1d066992f964ce) Importer(815301076,1909f56bfc062723c751e8b465ee728b)  -> (artifact id: '60604aae4b041861e33f38e278307cc0') in 0.038530 seconds
  Import took 0.044477 seconds .

========================================================================
Received Import Request.
  Time since last request: 15.335037 seconds.
  path: Assets/Asset Packs/GameDev.tv Assets/Sprites/Placeholders/A.png
  artifactKey: Guid(7c4272045db356d4191801bf4343dbe3) Importer(815301076,1909f56bfc062723c751e8b465ee728b)
Start importing Assets/Asset Packs/GameDev.tv Assets/Sprites/Placeholders/A.png using Guid(7c4272045db356d4191801bf4343dbe3) Importer(815301076,1909f56bfc062723c751e8b465ee728b)  -> (artifact id: 'ee7351a33c3870691480322bd77c84a7') in 0.749384 seconds
  Import took 0.776973 seconds .

========================================================================
Received Import Request.
  Time since last request: 0.000251 seconds.
  path: Assets/Asset Packs/GameDev.tv Assets/Sprites/Placeholders/slotG.png
  artifactKey: Guid(5644080e10ea6f34caa2ee85b0bee17f) Importer(815301076,1909f56bfc062723c751e8b465ee728b)
Start importing Assets/Asset Packs/GameDev.tv Assets/Sprites/Placeholders/slotG.png using Guid(5644080e10ea6f34caa2ee85b0bee17f) Importer(815301076,1909f56bfc062723c751e8b465ee728b)  -> (artifact id: '8d9baa898cff7d0be894361304ed9518') in 0.094521 seconds
  Import took 0.102355 seconds .

========================================================================
Received Import Request.
  Time since last request: 0.000303 seconds.
  path: Assets/Asset Packs/GameDev.tv Assets/Sprites/Placeholders/D.png
  artifactKey: Guid(1c1096c636a27b648bbf0548bd1d119d) Importer(815301076,1909f56bfc062723c751e8b465ee728b)
Start importing Assets/Asset Packs/GameDev.tv Assets/Sprites/Placeholders/D.png using Guid(1c1096c636a27b648bbf0548bd1d119d) Importer(815301076,1909f56bfc062723c751e8b465ee728b)  -> (artifact id: '7781cd7ad25e754215537e0b50d57d20') in 0.056669 seconds
  Import took 0.076324 seconds .

========================================================================
Received Import Request.
  Time since last request: 0.000422 seconds.
  path: Assets/Asset Packs/polyperfect/Low Poly Animated Animals/- UI/ico-environment.png
  artifactKey: Guid(2a3690a0c1817d441a65142445214ab0) Importer(815301076,1909f56bfc062723c751e8b465ee728b)
Start importing Assets/Asset Packs/polyperfect/Low Poly Animated Animals/- UI/ico-environment.png using Guid(2a3690a0c1817d441a65142445214ab0) Importer(815301076,1909f56bfc062723c751e8b465ee728b)  -> (artifact id: '17815da1b5be8aba28a1495e51a22f51') in 0.096224 seconds
  Import took 0.117386 seconds .

========================================================================
Received Import Request.
  Time since last request: 0.000198 seconds.
  path: Assets/Asset Packs/GameDev.tv Assets/Sprites/Placeholders/slotH.png
  artifactKey: Guid(6d6e2da30734bb74cb2de456bb56b0fb) Importer(815301076,1909f56bfc062723c751e8b465ee728b)
Start importing Assets/Asset Packs/GameDev.tv Assets/Sprites/Placeholders/slotH.png using Guid(6d6e2da30734bb74cb2de456bb56b0fb) Importer(815301076,1909f56bfc062723c751e8b465ee728b)  -> (artifact id: 'aa46ebd2c1752722b556da731003885f') in 0.051171 seconds
  Import took 0.074368 seconds .

========================================================================
Received Import Request.
  Time since last request: 0.000191 seconds.
  path: Assets/Asset Packs/GameDev.tv Assets/Sprites/Placeholders/B.png
  artifactKey: Guid(b81ba68e50e78424a98853aed32330ee) Importer(815301076,1909f56bfc062723c751e8b465ee728b)
Start importing Assets/Asset Packs/GameDev.tv Assets/Sprites/Placeholders/B.png using Guid(b81ba68e50e78424a98853aed32330ee) Importer(815301076,1909f56bfc062723c751e8b465ee728b)  -> (artifact id: '5e6bc0c2ed576f8a6c9b76ad98ceae7d') in 0.083151 seconds
  Import took 0.100226 seconds .

========================================================================
Received Import Request.
  Time since last request: 0.000179 seconds.
  path: Assets/Asset Packs/GameDev.tv Assets/Sprites/Placeholders/rectangle.png
  artifactKey: Guid(65b98a7e023cad84991c598add6111ed) Importer(815301076,1909f56bfc062723c751e8b465ee728b)
Start importing Assets/Asset Packs/GameDev.tv Assets/Sprites/Placeholders/rectangle.png using Guid(65b98a7e023cad84991c598add6111ed) Importer(815301076,1909f56bfc062723c751e8b465ee728b)  -> (artifact id: '6c663f76baa5027c366b114dfb7be12d') in 0.031172 seconds
  Import took 0.050946 seconds .

========================================================================
Received Import Request.
  Time since last request: 0.000221 seconds.
  path: Assets/Asset Packs/GameDev.tv Assets/Sprites/Placeholders/slotC.png
  artifactKey: Guid(34e63a70424c1ee4e80ce4ff0757859c) Importer(815301076,1909f56bfc062723c751e8b465ee728b)
Start importing Assets/Asset Packs/GameDev.tv Assets/Sprites/Placeholders/slotC.png using Guid(34e63a70424c1ee4e80ce4ff0757859c) Importer(815301076,1909f56bfc062723c751e8b465ee728b)  -> (artifact id: 'abe72580e5b12db24c0d2c11a50e2281') in 0.028402 seconds
  Import took 0.049669 seconds .

========================================================================
Received Import Request.
  Time since last request: 0.000169 seconds.
  path: Assets/Asset Packs/GameDev.tv Assets/Sprites/Placeholders/C.png
  artifactKey: Guid(7e6cfca4fbd212d4697e8270b777e19b) Importer(815301076,1909f56bfc062723c751e8b465ee728b)
Start importing Assets/Asset Packs/GameDev.tv Assets/Sprites/Placeholders/C.png using Guid(7e6cfca4fbd212d4697e8270b777e19b) Importer(815301076,1909f56bfc062723c751e8b465ee728b)  -> (artifact id: '64e511eb3c3754b82a92cde7a38d7917') in 0.027229 seconds
  Import took 0.053361 seconds .

========================================================================
Received Import Request.
  Time since last request: 0.000201 seconds.
  path: Assets/Asset Packs/GameDev.tv Assets/Sprites/Placeholders/slotD.png
  artifactKey: Guid(68d5c73fd6d8d094ea9f0150f27aaf68) Importer(815301076,1909f56bfc062723c751e8b465ee728b)
Start importing Assets/Asset Packs/GameDev.tv Assets/Sprites/Placeholders/slotD.png using Guid(68d5c73fd6d8d094ea9f0150f27aaf68) Importer(815301076,1909f56bfc062723c751e8b465ee728b)  -> (artifact id: '8ddadf6b902b81ed68334e6b1f1ab285') in 0.046880 seconds
  Import took 0.053257 seconds .

========================================================================
Received Import Request.
  Time since last request: 0.000168 seconds.
  path: Assets/Asset Packs/GameDev.tv Assets/Sprites/Placeholders/slotB.png
  artifactKey: Guid(aa4b2d88fc840d646820e294830f6dde) Importer(815301076,1909f56bfc062723c751e8b465ee728b)
Start importing Assets/Asset Packs/GameDev.tv Assets/Sprites/Placeholders/slotB.png using Guid(aa4b2d88fc840d646820e294830f6dde) Importer(815301076,1909f56bfc062723c751e8b465ee728b)  -> (artifact id: '0687cb79a03785c73997f84023fcd74d') in 0.057569 seconds
  Import took 0.063479 seconds .

========================================================================
Received Import Request.
  Time since last request: 0.000255 seconds.
  path: Assets/Asset Packs/GameDev.tv Assets/Sprites/Placeholders/slotA.png
  artifactKey: Guid(b47431e0d918eeb4eb1dc79bd8e8fb50) Importer(815301076,1909f56bfc062723c751e8b465ee728b)
Start importing Assets/Asset Packs/GameDev.tv Assets/Sprites/Placeholders/slotA.png using Guid(b47431e0d918eeb4eb1dc79bd8e8fb50) Importer(815301076,1909f56bfc062723c751e8b465ee728b)  -> (artifact id: '39b3fd67690a9c08e1253d6e6945327b') in 0.023855 seconds
  Import took 0.059192 seconds .

========================================================================
Received Import Request.
  Time since last request: 0.000180 seconds.
  path: Assets/Asset Packs/GameDev.tv Assets/Sprites/Placeholders/F.png
  artifactKey: Guid(cbc705c28892f8547a11bec2f757eec1) Importer(815301076,1909f56bfc062723c751e8b465ee728b)
Start importing Assets/Asset Packs/GameDev.tv Assets/Sprites/Placeholders/F.png using Guid(cbc705c28892f8547a11bec2f757eec1) Importer(815301076,1909f56bfc062723c751e8b465ee728b)  -> (artifact id: '4ecc12ef2aa6e070aefb6886c7921066') in 0.022231 seconds
  Import took 0.027976 seconds .

========================================================================
Received Import Request.
  Time since last request: 0.000188 seconds.
  path: Assets/Asset Packs/polyperfect/Low Poly Animated Animals/- UI/ico-animations.png
  artifactKey: Guid(95738195783c2ee44a04917af420ba0c) Importer(815301076,1909f56bfc062723c751e8b465ee728b)
Start importing Assets/Asset Packs/polyperfect/Low Poly Animated Animals/- UI/ico-animations.png using Guid(95738195783c2ee44a04917af420ba0c) Importer(815301076,1909f56bfc062723c751e8b465ee728b)  -> (artifact id: '8539b2cb4e69da5c51d1b4157e5cc4a4') in 0.083605 seconds
  Import took 0.102588 seconds .

========================================================================
Received Import Request.
  Time since last request: 0.000224 seconds.
  path: Assets/Asset Packs/GameDev.tv Assets/Sprites/Placeholders/E.png
  artifactKey: Guid(37322f45c4651a74792a7b1e4e3f287d) Importer(815301076,1909f56bfc062723c751e8b465ee728b)
Start importing Assets/Asset Packs/GameDev.tv Assets/Sprites/Placeholders/E.png using Guid(37322f45c4651a74792a7b1e4e3f287d) Importer(815301076,1909f56bfc062723c751e8b465ee728b)  -> (artifact id: '308edb1c2b6d4eb0f9e3c0a3b341826d') in 0.026017 seconds
  Import took 0.059066 seconds .

========================================================================
Received Import Request.
  Time since last request: 0.000216 seconds.
  path: Assets/Asset Packs/GameDev.tv Assets/Sprites/Placeholders/G.png
  artifactKey: Guid(51f3eeabd837633469262f849277bb64) Importer(815301076,1909f56bfc062723c751e8b465ee728b)
Start importing Assets/Asset Packs/GameDev.tv Assets/Sprites/Placeholders/G.png using Guid(51f3eeabd837633469262f849277bb64) Importer(815301076,1909f56bfc062723c751e8b465ee728b)  -> (artifact id: 'cb52808322700a1a269202cd19abb48a') in 0.018687 seconds
  Import took 0.027782 seconds .

========================================================================
Received Import Request.
  Time since last request: 0.000326 seconds.
  path: Assets/Asset Packs/GameDev.tv Assets/Sprites/Placeholders/slotE.png
  artifactKey: Guid(7f5ea285fc81c194eb780e1f2908f0ec) Importer(815301076,1909f56bfc062723c751e8b465ee728b)
Start importing Assets/Asset Packs/GameDev.tv Assets/Sprites/Placeholders/slotE.png using Guid(7f5ea285fc81c194eb780e1f2908f0ec) Importer(815301076,1909f56bfc062723c751e8b465ee728b)  -> (artifact id: '2c7ed469dac50357e968fda7d6a2e66e') in 0.064059 seconds
  Import took 0.071493 seconds .

========================================================================
Received Import Request.
  Time since last request: 0.000258 seconds.
  path: Assets/Asset Packs/GameDev.tv Assets/Sprites/Placeholders/slotF.png
  artifactKey: Guid(fde4b0002c7871a4ba217922cda1e2ef) Importer(815301076,1909f56bfc062723c751e8b465ee728b)
Start importing Assets/Asset Packs/GameDev.tv Assets/Sprites/Placeholders/slotF.png using Guid(fde4b0002c7871a4ba217922cda1e2ef) Importer(815301076,1909f56bfc062723c751e8b465ee728b)  -> (artifact id: '3c09cb716d6a1c01c06671a7a2781405') in 0.041682 seconds
  Import took 0.048441 seconds .

========================================================================
Received Import Request.
  Time since last request: 0.000292 seconds.
  path: Assets/Asset Packs/GameDev.tv Assets/Sprites/Placeholders/H.png
  artifactKey: Guid(d90fb267ee4e64245b86c677bd935db0) Importer(815301076,1909f56bfc062723c751e8b465ee728b)
Start importing Assets/Asset Packs/GameDev.tv Assets/Sprites/Placeholders/H.png using Guid(d90fb267ee4e64245b86c677bd935db0) Importer(815301076,1909f56bfc062723c751e8b465ee728b)  -> (artifact id: '742c278bb30622a1c4a18396475daa62') in 0.055658 seconds
  Import took 0.063491 seconds .

========================================================================
Received Import Request.
  Time since last request: 88.161901 seconds.
  path: Assets/Game/Pickups/Default Pickup.prefab
  artifactKey: Guid(0f5468bbbf8b9754483a96090f366a3a) Importer(815301076,1909f56bfc062723c751e8b465ee728b)
Start importing Assets/Game/Pickups/Default Pickup.prefab using Guid(0f5468bbbf8b9754483a96090f366a3a) Importer(815301076,1909f56bfc062723c751e8b465ee728b)  -> (artifact id: '8063351ca8699cd2c3446716bfbf9a2e') in 0.017869 seconds
  Import took 0.034733 seconds .

========================================================================
Received Import Request.
  Time since last request: 30.862309 seconds.
  path: Assets/BrokenVector/UltimateDungeonPack/Prefabs/Furniture/Bag.prefab
  artifactKey: Guid(6d74876d99d459743af39429f3ef69b5) Importer(815301076,1909f56bfc062723c751e8b465ee728b)
Start importing Assets/BrokenVector/UltimateDungeonPack/Prefabs/Furniture/Bag.prefab using Guid(6d74876d99d459743af39429f3ef69b5) Importer(815301076,1909f56bfc062723c751e8b465ee728b)  -> (artifact id: 'e10a2592bf5eebfe5b127e6be52466ff') in 0.369727 seconds
  Import took 0.384988 seconds .

========================================================================
Received Import Request.
  Time since last request: 163.920213 seconds.
  path: Assets/Asset Packs/Synty - Polygon Student Sample/Materials/Characters_Texture_Black.mat
  artifactKey: Guid(01b2546c969fe814794af634cb4534f4) Importer(815301076,1909f56bfc062723c751e8b465ee728b)
Start importing Assets/Asset Packs/Synty - Polygon Student Sample/Materials/Characters_Texture_Black.mat using Guid(01b2546c969fe814794af634cb4534f4) Importer(815301076,1909f56bfc062723c751e8b465ee728b)  -> (artifact id: '942abaa4409456bbcdd9be42804db86b') in 0.219872 seconds
  Import took 0.250049 seconds .

========================================================================
Received Import Request.
  Time since last request: 0.000275 seconds.
  path: Assets/Asset Packs/Synty - Polygon Student Sample/Materials/Characters_Texture_Blue.mat
  artifactKey: Guid(3f6fc0cf5e5d31c458bc74ede87cb8ae) Importer(815301076,1909f56bfc062723c751e8b465ee728b)
Start importing Assets/Asset Packs/Synty - Polygon Student Sample/Materials/Characters_Texture_Blue.mat using Guid(3f6fc0cf5e5d31c458bc74ede87cb8ae) Importer(815301076,1909f56bfc062723c751e8b465ee728b)  -> (artifact id: 'eedbed14ef97d668c661b386c2c0afdb') in 0.096118 seconds
  Import took 0.103281 seconds .

========================================================================
Received Import Request.
  Time since last request: 0.000225 seconds.
  path: Assets/Asset Packs/Synty - Polygon Student Sample/Materials/Characters_Texture_Black.mat
  artifactKey: Guid(01b2546c969fe814794af634cb4534f4) Importer(815301076,1909f56bfc062723c751e8b465ee728b)
Start importing Assets/Asset Packs/Synty - Polygon Student Sample/Materials/Characters_Texture_Black.mat using Guid(01b2546c969fe814794af634cb4534f4) Importer(815301076,1909f56bfc062723c751e8b465ee728b)  -> (artifact id: '942abaa4409456bbcdd9be42804db86b') in 0.018493 seconds
  Import took 0.025738 seconds .

========================================================================
Received Import Request.
  Time since last request: 21.052109 seconds.
  path: Assets/Game/Pickups/BowPickUp.prefab
  artifactKey: Guid(7f64fb4ab11a76d439fe0f1c0dd47936) Importer(815301076,1909f56bfc062723c751e8b465ee728b)
Start importing Assets/Game/Pickups/BowPickUp.prefab using Guid(7f64fb4ab11a76d439fe0f1c0dd47936) Importer(815301076,1909f56bfc062723c751e8b465ee728b)  -> (artifact id: '75decc99e4a618e9a0027dcd7311f2fd') in 0.438894 seconds
  Import took 0.452695 seconds .

========================================================================
Received Import Request.
  Time since last request: 0.000258 seconds.
  path: Assets/Game/Pickups/Default Pickup.prefab
  artifactKey: Guid(0f5468bbbf8b9754483a96090f366a3a) Importer(815301076,1909f56bfc062723c751e8b465ee728b)
Start importing Assets/Game/Pickups/Default Pickup.prefab using Guid(0f5468bbbf8b9754483a96090f366a3a) Importer(815301076,1909f56bfc062723c751e8b465ee728b)  -> (artifact id: '396cc237b6997144290f6c85b2634538') in 0.021367 seconds
  Import took 0.041337 seconds .

========================================================================
Received Import Request.
  Time since last request: 0.000219 seconds.
  path: Assets/Game/Pickups/FireballPickup.prefab
  artifactKey: Guid(c632aea5ad1392648ac4ef061ba8339a) Importer(815301076,1909f56bfc062723c751e8b465ee728b)
Start importing Assets/Game/Pickups/FireballPickup.prefab using Guid(c632aea5ad1392648ac4ef061ba8339a) Importer(815301076,1909f56bfc062723c751e8b465ee728b)  -> (artifact id: '8dd298a788b7e1e7a7dd59d1f00053ee') in 0.289909 seconds
  Import took 0.297308 seconds .

========================================================================
Received Import Request.
  Time since last request: 0.000262 seconds.
  path: Assets/Game/Pickups/RootPickup.prefab
  artifactKey: Guid(8b1e882c0907a874b9d83513a508418e) Importer(815301076,1909f56bfc062723c751e8b465ee728b)
Start importing Assets/Game/Pickups/RootPickup.prefab using Guid(8b1e882c0907a874b9d83513a508418e) Importer(815301076,1909f56bfc062723c751e8b465ee728b)  -> (artifact id: '3c4e9364178464f5447420878b6d0526') in 0.036762 seconds
  Import took 0.058185 seconds .

========================================================================
Received Import Request.
  Time since last request: 0.000240 seconds.
  path: Assets/Game/Pickups/HealthPickup.prefab
  artifactKey: Guid(375c5b219e1ce924392e963f041abd0b) Importer(815301076,1909f56bfc062723c751e8b465ee728b)
Start importing Assets/Game/Pickups/HealthPickup.prefab using Guid(375c5b219e1ce924392e963f041abd0b) Importer(815301076,1909f56bfc062723c751e8b465ee728b)  -> (artifact id: 'ee559dfed6b2041526b0b7a13d2d3bcb') in 0.043370 seconds
  Import took 0.049738 seconds .

========================================================================
Received Import Request.
  Time since last request: 0.000230 seconds.
  path: Assets/Game/Pickups/SwordPickUp.prefab
  artifactKey: Guid(80f35bbe84436914d86d8457f86fde27) Importer(815301076,1909f56bfc062723c751e8b465ee728b)
Start importing Assets/Game/Pickups/SwordPickUp.prefab using Guid(80f35bbe84436914d86d8457f86fde27) Importer(815301076,1909f56bfc062723c751e8b465ee728b)  -> (artifact id: 'd325e6f9f81ba0af474643d4ee75ca06') in 0.126924 seconds
  Import took 0.150316 seconds .

========================================================================
Received Import Request.
  Time since last request: 87.967562 seconds.
  path: Assets/UniversalRenderPipelineAsset.asset
  artifactKey: Guid(e9d3ef568c2908a458d417fd7e6c1617) Importer(815301076,1909f56bfc062723c751e8b465ee728b)
Start importing Assets/UniversalRenderPipelineAsset.asset using Guid(e9d3ef568c2908a458d417fd7e6c1617) Importer(815301076,1909f56bfc062723c751e8b465ee728b)  -> (artifact id: 'b672ce877ba84a16e5d0011382de6f88') in 0.042262 seconds
  Import took 0.049510 seconds .

========================================================================
Received Import Request.
  Time since last request: 0.001287 seconds.
  path: Assets/UniversalRenderPipelineAsset.asset
  artifactKey: Guid(e9d3ef568c2908a458d417fd7e6c1617) Importer(815301076,1909f56bfc062723c751e8b465ee728b)
Start importing Assets/UniversalRenderPipelineAsset.asset using Guid(e9d3ef568c2908a458d417fd7e6c1617) Importer(815301076,1909f56bfc062723c751e8b465ee728b)  -> (artifact id: 'b672ce877ba84a16e5d0011382de6f88') in 0.004449 seconds
  Import took 0.011339 seconds .

========================================================================
Received Import Request.
  Time since last request: 5.503741 seconds.
  path: Assets/Game/Wearables/Resources/Hat.asset
  artifactKey: Guid(d74a70ad3eea3dc47a1d066992f964ce) Importer(815301076,1909f56bfc062723c751e8b465ee728b)
Start importing Assets/Game/Wearables/Resources/Hat.asset using Guid(d74a70ad3eea3dc47a1d066992f964ce) Importer(815301076,1909f56bfc062723c751e8b465ee728b)  -> (artifact id: 'bd3c64df115a2735ddb3b5d7fd6260fb') in 0.005851 seconds
  Import took 0.030325 seconds .

========================================================================
Received Import Request.
  Time since last request: 187.360878 seconds.
  path: Assets/Scripts/Control/ClickablePickup.cs
  artifactKey: Guid(bfc00ea9df27b4b44ad98462a79649e1) Importer(815301076,1909f56bfc062723c751e8b465ee728b)
Start importing Assets/Scripts/Control/ClickablePickup.cs using Guid(bfc00ea9df27b4b44ad98462a79649e1) Importer(815301076,1909f56bfc062723c751e8b465ee728b)  -> (artifact id: 'fe86084fca12a12dc81798d4f12f81dc') in 0.014234 seconds
  Import took 0.026653 seconds .

========================================================================
Received Prepare
Registering precompiled user dll's ...
Registered in 0.001756 seconds.
Begin MonoManager ReloadAssembly
Native extension for WindowsStandalone target not found
Native extension for WebGL target not found
Refreshing native plugins compatible for Editor in 1.24 ms, found 0 plugins.
Preloading 0 native plugins for Editor in 0.00 ms.
Invoked RoslynAnalysisRunner static constructor.
RoslynAnalysisRunner will not be running.
RoslynAnalysisRunner has terminated.
Mono: successfully reloaded assembly
- Completed reload, in  1.642 seconds
Platform modules already initialized, skipping
Shader 'Universal Render Pipeline/Particles/Lit': fallback shader 'Universal Render Pipeline/Particles/SimpleLit' not found
Refreshing native plugins compatible for Editor in 1.39 ms, found 0 plugins.
Preloading 0 native plugins for Editor in 0.00 ms.
Unloading 2249 Unused Serialized files (Serialized files now loaded: 0)
System memory in use before: 147.5 MB.
System memory in use after: 147.1 MB.

Unloading 16 unused Assets to reduce memory usage. Loaded Objects now: 2925.
Total: 3.101300 ms (FindLiveObjects: 0.328900 ms CreateObjectMapping: 0.122800 ms MarkObjects: 2.110500 ms  DeleteObjects: 0.537800 ms)

========================================================================
Received Import Request.
  Time since last request: 235.516520 seconds.
  path: Assets/Scripts/Control/ClickablePickup.cs
  artifactKey: Guid(bfc00ea9df27b4b44ad98462a79649e1) Importer(815301076,1909f56bfc062723c751e8b465ee728b)
Start importing Assets/Scripts/Control/ClickablePickup.cs using Guid(bfc00ea9df27b4b44ad98462a79649e1) Importer(815301076,1909f56bfc062723c751e8b465ee728b)  -> (artifact id: '0f83c382c322ea6113a3f9570d843065') in 0.009466 seconds
  Import took 0.042454 seconds .

========================================================================
Received Prepare
Registering precompiled user dll's ...
Registered in 0.002537 seconds.
Begin MonoManager ReloadAssembly
Native extension for WindowsStandalone target not found
Native extension for WebGL target not found
Refreshing native plugins compatible for Editor in 1.30 ms, found 0 plugins.
Preloading 0 native plugins for Editor in 0.00 ms.
Invoked RoslynAnalysisRunner static constructor.
RoslynAnalysisRunner will not be running.
RoslynAnalysisRunner has terminated.
Mono: successfully reloaded assembly
- Completed reload, in  1.049 seconds
Platform modules already initialized, skipping
Shader 'Universal Render Pipeline/Particles/Lit': fallback shader 'Universal Render Pipeline/Particles/SimpleLit' not found
Refreshing native plugins compatible for Editor in 1.21 ms, found 0 plugins.
Preloading 0 native plugins for Editor in 0.00 ms.
Unloading 2248 Unused Serialized files (Serialized files now loaded: 0)
System memory in use before: 147.5 MB.
System memory in use after: 147.1 MB.

Unloading 16 unused Assets to reduce memory usage. Loaded Objects now: 2925.
Total: 3.997900 ms (FindLiveObjects: 0.353500 ms CreateObjectMapping: 0.135400 ms MarkObjects: 2.924900 ms  DeleteObjects: 0.582500 ms)

========================================================================
Received Import Request.
  Time since last request: 354.925607 seconds.
  path: Assets/Game/Pickups/PickupSpawner.prefab
  artifactKey: Guid(03728388323a29947ab1efd0753ad0a9) Importer(815301076,1909f56bfc062723c751e8b465ee728b)
Start importing Assets/Game/Pickups/PickupSpawner.prefab using Guid(03728388323a29947ab1efd0753ad0a9) Importer(815301076,1909f56bfc062723c751e8b465ee728b)  -> (artifact id: 'a03b61162f9a3b6fd825078f2f9eee5f') in 0.049790 seconds
  Import took 0.068794 seconds .

========================================================================
Received Prepare
Registering precompiled user dll's ...
Registered in 0.002596 seconds.
Begin MonoManager ReloadAssembly
Native extension for WindowsStandalone target not found
Native extension for WebGL target not found
Refreshing native plugins compatible for Editor in 1.55 ms, found 0 plugins.
Preloading 0 native plugins for Editor in 0.00 ms.
Invoked RoslynAnalysisRunner static constructor.
RoslynAnalysisRunner will not be running.
RoslynAnalysisRunner has terminated.
Mono: successfully reloaded assembly
- Completed reload, in  1.673 seconds
Platform modules already initialized, skipping
Shader 'Universal Render Pipeline/Particles/Lit': fallback shader 'Universal Render Pipeline/Particles/SimpleLit' not found
Refreshing native plugins compatible for Editor in 1.65 ms, found 0 plugins.
Preloading 0 native plugins for Editor in 0.00 ms.
Unloading 2248 Unused Serialized files (Serialized files now loaded: 0)
System memory in use before: 147.5 MB.
System memory in use after: 147.1 MB.

Unloading 16 unused Assets to reduce memory usage. Loaded Objects now: 2925.
Total: 4.101000 ms (FindLiveObjects: 0.502900 ms CreateObjectMapping: 0.148900 ms MarkObjects: 2.474700 ms  DeleteObjects: 0.971700 ms)

========================================================================
Received Import Request.
  Time since last request: 2680.488747 seconds.
  path: Assets/Fantasy RPG UI Sample
  artifactKey: Guid(3bee622a78142b4488c248effeb0b169) Importer(815301076,1909f56bfc062723c751e8b465ee728b)
Start importing Assets/Fantasy RPG UI Sample using Guid(3bee622a78142b4488c248effeb0b169) Importer(815301076,1909f56bfc062723c751e8b465ee728b)  -> (artifact id: '4318db8b8d8274b9581017c25c211f29') in 0.038496 seconds
  Import took 0.061713 seconds .

========================================================================
Received Import Request.
  Time since last request: 47.063927 seconds.
  path: Assets/Game/Wearables/Resources/Hat.asset
  artifactKey: Guid(d74a70ad3eea3dc47a1d066992f964ce) Importer(815301076,1909f56bfc062723c751e8b465ee728b)
Start importing Assets/Game/Wearables/Resources/Hat.asset using Guid(d74a70ad3eea3dc47a1d066992f964ce) Importer(815301076,1909f56bfc062723c751e8b465ee728b)  -> (artifact id: 'cf3deb752063361539584f74f88c8508') in 0.024068 seconds
  Import took 0.051722 seconds .

========================================================================
Received Import Request.
  Time since last request: 0.001248 seconds.
  path: Assets/Game/Wearables/Resources/Hat.asset
  artifactKey: Guid(d74a70ad3eea3dc47a1d066992f964ce) Importer(815301076,1909f56bfc062723c751e8b465ee728b)
Start importing Assets/Game/Wearables/Resources/Hat.asset using Guid(d74a70ad3eea3dc47a1d066992f964ce) Importer(815301076,1909f56bfc062723c751e8b465ee728b)  -> (artifact id: 'cf3deb752063361539584f74f88c8508') in 0.006774 seconds
  Import took 0.013672 seconds .

========================================================================
Received Import Request.
  Time since last request: 1.189453 seconds.
  path: Assets/Asset Packs/Fantasy RPG UI Sample/UI/Update 1.1/Armor_icon.png
  artifactKey: Guid(65d466afcff75fa428a0b237f81846d6) Importer(815301076,1909f56bfc062723c751e8b465ee728b)
Start importing Assets/Asset Packs/Fantasy RPG UI Sample/UI/Update 1.1/Armor_icon.png using Guid(65d466afcff75fa428a0b237f81846d6) Importer(815301076,1909f56bfc062723c751e8b465ee728b)  -> (artifact id: 'e866760213ebe85b2768846fcd6d167b') in 0.101373 seconds
  Import took 0.114607 seconds .

========================================================================
Received Import Request.
  Time since last request: 0.000199 seconds.
  path: Assets/Asset Packs/Fantasy RPG UI Sample/UI/Parts/FRAME_left-bot.png
  artifactKey: Guid(aecf7b06947a08845a483c11c8a98f73) Importer(815301076,1909f56bfc062723c751e8b465ee728b)
Start importing Assets/Asset Packs/Fantasy RPG UI Sample/UI/Parts/FRAME_left-bot.png using Guid(aecf7b06947a08845a483c11c8a98f73) Importer(815301076,1909f56bfc062723c751e8b465ee728b)  -> (artifact id: '8a001e6aecd841d1b05d845dd86df438') in 0.029827 seconds
  Import took 0.051004 seconds .

========================================================================
Received Import Request.
  Time since last request: 0.000196 seconds.
  path: Assets/Asset Packs/Fantasy RPG UI Sample/UI/Parts/Background_02.png
  artifactKey: Guid(f6385dfc9df85b742babe9f080feb756) Importer(815301076,1909f56bfc062723c751e8b465ee728b)
Start importing Assets/Asset Packs/Fantasy RPG UI Sample/UI/Parts/Background_02.png using Guid(f6385dfc9df85b742babe9f080feb756) Importer(815301076,1909f56bfc062723c751e8b465ee728b)  -> (artifact id: 'edb96071cca54f889a72bd8569eeb1ae') in 0.046774 seconds
  Import took 0.066769 seconds .

========================================================================
Received Import Request.
  Time since last request: 0.000179 seconds.
  path: Assets/Asset Packs/Universal Gold Icons Sample/T_Shield_01_Nobg.png
  artifactKey: Guid(886ffb608498aa04c9c0913d5ac3c394) Importer(815301076,1909f56bfc062723c751e8b465ee728b)
Start importing Assets/Asset Packs/Universal Gold Icons Sample/T_Shield_01_Nobg.png using Guid(886ffb608498aa04c9c0913d5ac3c394) Importer(815301076,1909f56bfc062723c751e8b465ee728b)  -> (artifact id: '6666c93011776e7d5d2377160a72504f') in 0.031220 seconds
  Import took 0.037456 seconds .

========================================================================
Received Import Request.
  Time since last request: 0.000180 seconds.
  path: Assets/Asset Packs/Fantasy RPG UI Sample/UI/Update 1.1/ScrollingBar_Long_size.png
  artifactKey: Guid(2e8f95352a721a54485a1d0a4f0b7d4c) Importer(815301076,1909f56bfc062723c751e8b465ee728b)
Start importing Assets/Asset Packs/Fantasy RPG UI Sample/UI/Update 1.1/ScrollingBar_Long_size.png using Guid(2e8f95352a721a54485a1d0a4f0b7d4c) Importer(815301076,1909f56bfc062723c751e8b465ee728b)  -> (artifact id: 'bedf5a34c936e33e48ecfc64fb98af18') in 0.033002 seconds
  Import took 0.061747 seconds .

========================================================================
Received Import Request.
  Time since last request: 0.000224 seconds.
  path: Assets/Asset Packs/Fantasy RPG UI Sample/UI/Parts/Button_04.png
  artifactKey: Guid(373773b6623f4fb4c89ed91602df42dd) Importer(815301076,1909f56bfc062723c751e8b465ee728b)
Start importing Assets/Asset Packs/Fantasy RPG UI Sample/UI/Parts/Button_04.png using Guid(373773b6623f4fb4c89ed91602df42dd) Importer(815301076,1909f56bfc062723c751e8b465ee728b)  -> (artifact id: '807100aa825de6c0638738d2f675e102') in 0.032955 seconds
  Import took 0.052089 seconds .

========================================================================
Received Import Request.
  Time since last request: 0.000196 seconds.
  path: Assets/Asset Packs/Fantasy RPG UI Sample/UI/Parts/FRAME_bot.png
  artifactKey: Guid(43ee3da49328ac649b7ac986a6c1c1de) Importer(815301076,1909f56bfc062723c751e8b465ee728b)
Start importing Assets/Asset Packs/Fantasy RPG UI Sample/UI/Parts/FRAME_bot.png using Guid(43ee3da49328ac649b7ac986a6c1c1de) Importer(815301076,1909f56bfc062723c751e8b465ee728b)  -> (artifact id: '77bf9d12b7a1f2771308d0aed44c2afc') in 0.020590 seconds
  Import took 0.050083 seconds .

========================================================================
Received Import Request.
  Time since last request: 0.000189 seconds.
  path: Assets/Asset Packs/Fantasy RPG UI Sample/UI/Update 1.1/Intelligence_icon.png
  artifactKey: Guid(5732dc58816b91d4dbc488b1b3c8f08b) Importer(815301076,1909f56bfc062723c751e8b465ee728b)
Start importing Assets/Asset Packs/Fantasy RPG UI Sample/UI/Update 1.1/Intelligence_icon.png using Guid(5732dc58816b91d4dbc488b1b3c8f08b) Importer(815301076,1909f56bfc062723c751e8b465ee728b)  -> (artifact id: '0279492ebfc2c0a630e732e1023234e6') in 0.027813 seconds
  Import took 0.042835 seconds .

========================================================================
Received Import Request.
  Time since last request: 0.000209 seconds.
  path: Assets/Asset Packs/Fantasy RPG UI Sample/UI/Update 1.2/Button_10_On.png
  artifactKey: Guid(bc7147459da6e0944b077b8808cf1898) Importer(815301076,1909f56bfc062723c751e8b465ee728b)
Start importing Assets/Asset Packs/Fantasy RPG UI Sample/UI/Update 1.2/Button_10_On.png using Guid(bc7147459da6e0944b077b8808cf1898) Importer(815301076,1909f56bfc062723c751e8b465ee728b)  -> (artifact id: 'b4fa99b63efa84860e2dd843b4c5114e') in 0.031296 seconds
  Import took 0.038250 seconds .

========================================================================
Received Import Request.
  Time since last request: 0.000042 seconds.
  path: Assets/Asset Packs/Fantasy RPG UI Sample/UI/Parts/InventoryButton_chest.png
  artifactKey: Guid(e1855ae875aa6424d81fb5c5c1d623a5) Importer(815301076,1909f56bfc062723c751e8b465ee728b)
Start importing Assets/Asset Packs/Fantasy RPG UI Sample/UI/Parts/InventoryButton_chest.png using Guid(e1855ae875aa6424d81fb5c5c1d623a5) Importer(815301076,1909f56bfc062723c751e8b465ee728b)  -> (artifact id: 'b5ee5895b5abdc63eb3e4cc0d1dbc7e4') in 0.042056 seconds
  Import took 0.091024 seconds .

========================================================================
Received Import Request.
  Time since last request: 0.000268 seconds.
  path: Assets/Asset Packs/Fantasy RPG UI Sample/UI/Parts/Button_23.png
  artifactKey: Guid(45b131bd81d7d49439aef2159828393a) Importer(815301076,1909f56bfc062723c751e8b465ee728b)
Start importing Assets/Asset Packs/Fantasy RPG UI Sample/UI/Parts/Button_23.png using Guid(45b131bd81d7d49439aef2159828393a) Importer(815301076,1909f56bfc062723c751e8b465ee728b)  -> (artifact id: '305429455a657c18b2ee13312a62bd7c') in 0.053559 seconds
  Import took 0.067100 seconds .

========================================================================
Received Import Request.
  Time since last request: 0.000172 seconds.
  path: Assets/Asset Packs/Fantasy RPG UI Sample/UI/Parts/FRAME_left.png
  artifactKey: Guid(f8c06873fbe07fb44b5edcb3ce991be1) Importer(815301076,1909f56bfc062723c751e8b465ee728b)
Start importing Assets/Asset Packs/Fantasy RPG UI Sample/UI/Parts/FRAME_left.png using Guid(f8c06873fbe07fb44b5edcb3ce991be1) Importer(815301076,1909f56bfc062723c751e8b465ee728b)  -> (artifact id: 'cb831599751347bee42b32f593820ee7') in 0.031769 seconds
  Import took 0.039494 seconds .

========================================================================
Received Import Request.
  Time since last request: 0.000211 seconds.
  path: Assets/Asset Packs/Fantasy RPG UI Sample/UI/Parts/InventoryButton_weapon.png
  artifactKey: Guid(344aa2512e791bb4693b61b07493b445) Importer(815301076,1909f56bfc062723c751e8b465ee728b)
Start importing Assets/Asset Packs/Fantasy RPG UI Sample/UI/Parts/InventoryButton_weapon.png using Guid(344aa2512e791bb4693b61b07493b445) Importer(815301076,1909f56bfc062723c751e8b465ee728b)  -> (artifact id: '2e01f066d99585e7e12d17f40b393b1c') in 0.029871 seconds
  Import took 0.050538 seconds .

========================================================================
Received Import Request.
  Time since last request: 0.000184 seconds.
  path: Assets/Asset Packs/Universal Gold Icons Sample/T_Head_08_Nobg.png
  artifactKey: Guid(c1b61b3a91732a747a8496fc75a13fe2) Importer(815301076,1909f56bfc062723c751e8b465ee728b)
Start importing Assets/Asset Packs/Universal Gold Icons Sample/T_Head_08_Nobg.png using Guid(c1b61b3a91732a747a8496fc75a13fe2) Importer(815301076,1909f56bfc062723c751e8b465ee728b)  -> (artifact id: 'b0404fee1d39a4bcc9cf712584394fe4') in 0.030418 seconds
  Import took 0.036663 seconds .

========================================================================
Received Import Request.
  Time since last request: 0.000176 seconds.
  path: Assets/Asset Packs/Universal Gold Icons Sample/T_Dagger_01_Nobg.png
  artifactKey: Guid(d19901b0ee3c38743a7d383bd484b0b5) Importer(815301076,1909f56bfc062723c751e8b465ee728b)
Start importing Assets/Asset Packs/Universal Gold Icons Sample/T_Dagger_01_Nobg.png using Guid(d19901b0ee3c38743a7d383bd484b0b5) Importer(815301076,1909f56bfc062723c751e8b465ee728b)  -> (artifact id: '39c18a3326146cbfbe331aebc74e0267') in 0.034154 seconds
  Import took 0.041538 seconds .

========================================================================
Received Import Request.
  Time since last request: 0.000203 seconds.
  path: Assets/Asset Packs/Fantasy RPG UI Sample/UI/Update 1.1/Button_Desk_short.png
  artifactKey: Guid(d25911b539c43cf41887fb876f6f4d71) Importer(815301076,1909f56bfc062723c751e8b465ee728b)
Start importing Assets/Asset Packs/Fantasy RPG UI Sample/UI/Update 1.1/Button_Desk_short.png using Guid(d25911b539c43cf41887fb876f6f4d71) Importer(815301076,1909f56bfc062723c751e8b465ee728b)  -> (artifact id: '78b328352b888a7f588da5e71ca74965') in 0.032184 seconds
  Import took 0.038757 seconds .

========================================================================
Received Import Request.
  Time since last request: 0.000164 seconds.
  path: Assets/Asset Packs/Universal Gold Icons Sample/Potion_01(Red)_No BG.png
  artifactKey: Guid(aba0f700d91d4fc4fa8c724899ab04ab) Importer(815301076,1909f56bfc062723c751e8b465ee728b)
Start importing Assets/Asset Packs/Universal Gold Icons Sample/Potion_01(Red)_No BG.png using Guid(aba0f700d91d4fc4fa8c724899ab04ab) Importer(815301076,1909f56bfc062723c751e8b465ee728b)  -> (artifact id: 'ed54e6c5e662779fa1194b928590f33f') in 0.043069 seconds
  Import took 0.076040 seconds .

========================================================================
Received Import Request.
  Time since last request: 0.000323 seconds.
  path: Assets/Asset Packs/Fantasy RPG UI Sample/UI/Parts/Background_01.png
  artifactKey: Guid(8e77f4013dc06ac47bf24565426fccdc) Importer(815301076,1909f56bfc062723c751e8b465ee728b)
Start importing Assets/Asset Packs/Fantasy RPG UI Sample/UI/Parts/Background_01.png using Guid(8e77f4013dc06ac47bf24565426fccdc) Importer(815301076,1909f56bfc062723c751e8b465ee728b)  -> (artifact id: 'b54f3e59dcaef4b558287136fed9f715') in 0.048817 seconds
  Import took 0.058558 seconds .

========================================================================
Received Import Request.
  Time since last request: 0.000212 seconds.
  path: Assets/Asset Packs/Fantasy RPG UI Sample/UI/Update 1.2/Menu_button_02_Little_On.png
  artifactKey: Guid(cd8c12672dc367b48b437acbfee50ed9) Importer(815301076,1909f56bfc062723c751e8b465ee728b)
Start importing Assets/Asset Packs/Fantasy RPG UI Sample/UI/Update 1.2/Menu_button_02_Little_On.png using Guid(cd8c12672dc367b48b437acbfee50ed9) Importer(815301076,1909f56bfc062723c751e8b465ee728b)  -> (artifact id: '61ffbddf27495e5f0888bc9cb0c0b1df') in 0.016051 seconds
  Import took 0.047877 seconds .

========================================================================
Received Import Request.
  Time since last request: 0.000180 seconds.
  path: Assets/Asset Packs/Universal Gold Icons Sample/T_scroll_NOBG.png
  artifactKey: Guid(a1ec2c0ddc0da634b85f0f465fec2d0d) Importer(815301076,1909f56bfc062723c751e8b465ee728b)
Start importing Assets/Asset Packs/Universal Gold Icons Sample/T_scroll_NOBG.png using Guid(a1ec2c0ddc0da634b85f0f465fec2d0d) Importer(815301076,1909f56bfc062723c751e8b465ee728b)  -> (artifact id: '33c89d73346882c12fefee6a396b09a8') in 0.017664 seconds
  Import took 0.048000 seconds .

========================================================================
Received Import Request.
  Time since last request: 0.000185 seconds.
  path: Assets/Asset Packs/Fantasy RPG UI Sample/UI/Parts/InventoryButton_shield.png
  artifactKey: Guid(f059877565627d540b227f396ad9e568) Importer(815301076,1909f56bfc062723c751e8b465ee728b)
Start importing Assets/Asset Packs/Fantasy RPG UI Sample/UI/Parts/InventoryButton_shield.png using Guid(f059877565627d540b227f396ad9e568) Importer(815301076,1909f56bfc062723c751e8b465ee728b)  -> (artifact id: 'e1dd0b98bb45efbea82d9a3a30e57b8b') in 0.026582 seconds
  Import took 0.049561 seconds .

========================================================================
Received Import Request.
  Time since last request: 0.000211 seconds.
  path: Assets/Asset Packs/Fantasy RPG UI Sample/UI/Parts/InventoryButton_gloves.png
  artifactKey: Guid(88f4bdad502a13449abc596e59f840e1) Importer(815301076,1909f56bfc062723c751e8b465ee728b)
Start importing Assets/Asset Packs/Fantasy RPG UI Sample/UI/Parts/InventoryButton_gloves.png using Guid(88f4bdad502a13449abc596e59f840e1) Importer(815301076,1909f56bfc062723c751e8b465ee728b)  -> (artifact id: '06a3c216b70c5a5f465ea9e265a303a1') in 0.028967 seconds
  Import took 0.040042 seconds .

========================================================================
Received Import Request.
  Time since last request: 0.000203 seconds.
  path: Assets/Asset Packs/Fantasy RPG UI Sample/UI/Update 1.1/ScrollingLine_Long_size.png
  artifactKey: Guid(60c5bf086c2c2bb47b102c308265ad89) Importer(815301076,1909f56bfc062723c751e8b465ee728b)
Start importing Assets/Asset Packs/Fantasy RPG UI Sample/UI/Update 1.1/ScrollingLine_Long_size.png using Guid(60c5bf086c2c2bb47b102c308265ad89) Importer(815301076,1909f56bfc062723c751e8b465ee728b)  -> (artifact id: '95b1bb8c8c92ed40cf542695565ac5f7') in 0.056072 seconds
  Import took 0.083351 seconds .

========================================================================
Received Import Request.
  Time since last request: 0.001760 seconds.
  path: Assets/Asset Packs/Universal Gold Icons Sample/T_Head_01_Nobg.png
  artifactKey: Guid(7a704c5f161380f438bfabaf93560dc3) Importer(815301076,1909f56bfc062723c751e8b465ee728b)
Start importing Assets/Asset Packs/Universal Gold Icons Sample/T_Head_01_Nobg.png using Guid(7a704c5f161380f438bfabaf93560dc3) Importer(815301076,1909f56bfc062723c751e8b465ee728b)  -> (artifact id: '26adf3182cbb6a462f4a3d4c855be753') in 0.033741 seconds
  Import took 0.068135 seconds .

========================================================================
Received Import Request.
  Time since last request: 0.000206 seconds.
  path: Assets/Asset Packs/Fantasy RPG UI Sample/UI/Parts/FRAME_right-top.png
  artifactKey: Guid(1617354d4f199c540b6a9b38e564d343) Importer(815301076,1909f56bfc062723c751e8b465ee728b)
Start importing Assets/Asset Packs/Fantasy RPG UI Sample/UI/Parts/FRAME_right-top.png using Guid(1617354d4f199c540b6a9b38e564d343) Importer(815301076,1909f56bfc062723c751e8b465ee728b)  -> (artifact id: '874c0fbd2d3c3928c04144a656849968') in 0.037273 seconds
  Import took 0.047053 seconds .

========================================================================
Received Import Request.
  Time since last request: 0.000177 seconds.
  path: Assets/Asset Packs/Universal Gold Icons Sample/T_Boots_1_b_nobg.png
  artifactKey: Guid(53f59e0f1e337114a9de3d4cdfae9210) Importer(815301076,1909f56bfc062723c751e8b465ee728b)
Start importing Assets/Asset Packs/Universal Gold Icons Sample/T_Boots_1_b_nobg.png using Guid(53f59e0f1e337114a9de3d4cdfae9210) Importer(815301076,1909f56bfc062723c751e8b465ee728b)  -> (artifact id: '5b6fd77de1a8619eb5a2db46dabdede3') in 0.034397 seconds
  Import took 0.054534 seconds .

========================================================================
Received Import Request.
  Time since last request: 0.000195 seconds.
  path: Assets/Asset Packs/Fantasy RPG UI Sample/UI/Update 1.1/Power_icon.png
  artifactKey: Guid(9415af11d73bb804c8d24343e1351132) Importer(815301076,1909f56bfc062723c751e8b465ee728b)
Start importing Assets/Asset Packs/Fantasy RPG UI Sample/UI/Update 1.1/Power_icon.png using Guid(9415af11d73bb804c8d24343e1351132) Importer(815301076,1909f56bfc062723c751e8b465ee728b)  -> (artifact id: '146ed13401e163f008b4fe63c71cb346') in 0.030325 seconds
  Import took 0.036924 seconds .

========================================================================
Received Import Request.
  Time since last request: 0.000447 seconds.
  path: Assets/Asset Packs/Fantasy RPG UI Sample/UI/Parts/Background_06.png
  artifactKey: Guid(ff128f70cb401434da05bb746522f40d) Importer(815301076,1909f56bfc062723c751e8b465ee728b)
Start importing Assets/Asset Packs/Fantasy RPG UI Sample/UI/Parts/Background_06.png using Guid(ff128f70cb401434da05bb746522f40d) Importer(815301076,1909f56bfc062723c751e8b465ee728b)  -> (artifact id: 'adc56150a7601380966777a4cf230422') in 0.031175 seconds
  Import took 0.042206 seconds .

========================================================================
Received Import Request.
  Time since last request: 0.000210 seconds.
  path: Assets/Asset Packs/Fantasy RPG UI Sample/UI/Parts/Button_05.png
  artifactKey: Guid(83069f538d9e0604a8bed52715d594c0) Importer(815301076,1909f56bfc062723c751e8b465ee728b)
Start importing Assets/Asset Packs/Fantasy RPG UI Sample/UI/Parts/Button_05.png using Guid(83069f538d9e0604a8bed52715d594c0) Importer(815301076,1909f56bfc062723c751e8b465ee728b)  -> (artifact id: 'c1fe243d57ba597fa394cc2c1c2954eb') in 0.031440 seconds
  Import took 0.038954 seconds .

========================================================================
Received Import Request.
  Time since last request: 0.000193 seconds.
  path: Assets/Asset Packs/Universal Gold Icons Sample/T_Hammer_01_Nobg.png
  artifactKey: Guid(ec22508be0cdfba4abbaeb770bef08aa) Importer(815301076,1909f56bfc062723c751e8b465ee728b)
Start importing Assets/Asset Packs/Universal Gold Icons Sample/T_Hammer_01_Nobg.png using Guid(ec22508be0cdfba4abbaeb770bef08aa) Importer(815301076,1909f56bfc062723c751e8b465ee728b)  -> (artifact id: '777ba99d043f31dc98f8d526fcdc2ba9') in 0.036071 seconds
  Import took 0.052015 seconds .

========================================================================
Received Import Request.
  Time since last request: 0.000174 seconds.
  path: Assets/Asset Packs/Fantasy RPG UI Sample/UI/Update 1.2/Button_23_On.png
  artifactKey: Guid(43343cc13a117cc4880361e6ceb31566) Importer(815301076,1909f56bfc062723c751e8b465ee728b)
Start importing Assets/Asset Packs/Fantasy RPG UI Sample/UI/Update 1.2/Button_23_On.png using Guid(43343cc13a117cc4880361e6ceb31566) Importer(815301076,1909f56bfc062723c751e8b465ee728b)  -> (artifact id: '5dd78bd961f40d67453cdc5816f4d3d7') in 0.042122 seconds
  Import took 0.096882 seconds .

========================================================================
Received Import Request.
  Time since last request: 0.000223 seconds.
  path: Assets/Asset Packs/Fantasy RPG UI Sample/UI/Parts/FRAME_right-bot.png
  artifactKey: Guid(b8df0dbac0428da459f90e9850cf44b4) Importer(815301076,1909f56bfc062723c751e8b465ee728b)
Start importing Assets/Asset Packs/Fantasy RPG UI Sample/UI/Parts/FRAME_right-bot.png using Guid(b8df0dbac0428da459f90e9850cf44b4) Importer(815301076,1909f56bfc062723c751e8b465ee728b)  -> (artifact id: '879088c5322c383af5d0e5809cd8a862') in 0.033451 seconds
  Import took 0.064184 seconds .

========================================================================
Received Import Request.
  Time since last request: 0.000398 seconds.
  path: Assets/Asset Packs/Universal Gold Icons Sample/Potion_01(Purple)_No BG.png
  artifactKey: Guid(f1dd815974b2d4240a6bc912d6585497) Importer(815301076,1909f56bfc062723c751e8b465ee728b)
Start importing Assets/Asset Packs/Universal Gold Icons Sample/Potion_01(Purple)_No BG.png using Guid(f1dd815974b2d4240a6bc912d6585497) Importer(815301076,1909f56bfc062723c751e8b465ee728b)  -> (artifact id: 'af71f03f71ce3d701359cc892a8daa6d') in 0.038049 seconds
  Import took 0.044888 seconds .

========================================================================
Received Import Request.
  Time since last request: 0.000220 seconds.
  path: Assets/Asset Packs/Fantasy RPG UI Sample/UI/Parts/InventoryButton_neck.png
  artifactKey: Guid(a2460e188fc1efb418ac53fa2715c6e7) Importer(815301076,1909f56bfc062723c751e8b465ee728b)
Start importing Assets/Asset Packs/Fantasy RPG UI Sample/UI/Parts/InventoryButton_neck.png using Guid(a2460e188fc1efb418ac53fa2715c6e7) Importer(815301076,1909f56bfc062723c751e8b465ee728b)  -> (artifact id: '4d977527830245374e4e10cbde0af5c2') in 0.032384 seconds
  Import took 0.038305 seconds .

========================================================================
Received Import Request.
  Time since last request: 0.000245 seconds.
  path: Assets/Asset Packs/Universal Gold Icons Sample/T_Gloves_02_Nobg.png
  artifactKey: Guid(f8078c2bb5ee88d4a9472f76e501e0f3) Importer(815301076,1909f56bfc062723c751e8b465ee728b)
Start importing Assets/Asset Packs/Universal Gold Icons Sample/T_Gloves_02_Nobg.png using Guid(f8078c2bb5ee88d4a9472f76e501e0f3) Importer(815301076,1909f56bfc062723c751e8b465ee728b)  -> (artifact id: 'afc4efaf8b0f270f729e5ceb67b74f05') in 0.029118 seconds
  Import took 0.049203 seconds .

========================================================================
Received Import Request.
  Time since last request: 0.000800 seconds.
  path: Assets/Asset Packs/Fantasy RPG UI Sample/UI/Parts/InventoryButton_boots.png
  artifactKey: Guid(cfa037d9ad8881747b6188967698d6ca) Importer(815301076,1909f56bfc062723c751e8b465ee728b)
Start importing Assets/Asset Packs/Fantasy RPG UI Sample/UI/Parts/InventoryButton_boots.png using Guid(cfa037d9ad8881747b6188967698d6ca) Importer(815301076,1909f56bfc062723c751e8b465ee728b)  -> (artifact id: '5ebaf48fcf8d6b42e3add8d3b4d8f63d') in 0.030512 seconds
  Import took 0.037302 seconds .

========================================================================
Received Import Request.
  Time since last request: 0.000182 seconds.
  path: Assets/Asset Packs/Fantasy RPG UI Sample/UI/Parts/FRAME_right.png
  artifactKey: Guid(bfc47da5ded1ffa4c9743736e7968b5f) Importer(815301076,1909f56bfc062723c751e8b465ee728b)
Start importing Assets/Asset Packs/Fantasy RPG UI Sample/UI/Parts/FRAME_right.png using Guid(bfc47da5ded1ffa4c9743736e7968b5f) Importer(815301076,1909f56bfc062723c751e8b465ee728b)  -> (artifact id: '6d92d95e49e17fa5e109f9bc92eb5a31') in 0.031172 seconds
  Import took 0.057320 seconds .

========================================================================
Received Import Request.
  Time since last request: 0.000241 seconds.
  path: Assets/Asset Packs/Universal Gold Icons Sample/T_Chest_04_Nobg.png
  artifactKey: Guid(7bcee3dac4c974d43b329ee45aef4c99) Importer(815301076,1909f56bfc062723c751e8b465ee728b)
Start importing Assets/Asset Packs/Universal Gold Icons Sample/T_Chest_04_Nobg.png using Guid(7bcee3dac4c974d43b329ee45aef4c99) Importer(815301076,1909f56bfc062723c751e8b465ee728b)  -> (artifact id: 'e7ee2001258065c3329d1294757d5bc5') in 0.043211 seconds
  Import took 0.055346 seconds .

========================================================================
Received Import Request.
  Time since last request: 0.000345 seconds.
  path: Assets/Asset Packs/Fantasy RPG UI Sample/UI/Parts/Button_11.png
  artifactKey: Guid(5ddf9f0620390bf4db1980ca2abb5df4) Importer(815301076,1909f56bfc062723c751e8b465ee728b)
Start importing Assets/Asset Packs/Fantasy RPG UI Sample/UI/Parts/Button_11.png using Guid(5ddf9f0620390bf4db1980ca2abb5df4) Importer(815301076,1909f56bfc062723c751e8b465ee728b)  -> (artifact id: 'ef75aaab629e5d8783b77babcfb3df92') in 0.082549 seconds
  Import took 0.093454 seconds .

========================================================================
Received Import Request.
  Time since last request: 0.000290 seconds.
  path: Assets/Asset Packs/Fantasy RPG UI Sample/UI/Parts/InventoryButton_pants.png
  artifactKey: Guid(ee69c6bad6679564ca603179e243f448) Importer(815301076,1909f56bfc062723c751e8b465ee728b)
Start importing Assets/Asset Packs/Fantasy RPG UI Sample/UI/Parts/InventoryButton_pants.png using Guid(ee69c6bad6679564ca603179e243f448) Importer(815301076,1909f56bfc062723c751e8b465ee728b)  -> (artifact id: '3c87801634bb5bea1c6c6eff1da037b7') in 0.063811 seconds
  Import took 0.085809 seconds .

========================================================================
Received Import Request.
  Time since last request: 0.000172 seconds.
  path: Assets/Asset Packs/Fantasy RPG UI Sample/UI/Parts/FRAME_top.png
  artifactKey: Guid(5e4901665d74ae04b8716a7fd72b79eb) Importer(815301076,1909f56bfc062723c751e8b465ee728b)
Start importing Assets/Asset Packs/Fantasy RPG UI Sample/UI/Parts/FRAME_top.png using Guid(5e4901665d74ae04b8716a7fd72b79eb) Importer(815301076,1909f56bfc062723c751e8b465ee728b)  -> (artifact id: '8b30b2a14210473332ad6d812c007e42') in 0.034126 seconds
  Import took 0.049378 seconds .

========================================================================
Received Import Request.
  Time since last request: 0.000203 seconds.
  path: Assets/Asset Packs/Fantasy RPG UI Sample/UI/Parts/InventoryButton_helm.png
  artifactKey: Guid(4c438a3604a96dd4d8990cc11b424f42) Importer(815301076,1909f56bfc062723c751e8b465ee728b)
Start importing Assets/Asset Packs/Fantasy RPG UI Sample/UI/Parts/InventoryButton_helm.png using Guid(4c438a3604a96dd4d8990cc11b424f42) Importer(815301076,1909f56bfc062723c751e8b465ee728b)  -> (artifact id: '92df37da1e557d875f71260e3cdccccb') in 0.056224 seconds
  Import took 0.063397 seconds .

========================================================================
Received Import Request.
  Time since last request: 0.000224 seconds.
  path: Assets/Asset Packs/Universal Gold Icons Sample/T_Pants_Nobg.png
  artifactKey: Guid(4e75d1909c6fd8844a31ebef4c5e3972) Importer(815301076,1909f56bfc062723c751e8b465ee728b)
Start importing Assets/Asset Packs/Universal Gold Icons Sample/T_Pants_Nobg.png using Guid(4e75d1909c6fd8844a31ebef4c5e3972) Importer(815301076,1909f56bfc062723c751e8b465ee728b)  -> (artifact id: '5a28eab7d0c61c07a060c9418f0f15de') in 0.035821 seconds
  Import took 0.044201 seconds .

========================================================================
Received Import Request.
  Time since last request: 0.000177 seconds.
  path: Assets/Asset Packs/Fantasy RPG UI Sample/UI/Parts/FRAME_left-top.png
  artifactKey: Guid(2f64cca59b0b8ec4783635f53e9bbb9a) Importer(815301076,1909f56bfc062723c751e8b465ee728b)
Start importing Assets/Asset Packs/Fantasy RPG UI Sample/UI/Parts/FRAME_left-top.png using Guid(2f64cca59b0b8ec4783635f53e9bbb9a) Importer(815301076,1909f56bfc062723c751e8b465ee728b)  -> (artifact id: '6e10a8457895fd25ccc767e52af7977d') in 0.033549 seconds
  Import took 0.043380 seconds .

========================================================================
Received Import Request.
  Time since last request: 127.443030 seconds.
  path: Assets/Game/UI/Inventory Canvas.prefab
  artifactKey: Guid(07dc30b6f1bbb4147acd5fd5555a18f5) Importer(815301076,1909f56bfc062723c751e8b465ee728b)
Start importing Assets/Game/UI/Inventory Canvas.prefab using Guid(07dc30b6f1bbb4147acd5fd5555a18f5) Importer(815301076,1909f56bfc062723c751e8b465ee728b)  -> (artifact id: '4f256bd3b98670caf3c60dd6a913c3b9') in 0.169730 seconds
  Import took 0.178384 seconds .

========================================================================
Received Import Request.
  Time since last request: 184.212903 seconds.
  path: Assets/Game/UI/Inventory Canvas.prefab
  artifactKey: Guid(07dc30b6f1bbb4147acd5fd5555a18f5) Importer(815301076,1909f56bfc062723c751e8b465ee728b)
Start importing Assets/Game/UI/Inventory Canvas.prefab using Guid(07dc30b6f1bbb4147acd5fd5555a18f5) Importer(815301076,1909f56bfc062723c751e8b465ee728b)  -> (artifact id: 'b86df4d7476a88be9521dd76647ffcb9') in 0.054783 seconds
  Import took 0.084218 seconds .

========================================================================
Received Prepare
Registering precompiled user dll's ...
Registered in 0.001796 seconds.
Begin MonoManager ReloadAssembly
Native extension for WindowsStandalone target not found
Native extension for WebGL target not found
Refreshing native plugins compatible for Editor in 1.34 ms, found 0 plugins.
Preloading 0 native plugins for Editor in 0.00 ms.
Invoked RoslynAnalysisRunner static constructor.
RoslynAnalysisRunner will not be running.
RoslynAnalysisRunner has terminated.
Mono: successfully reloaded assembly
- Completed reload, in  1.688 seconds
Platform modules already initialized, skipping
Shader 'Universal Render Pipeline/Particles/Lit': fallback shader 'Universal Render Pipeline/Particles/SimpleLit' not found
Refreshing native plugins compatible for Editor in 1.28 ms, found 0 plugins.
Preloading 0 native plugins for Editor in 0.00 ms.
Unloading 2248 Unused Serialized files (Serialized files now loaded: 0)
System memory in use before: 147.6 MB.
System memory in use after: 147.2 MB.

Unloading 18 unused Assets to reduce memory usage. Loaded Objects now: 2932.
Total: 4.125200 ms (FindLiveObjects: 0.490600 ms CreateObjectMapping: 0.313400 ms MarkObjects: 2.579200 ms  DeleteObjects: 0.740200 ms)

========================================================================
Received Import Request.
  Time since last request: 368.004729 seconds.
  path: Assets/Game/UI/Inventory
  artifactKey: Guid(81dffd7bb72db7449b6b635cb7049b9a) Importer(815301076,1909f56bfc062723c751e8b465ee728b)
Start importing Assets/Game/UI/Inventory using Guid(81dffd7bb72db7449b6b635cb7049b9a) Importer(815301076,1909f56bfc062723c751e8b465ee728b)  -> (artifact id: '1723c8b283cf2287732e342472088e76') in 0.014074 seconds
  Import took 0.023947 seconds .

========================================================================
Received Import Request.
  Time since last request: 0.868284 seconds.
  path: Assets/Game/UI/Inventory/ItemTooltip.prefab
  artifactKey: Guid(9ae64e5bbc82aa44fa6f44bf445d382a) Importer(815301076,1909f56bfc062723c751e8b465ee728b)
Start importing Assets/Game/UI/Inventory/ItemTooltip.prefab using Guid(9ae64e5bbc82aa44fa6f44bf445d382a) Importer(815301076,1909f56bfc062723c751e8b465ee728b)  -> (artifact id: 'e8fb9b942d42fd0e747a30f97963680a') in 0.100122 seconds
  Import took 0.144491 seconds .

========================================================================
Received Prepare
Registering precompiled user dll's ...
Registered in 0.001796 seconds.
Begin MonoManager ReloadAssembly
Native extension for WindowsStandalone target not found
Native extension for WebGL target not found
Refreshing native plugins compatible for Editor in 1.38 ms, found 0 plugins.
Preloading 0 native plugins for Editor in 0.00 ms.
Invoked RoslynAnalysisRunner static constructor.
RoslynAnalysisRunner will not be running.
RoslynAnalysisRunner has terminated.
Mono: successfully reloaded assembly
- Completed reload, in  1.066 seconds
Platform modules already initialized, skipping
Shader 'Universal Render Pipeline/Particles/Lit': fallback shader 'Universal Render Pipeline/Particles/SimpleLit' not found
Refreshing native plugins compatible for Editor in 1.37 ms, found 0 plugins.
Preloading 0 native plugins for Editor in 0.00 ms.
Unloading 2248 Unused Serialized files (Serialized files now loaded: 0)
System memory in use before: 147.6 MB.
System memory in use after: 147.2 MB.

Unloading 16 unused Assets to reduce memory usage. Loaded Objects now: 2932.
Total: 3.236700 ms (FindLiveObjects: 0.402200 ms CreateObjectMapping: 0.134200 ms MarkObjects: 2.132700 ms  DeleteObjects: 0.565700 ms)

========================================================================
Received Prepare
Registering precompiled user dll's ...
Registered in 0.002077 seconds.
Begin MonoManager ReloadAssembly
Native extension for WindowsStandalone target not found
Native extension for WebGL target not found
Refreshing native plugins compatible for Editor in 1.32 ms, found 0 plugins.
Preloading 0 native plugins for Editor in 0.00 ms.
Invoked RoslynAnalysisRunner static constructor.
RoslynAnalysisRunner will not be running.
RoslynAnalysisRunner has terminated.
Mono: successfully reloaded assembly
- Completed reload, in  1.090 seconds
Platform modules already initialized, skipping
Shader 'Universal Render Pipeline/Particles/Lit': fallback shader 'Universal Render Pipeline/Particles/SimpleLit' not found
Refreshing native plugins compatible for Editor in 1.27 ms, found 0 plugins.
Preloading 0 native plugins for Editor in 0.00 ms.
Unloading 2248 Unused Serialized files (Serialized files now loaded: 0)
System memory in use before: 147.5 MB.
System memory in use after: 147.1 MB.

Unloading 16 unused Assets to reduce memory usage. Loaded Objects now: 2932.
Total: 3.631900 ms (FindLiveObjects: 0.338700 ms CreateObjectMapping: 0.131200 ms MarkObjects: 2.594800 ms  DeleteObjects: 0.565800 ms)

========================================================================
Received Import Request.
  Time since last request: 438.239894 seconds.
  path: Assets/Game/UI/Inventory/ItemTooltip.prefab
  artifactKey: Guid(9ae64e5bbc82aa44fa6f44bf445d382a) Importer(815301076,1909f56bfc062723c751e8b465ee728b)
Start importing Assets/Game/UI/Inventory/ItemTooltip.prefab using Guid(9ae64e5bbc82aa44fa6f44bf445d382a) Importer(815301076,1909f56bfc062723c751e8b465ee728b)  -> (artifact id: 'e6aa9efa8a82c86cc1196134bd68a212') in 0.102353 seconds
  Import took 0.109804 seconds .

========================================================================
Received Prepare
Registering precompiled user dll's ...
Registered in 0.001855 seconds.
Begin MonoManager ReloadAssembly
Native extension for WindowsStandalone target not found
Native extension for WebGL target not found
Refreshing native plugins compatible for Editor in 1.36 ms, found 0 plugins.
Preloading 0 native plugins for Editor in 0.00 ms.
Invoked RoslynAnalysisRunner static constructor.
RoslynAnalysisRunner will not be running.
RoslynAnalysisRunner has terminated.
Mono: successfully reloaded assembly
- Completed reload, in  1.922 seconds
Platform modules already initialized, skipping
Shader 'Universal Render Pipeline/Particles/Lit': fallback shader 'Universal Render Pipeline/Particles/SimpleLit' not found
Refreshing native plugins compatible for Editor in 1.20 ms, found 0 plugins.
Preloading 0 native plugins for Editor in 0.00 ms.
Unloading 2248 Unused Serialized files (Serialized files now loaded: 0)
System memory in use before: 147.6 MB.
System memory in use after: 147.2 MB.

Unloading 16 unused Assets to reduce memory usage. Loaded Objects now: 2932.
Total: 3.777800 ms (FindLiveObjects: 0.702600 ms CreateObjectMapping: 0.230900 ms MarkObjects: 2.226100 ms  DeleteObjects: 0.616800 ms)

========================================================================
Received Prepare
Registering precompiled user dll's ...
Registered in 0.001856 seconds.
Begin MonoManager ReloadAssembly
Native extension for WindowsStandalone target not found
Native extension for WebGL target not found
Refreshing native plugins compatible for Editor in 1.17 ms, found 0 plugins.
Preloading 0 native plugins for Editor in 0.00 ms.
Invoked RoslynAnalysisRunner static constructor.
RoslynAnalysisRunner will not be running.
RoslynAnalysisRunner has terminated.
Mono: successfully reloaded assembly
- Completed reload, in  1.147 seconds
Platform modules already initialized, skipping
Shader 'Universal Render Pipeline/Particles/Lit': fallback shader 'Universal Render Pipeline/Particles/SimpleLit' not found
Refreshing native plugins compatible for Editor in 1.34 ms, found 0 plugins.
Preloading 0 native plugins for Editor in 0.00 ms.
Unloading 2248 Unused Serialized files (Serialized files now loaded: 0)
System memory in use before: 147.6 MB.
System memory in use after: 147.2 MB.

Unloading 16 unused Assets to reduce memory usage. Loaded Objects now: 2932.
Total: 5.174000 ms (FindLiveObjects: 0.637200 ms CreateObjectMapping: 0.420500 ms MarkObjects: 3.515700 ms  DeleteObjects: 0.597700 ms)

========================================================================
Received Import Request.
  Time since last request: 258.853525 seconds.
  path: Assets/Game/UI/Inventory/ItemTooltip.prefab
  artifactKey: Guid(9ae64e5bbc82aa44fa6f44bf445d382a) Importer(815301076,1909f56bfc062723c751e8b465ee728b)
Start importing Assets/Game/UI/Inventory/ItemTooltip.prefab using Guid(9ae64e5bbc82aa44fa6f44bf445d382a) Importer(815301076,1909f56bfc062723c751e8b465ee728b)  -> (artifact id: 'f8fea05e1b888ba0607a1c9f93614b42') in 0.108771 seconds
  Import took 0.140711 seconds .

========================================================================
Received Import Request.
  Time since last request: 10.076746 seconds.
  path: Assets/Game/UI/Inventory Canvas.prefab
  artifactKey: Guid(07dc30b6f1bbb4147acd5fd5555a18f5) Importer(815301076,1909f56bfc062723c751e8b465ee728b)
Start importing Assets/Game/UI/Inventory Canvas.prefab using Guid(07dc30b6f1bbb4147acd5fd5555a18f5) Importer(815301076,1909f56bfc062723c751e8b465ee728b)  -> (artifact id: 'ce18036036cd728377e26b7826e431c4') in 0.078592 seconds
  Import took 0.116580 seconds .

========================================================================
Received Prepare
Registering precompiled user dll's ...
Registered in 0.001899 seconds.
Begin MonoManager ReloadAssembly
Native extension for WindowsStandalone target not found
Native extension for WebGL target not found
Refreshing native plugins compatible for Editor in 1.37 ms, found 0 plugins.
Preloading 0 native plugins for Editor in 0.00 ms.
Invoked RoslynAnalysisRunner static constructor.
RoslynAnalysisRunner will not be running.
RoslynAnalysisRunner has terminated.
Mono: successfully reloaded assembly
- Completed reload, in  1.149 seconds
Platform modules already initialized, skipping
Shader 'Universal Render Pipeline/Particles/Lit': fallback shader 'Universal Render Pipeline/Particles/SimpleLit' not found
Refreshing native plugins compatible for Editor in 1.34 ms, found 0 plugins.
Preloading 0 native plugins for Editor in 0.00 ms.
Unloading 2248 Unused Serialized files (Serialized files now loaded: 0)
System memory in use before: 147.6 MB.
System memory in use after: 147.2 MB.

Unloading 18 unused Assets to reduce memory usage. Loaded Objects now: 2932.
Total: 7.611400 ms (FindLiveObjects: 0.544300 ms CreateObjectMapping: 0.354500 ms MarkObjects: 5.585700 ms  DeleteObjects: 1.123300 ms)

========================================================================
Received Prepare
Registering precompiled user dll's ...
Registered in 0.001975 seconds.
Begin MonoManager ReloadAssembly
Native extension for WindowsStandalone target not found
Native extension for WebGL target not found
Refreshing native plugins compatible for Editor in 1.38 ms, found 0 plugins.
Preloading 0 native plugins for Editor in 0.00 ms.
Invoked RoslynAnalysisRunner static constructor.
RoslynAnalysisRunner will not be running.
RoslynAnalysisRunner has terminated.
Mono: successfully reloaded assembly
- Completed reload, in  1.697 seconds
Platform modules already initialized, skipping
Shader 'Universal Render Pipeline/Particles/Lit': fallback shader 'Universal Render Pipeline/Particles/SimpleLit' not found
Refreshing native plugins compatible for Editor in 1.69 ms, found 0 plugins.
Preloading 0 native plugins for Editor in 0.00 ms.
Unloading 2248 Unused Serialized files (Serialized files now loaded: 0)
System memory in use before: 147.6 MB.
System memory in use after: 147.2 MB.

Unloading 16 unused Assets to reduce memory usage. Loaded Objects now: 2932.
Total: 4.054100 ms (FindLiveObjects: 0.556200 ms CreateObjectMapping: 0.222300 ms MarkObjects: 2.650000 ms  DeleteObjects: 0.624100 ms)

========================================================================
Received Prepare
Registering precompiled user dll's ...
Registered in 0.002224 seconds.
Begin MonoManager ReloadAssembly
Native extension for WindowsStandalone target not found
Native extension for WebGL target not found
Refreshing native plugins compatible for Editor in 3.21 ms, found 0 plugins.
Preloading 0 native plugins for Editor in 0.00 ms.
Invoked RoslynAnalysisRunner static constructor.
RoslynAnalysisRunner will not be running.
RoslynAnalysisRunner has terminated.
Mono: successfully reloaded assembly
- Completed reload, in  2.392 seconds
Platform modules already initialized, skipping
Shader 'Universal Render Pipeline/Particles/Lit': fallback shader 'Universal Render Pipeline/Particles/SimpleLit' not found
Refreshing native plugins compatible for Editor in 1.36 ms, found 0 plugins.
Preloading 0 native plugins for Editor in 0.00 ms.
Unloading 2248 Unused Serialized files (Serialized files now loaded: 0)
System memory in use before: 147.5 MB.
System memory in use after: 147.1 MB.

Unloading 16 unused Assets to reduce memory usage. Loaded Objects now: 2932.
Total: 3.260600 ms (FindLiveObjects: 0.320700 ms CreateObjectMapping: 0.127700 ms MarkObjects: 2.207800 ms  DeleteObjects: 0.603200 ms)

========================================================================
Received Prepare
Registering precompiled user dll's ...
Registered in 0.001842 seconds.
Begin MonoManager ReloadAssembly
Native extension for WindowsStandalone target not found
Native extension for WebGL target not found
Refreshing native plugins compatible for Editor in 1.17 ms, found 0 plugins.
Preloading 0 native plugins for Editor in 0.00 ms.
Invoked RoslynAnalysisRunner static constructor.
RoslynAnalysisRunner will not be running.
RoslynAnalysisRunner has terminated.
Mono: successfully reloaded assembly
- Completed reload, in  1.078 seconds
Platform modules already initialized, skipping
Shader 'Universal Render Pipeline/Particles/Lit': fallback shader 'Universal Render Pipeline/Particles/SimpleLit' not found
Refreshing native plugins compatible for Editor in 1.26 ms, found 0 plugins.
Preloading 0 native plugins for Editor in 0.00 ms.
Unloading 2248 Unused Serialized files (Serialized files now loaded: 0)
System memory in use before: 147.7 MB.
System memory in use after: 147.2 MB.

Unloading 16 unused Assets to reduce memory usage. Loaded Objects now: 2932.
Total: 3.499900 ms (FindLiveObjects: 0.343800 ms CreateObjectMapping: 0.236200 ms MarkObjects: 2.325600 ms  DeleteObjects: 0.592700 ms)

========================================================================
Received Import Request.
  Time since last request: 651.652318 seconds.
  path: Assets/Game/Wearables/Resources/Hat.asset
  artifactKey: Guid(d74a70ad3eea3dc47a1d066992f964ce) Importer(815301076,1909f56bfc062723c751e8b465ee728b)
Start importing Assets/Game/Wearables/Resources/Hat.asset using Guid(d74a70ad3eea3dc47a1d066992f964ce) Importer(815301076,1909f56bfc062723c751e8b465ee728b)  -> (artifact id: '74e5ecc1860f4a17376b4e90bdf375fb') in 0.065593 seconds
  Import took 0.088469 seconds .

========================================================================
Received Import Request.
  Time since last request: 7.000354 seconds.
  path: Assets/Game/Wearables/Resources/Hat.asset
  artifactKey: Guid(d74a70ad3eea3dc47a1d066992f964ce) Importer(815301076,1909f56bfc062723c751e8b465ee728b)
Start importing Assets/Game/Wearables/Resources/Hat.asset using Guid(d74a70ad3eea3dc47a1d066992f964ce) Importer(815301076,1909f56bfc062723c751e8b465ee728b)  -> (artifact id: 'c3ab53002bac86c37dccd31b069cc452') in 0.006958 seconds
  Import took 0.014107 seconds .

========================================================================
Received Prepare
Registering precompiled user dll's ...
Registered in 0.001950 seconds.
Begin MonoManager ReloadAssembly
Native extension for WindowsStandalone target not found
Native extension for WebGL target not found
Refreshing native plugins compatible for Editor in 1.34 ms, found 0 plugins.
Preloading 0 native plugins for Editor in 0.00 ms.
Invoked RoslynAnalysisRunner static constructor.
RoslynAnalysisRunner will not be running.
RoslynAnalysisRunner has terminated.
Mono: successfully reloaded assembly
- Completed reload, in  1.935 seconds
Platform modules already initialized, skipping
Shader 'Universal Render Pipeline/Particles/Lit': fallback shader 'Universal Render Pipeline/Particles/SimpleLit' not found
Refreshing native plugins compatible for Editor in 1.46 ms, found 0 plugins.
Preloading 0 native plugins for Editor in 0.00 ms.
Unloading 2248 Unused Serialized files (Serialized files now loaded: 0)
System memory in use before: 147.7 MB.
System memory in use after: 147.2 MB.

Unloading 16 unused Assets to reduce memory usage. Loaded Objects now: 2932.
Total: 4.354100 ms (FindLiveObjects: 0.473600 ms CreateObjectMapping: 0.320600 ms MarkObjects: 2.884700 ms  DeleteObjects: 0.673300 ms)

