Using pre-set license
Built from '2020.3/staging' branch; Version is '2020.3.0f1 (c7b5465681fb) revision 13088070'; Using compiler version '192528614'; Build Type 'Release'
OS: 'Windows 10 Pro; OS build 19042.985; Version 2009; 64bit' Language: 'en' Physical Memory: 8130 MB
BatchMode: 1, IsHumanControllingUs: 0, StartBugReporterOnCrash: 0, Is64bit: 1, IsPro: 0

 COMMAND LINE ARGUMENTS:
C:\Program Files\Unity\Hub\Editor\2020.3.0f1\Editor\Unity.exe
-adb2
-batchMode
-noUpm
-name
AssetImportWorker2
-projectPath
C:/Users/Trabalho/Documents/6S/PJ/Five Lands/Five Lands/Five Lands
-logFile
Logs/AssetImportWorker2.log
-srvPort
59673
Successfully changed project path to: C:/Users/Trabalho/Documents/6S/PJ/Five Lands/Five Lands/Five Lands
C:/Users/Trabalho/Documents/6S/PJ/Five Lands/Five Lands/Five Lands
Using Asset Import Pipeline V2.
Refreshing native plugins compatible for Editor in 115.24 ms, found 0 plugins.
Preloading 0 native plugins for Editor in 0.00 ms.
Initialize engine version: 2020.3.0f1 (c7b5465681fb)
[Subsystems] Discovering subsystems at path C:/Program Files/Unity/Hub/Editor/2020.3.0f1/Editor/Data/Resources/UnitySubsystems
[Subsystems] Discovering subsystems at path C:/Users/Trabalho/Documents/6S/PJ/Five Lands/Five Lands/Five Lands/Assets
GfxDevice: creating device client; threaded=0
Direct3D:
    Version:  Direct3D 11.0 [level 11.0]
    Renderer: NVIDIA GeForce GTX 660 (ID=0x11c0)
    Vendor:   
    VRAM:     1998 MB
    Driver:   27.21.14.5671
Shader 'Universal Render Pipeline/Particles/Lit': fallback shader 'Universal Render Pipeline/Particles/SimpleLit' not found
Initialize mono
Mono path[0] = 'C:/Program Files/Unity/Hub/Editor/2020.3.0f1/Editor/Data/Managed'
Mono path[1] = 'C:/Program Files/Unity/Hub/Editor/2020.3.0f1/Editor/Data/MonoBleedingEdge/lib/mono/unityjit'
Mono config path = 'C:/Program Files/Unity/Hub/Editor/2020.3.0f1/Editor/Data/MonoBleedingEdge/etc'
Using monoOptions --debugger-agent=transport=dt_socket,embedding=1,server=y,suspend=n,address=127.0.0.1:56764
Begin MonoManager ReloadAssembly
Registering precompiled unity dll's ...
Register platform support module: C:/Program Files/Unity/Hub/Editor/2020.3.0f1/Editor/Data/PlaybackEngines/WebGLSupport/UnityEditor.WebGL.Extensions.dll
Register platform support module: C:/Program Files/Unity/Hub/Editor/2020.3.0f1/Editor/Data/PlaybackEngines/WindowsStandaloneSupport/UnityEditor.WindowsStandalone.Extensions.dll
Registered in 0.003068 seconds.
Native extension for WindowsStandalone target not found
Native extension for WebGL target not found
Refreshing native plugins compatible for Editor in 144.81 ms, found 0 plugins.
Preloading 0 native plugins for Editor in 0.00 ms.
Invoked RoslynAnalysisRunner static constructor.
RoslynAnalysisRunner will not be running.
RoslynAnalysisRunner has terminated.
Mono: successfully reloaded assembly
- Completed reload, in  2.291 seconds
Platform modules already initialized, skipping
Registering precompiled user dll's ...
Registered in 0.002226 seconds.
Begin MonoManager ReloadAssembly
Native extension for WindowsStandalone target not found
Native extension for WebGL target not found
Refreshing native plugins compatible for Editor in 112.57 ms, found 0 plugins.
Preloading 0 native plugins for Editor in 0.00 ms.
Invoked RoslynAnalysisRunner static constructor.
RoslynAnalysisRunner will not be running.
RoslynAnalysisRunner has terminated.
Mono: successfully reloaded assembly
- Completed reload, in  1.141 seconds
Platform modules already initialized, skipping
========================================================================
Worker process is ready to serve import requests
Shader 'Universal Render Pipeline/Particles/Lit': fallback shader 'Universal Render Pipeline/Particles/SimpleLit' not found
Launched and connected shader compiler UnityShaderCompiler.exe after 0.45 seconds
Refreshing native plugins compatible for Editor in 3.35 ms, found 0 plugins.
Preloading 0 native plugins for Editor in 0.00 ms.
Unloading 2386 Unused Serialized files (Serialized files now loaded: 0)
System memory in use before: 154.9 MB.
System memory in use after: 155.1 MB.

Unloading 5 unused Assets to reduce memory usage. Loaded Objects now: 2854.
Total: 4.771500 ms (FindLiveObjects: 0.554900 ms CreateObjectMapping: 0.466200 ms MarkObjects: 3.471200 ms  DeleteObjects: 0.277500 ms)

========================================================================
Received Import Request.
  path: Assets/Asset Packs/LowPoly Nature Pack/Meshes/Animals/Wolf_1.fbx
  artifactKey: Guid(df640c3450d954d668bc6590530fcbc2) Importer(815301076,1909f56bfc062723c751e8b465ee728b)
Start importing Assets/Asset Packs/LowPoly Nature Pack/Meshes/Animals/Wolf_1.fbx using Guid(df640c3450d954d668bc6590530fcbc2) Importer(815301076,1909f56bfc062723c751e8b465ee728b)  -> (artifact id: '250871491f9a5a640cc41d8e48e0dc5d') in 1.505804 seconds
  Import took 1.532248 seconds .

========================================================================
Received Import Request.
  Time since last request: 0.016972 seconds.
  path: Assets/Asset Packs/LowPoly Nature Pack/Prefabs/Animals/Wolf_1.prefab
  artifactKey: Guid(d34251915c458411ab724b6be241262e) Importer(815301076,1909f56bfc062723c751e8b465ee728b)
Start importing Assets/Asset Packs/LowPoly Nature Pack/Prefabs/Animals/Wolf_1.prefab using Guid(d34251915c458411ab724b6be241262e) Importer(815301076,1909f56bfc062723c751e8b465ee728b)  -> (artifact id: '866982b60c1a9a09f796e635adf9a9b5') in 0.079496 seconds
  Import took 0.125958 seconds .

========================================================================
Received Import Request.
  Time since last request: 9.260734 seconds.
  path: Assets/Game/Characters/Non-HumanEnemies/Wolf Grey.prefab
  artifactKey: Guid(25c5f9ce3eb80dc4fb6ebe818e6ab61d) Importer(815301076,1909f56bfc062723c751e8b465ee728b)
Start importing Assets/Game/Characters/Non-HumanEnemies/Wolf Grey.prefab using Guid(25c5f9ce3eb80dc4fb6ebe818e6ab61d) Importer(815301076,1909f56bfc062723c751e8b465ee728b)  -> (artifact id: '92dfe73b26fd78bc89626ac28c49a288') in 0.516306 seconds
  Import took 0.570311 seconds .

========================================================================
Received Prepare
Registering precompiled user dll's ...
Registered in 0.001840 seconds.
Begin MonoManager ReloadAssembly
Native extension for WindowsStandalone target not found
Native extension for WebGL target not found
Refreshing native plugins compatible for Editor in 1.19 ms, found 0 plugins.
Preloading 0 native plugins for Editor in 0.00 ms.
Invoked RoslynAnalysisRunner static constructor.
RoslynAnalysisRunner will not be running.
RoslynAnalysisRunner has terminated.
Mono: successfully reloaded assembly
- Completed reload, in  1.086 seconds
Platform modules already initialized, skipping
Shader 'Universal Render Pipeline/Particles/Lit': fallback shader 'Universal Render Pipeline/Particles/SimpleLit' not found
Refreshing native plugins compatible for Editor in 2.99 ms, found 0 plugins.
Preloading 0 native plugins for Editor in 0.00 ms.
Unloading 2251 Unused Serialized files (Serialized files now loaded: 0)
System memory in use before: 167.6 MB.
System memory in use after: 167.7 MB.

Unloading 3 unused Assets to reduce memory usage. Loaded Objects now: 2938.
Total: 5.149100 ms (FindLiveObjects: 0.524200 ms CreateObjectMapping: 0.307300 ms MarkObjects: 4.127300 ms  DeleteObjects: 0.187300 ms)

========================================================================
Received Import Request.
  Time since last request: 200.437302 seconds.
  path: Assets/Game/Characters/Non-HumanEnemies/WolfAnimationController 1.controller
  artifactKey: Guid(457b7713aab542d47abe8b20399110e6) Importer(815301076,1909f56bfc062723c751e8b465ee728b)
Start importing Assets/Game/Characters/Non-HumanEnemies/WolfAnimationController 1.controller using Guid(457b7713aab542d47abe8b20399110e6) Importer(815301076,1909f56bfc062723c751e8b465ee728b)  -> (artifact id: '2c8628c6958cd6611fc606455b33d997') in 0.292527 seconds
  Import took 0.341619 seconds .

========================================================================
Received Prepare
Registering precompiled user dll's ...
Registered in 0.040561 seconds.
Begin MonoManager ReloadAssembly
Native extension for WindowsStandalone target not found
Native extension for WebGL target not found
Refreshing native plugins compatible for Editor in 1.29 ms, found 0 plugins.
Preloading 0 native plugins for Editor in 0.00 ms.
Invoked RoslynAnalysisRunner static constructor.
RoslynAnalysisRunner will not be running.
RoslynAnalysisRunner has terminated.
Mono: successfully reloaded assembly
- Completed reload, in  2.807 seconds
Platform modules already initialized, skipping
Shader 'Universal Render Pipeline/Particles/Lit': fallback shader 'Universal Render Pipeline/Particles/SimpleLit' not found
Refreshing native plugins compatible for Editor in 3.17 ms, found 0 plugins.
Preloading 0 native plugins for Editor in 0.00 ms.
Unloading 2251 Unused Serialized files (Serialized files now loaded: 0)
System memory in use before: 167.6 MB.
System memory in use after: 167.8 MB.

Unloading 3 unused Assets to reduce memory usage. Loaded Objects now: 2938.
Total: 4.882300 ms (FindLiveObjects: 0.510900 ms CreateObjectMapping: 0.373800 ms MarkObjects: 3.787700 ms  DeleteObjects: 0.206600 ms)

========================================================================
Received Import Request.
  Time since last request: 163.966341 seconds.
  path: Assets/Game/Characters/Non-HumanEnemies/WolfAnimationController 2.controller
  artifactKey: Guid(3bf0f0be99630db49a87c20de1b529d6) Importer(815301076,1909f56bfc062723c751e8b465ee728b)
Start importing Assets/Game/Characters/Non-HumanEnemies/WolfAnimationController 2.controller using Guid(3bf0f0be99630db49a87c20de1b529d6) Importer(815301076,1909f56bfc062723c751e8b465ee728b)  -> (artifact id: 'c17417c82f31c0ffd40aff74e79dff8b') in 0.454015 seconds
  Import took 0.496637 seconds .

========================================================================
Received Import Request.
  Time since last request: 32.537531 seconds.
  path: Assets/Asset Packs/polyperfect/Low Poly Animated Animals/- Meshes/Animals/Wolf/Wolf_0.fbx
  artifactKey: Guid(a2fbbf5d8f0eb614b863829be7c21396) Importer(815301076,1909f56bfc062723c751e8b465ee728b)
Start importing Assets/Asset Packs/polyperfect/Low Poly Animated Animals/- Meshes/Animals/Wolf/Wolf_0.fbx using Guid(a2fbbf5d8f0eb614b863829be7c21396) Importer(815301076,1909f56bfc062723c751e8b465ee728b)  -> (artifact id: 'e4b31d08e7b40fd7d16bbfd6cc9daa61') in 0.636104 seconds
  Import took 0.686243 seconds .

========================================================================
Received Import Request.
  Time since last request: 71.487995 seconds.
  path: Assets/Game/Characters/Non-HumanEnemies/WolfAnimationController 1.controller
  artifactKey: Guid(457b7713aab542d47abe8b20399110e6) Importer(815301076,1909f56bfc062723c751e8b465ee728b)
Start importing Assets/Game/Characters/Non-HumanEnemies/WolfAnimationController 1.controller using Guid(457b7713aab542d47abe8b20399110e6) Importer(815301076,1909f56bfc062723c751e8b465ee728b)  -> (artifact id: '882e35e491928f171461b89db818e6aa') in 0.141605 seconds
  Import took 0.167928 seconds .

========================================================================
Received Import Request.
  Time since last request: 18.503355 seconds.
  path: Assets/Game/Characters/Non-HumanEnemies/WolfAnimationController 2.controller
  artifactKey: Guid(3bf0f0be99630db49a87c20de1b529d6) Importer(815301076,1909f56bfc062723c751e8b465ee728b)
Start importing Assets/Game/Characters/Non-HumanEnemies/WolfAnimationController 2.controller using Guid(3bf0f0be99630db49a87c20de1b529d6) Importer(815301076,1909f56bfc062723c751e8b465ee728b)  -> (artifact id: '4bd66cc1302dce849e05fac7142a2aaa') in 0.136004 seconds
  Import took 0.164711 seconds .

========================================================================
Received Prepare
Registering precompiled user dll's ...
Registered in 0.001767 seconds.
Begin MonoManager ReloadAssembly
Native extension for WindowsStandalone target not found
Native extension for WebGL target not found
Refreshing native plugins compatible for Editor in 1.55 ms, found 0 plugins.
Preloading 0 native plugins for Editor in 0.00 ms.
Invoked RoslynAnalysisRunner static constructor.
RoslynAnalysisRunner will not be running.
RoslynAnalysisRunner has terminated.
Mono: successfully reloaded assembly
- Completed reload, in  1.190 seconds
Platform modules already initialized, skipping
Shader 'Universal Render Pipeline/Particles/Lit': fallback shader 'Universal Render Pipeline/Particles/SimpleLit' not found
Refreshing native plugins compatible for Editor in 3.20 ms, found 0 plugins.
Preloading 0 native plugins for Editor in 0.00 ms.
Unloading 2251 Unused Serialized files (Serialized files now loaded: 0)
System memory in use before: 167.8 MB.
System memory in use after: 168.0 MB.

Unloading 3 unused Assets to reduce memory usage. Loaded Objects now: 2974.
Total: 6.000300 ms (FindLiveObjects: 0.609700 ms CreateObjectMapping: 0.307900 ms MarkObjects: 4.855000 ms  DeleteObjects: 0.224600 ms)

========================================================================
Received Import Request.
  Time since last request: 360.612067 seconds.
  path: Assets/Game/Characters/Non-HumanEnemies/WolfPack.prefab
  artifactKey: Guid(0b174626d130e0a49baf8fb189cddcdc) Importer(815301076,1909f56bfc062723c751e8b465ee728b)
Start importing Assets/Game/Characters/Non-HumanEnemies/WolfPack.prefab using Guid(0b174626d130e0a49baf8fb189cddcdc) Importer(815301076,1909f56bfc062723c751e8b465ee728b)  -> (artifact id: 'ab3395c882a3ff40cdd82847019874b5') in 1.144248 seconds
  Import took 1.203631 seconds .

========================================================================
Received Prepare
Registering precompiled user dll's ...
Registered in 0.001970 seconds.
Begin MonoManager ReloadAssembly
Native extension for WindowsStandalone target not found
Native extension for WebGL target not found
Refreshing native plugins compatible for Editor in 1.55 ms, found 0 plugins.
Preloading 0 native plugins for Editor in 0.00 ms.
Invoked RoslynAnalysisRunner static constructor.
RoslynAnalysisRunner will not be running.
RoslynAnalysisRunner has terminated.
Mono: successfully reloaded assembly
- Completed reload, in  1.035 seconds
Platform modules already initialized, skipping
Shader 'Universal Render Pipeline/Particles/Lit': fallback shader 'Universal Render Pipeline/Particles/SimpleLit' not found
Refreshing native plugins compatible for Editor in 2.53 ms, found 0 plugins.
Preloading 0 native plugins for Editor in 0.00 ms.
Unloading 2251 Unused Serialized files (Serialized files now loaded: 0)
System memory in use before: 168.5 MB.
System memory in use after: 168.7 MB.

Unloading 3 unused Assets to reduce memory usage. Loaded Objects now: 3010.
Total: 4.521600 ms (FindLiveObjects: 0.573800 ms CreateObjectMapping: 0.351500 ms MarkObjects: 3.410600 ms  DeleteObjects: 0.182900 ms)

========================================================================
Received Prepare
Registering precompiled user dll's ...
Registered in 0.002224 seconds.
Begin MonoManager ReloadAssembly
Native extension for WindowsStandalone target not found
Native extension for WebGL target not found
Refreshing native plugins compatible for Editor in 1.72 ms, found 0 plugins.
Preloading 0 native plugins for Editor in 0.00 ms.
Invoked RoslynAnalysisRunner static constructor.
RoslynAnalysisRunner will not be running.
RoslynAnalysisRunner has terminated.
Mono: successfully reloaded assembly
- Completed reload, in  1.118 seconds
Platform modules already initialized, skipping
Shader 'Universal Render Pipeline/Particles/Lit': fallback shader 'Universal Render Pipeline/Particles/SimpleLit' not found
Refreshing native plugins compatible for Editor in 4.78 ms, found 0 plugins.
Preloading 0 native plugins for Editor in 0.00 ms.
Unloading 2251 Unused Serialized files (Serialized files now loaded: 0)
System memory in use before: 168.4 MB.
System memory in use after: 168.6 MB.

Unloading 3 unused Assets to reduce memory usage. Loaded Objects now: 3010.
Total: 6.018100 ms (FindLiveObjects: 0.596800 ms CreateObjectMapping: 0.325100 ms MarkObjects: 4.843700 ms  DeleteObjects: 0.249100 ms)

========================================================================
Received Import Request.
  Time since last request: 569.124688 seconds.
  path: Assets/Asset Packs/polyperfect/Low Poly Animated Animals/- Prefabs/Animals/Polar Bear.prefab
  artifactKey: Guid(6ee0769bd911abd4aad799c0b81cab00) Importer(815301076,1909f56bfc062723c751e8b465ee728b)
Start importing Assets/Asset Packs/polyperfect/Low Poly Animated Animals/- Prefabs/Animals/Polar Bear.prefab using Guid(6ee0769bd911abd4aad799c0b81cab00) Importer(815301076,1909f56bfc062723c751e8b465ee728b)  -> (artifact id: 'c7a4416a55505c2b969c7273ca07d08d') in 0.790910 seconds
  Import took 0.826793 seconds .

========================================================================
Received Import Request.
  Time since last request: 62.537767 seconds.
  path: Assets/Game/Characters/Non-HumanEnemies/BearAnimationController.controller
  artifactKey: Guid(8d00e7e4fe605e0449a18fb7af9011f0) Importer(815301076,1909f56bfc062723c751e8b465ee728b)
Start importing Assets/Game/Characters/Non-HumanEnemies/BearAnimationController.controller using Guid(8d00e7e4fe605e0449a18fb7af9011f0) Importer(815301076,1909f56bfc062723c751e8b465ee728b)  -> (artifact id: '6c3b7aee260ed5dd45bcdcb0a80dc4be') in 0.245528 seconds
  Import took 0.280534 seconds .

========================================================================
Received Import Request.
  Time since last request: 95.560588 seconds.
  path: Assets/Game/Characters/Non-HumanEnemies/Bear.prefab
  artifactKey: Guid(dfa3a994596649b4bad820b4b27493cf) Importer(815301076,1909f56bfc062723c751e8b465ee728b)
Start importing Assets/Game/Characters/Non-HumanEnemies/Bear.prefab using Guid(dfa3a994596649b4bad820b4b27493cf) Importer(815301076,1909f56bfc062723c751e8b465ee728b)  -> (artifact id: '4a4394a3ee70107447f603b3a8af2c7e') in 0.439395 seconds
  Import took 0.477702 seconds .

========================================================================
Received Import Request.
  Time since last request: 41.193368 seconds.
  path: Assets/Game/Characters/Non-HumanEnemies/Bear.prefab
  artifactKey: Guid(dfa3a994596649b4bad820b4b27493cf) Importer(815301076,1909f56bfc062723c751e8b465ee728b)
Start importing Assets/Game/Characters/Non-HumanEnemies/Bear.prefab using Guid(dfa3a994596649b4bad820b4b27493cf) Importer(815301076,1909f56bfc062723c751e8b465ee728b)  -> (artifact id: '55302fd1faaa239ea40bf7513f56dee3') in 0.119498 seconds
  Import took 0.150147 seconds .

========================================================================
Received Prepare
Registering precompiled user dll's ...
Registered in 0.002075 seconds.
Begin MonoManager ReloadAssembly
Native extension for WindowsStandalone target not found
Native extension for WebGL target not found
Refreshing native plugins compatible for Editor in 1.54 ms, found 0 plugins.
Preloading 0 native plugins for Editor in 0.00 ms.
Invoked RoslynAnalysisRunner static constructor.
RoslynAnalysisRunner will not be running.
RoslynAnalysisRunner has terminated.
Mono: successfully reloaded assembly
- Completed reload, in  1.032 seconds
Platform modules already initialized, skipping
Shader 'Universal Render Pipeline/Particles/Lit': fallback shader 'Universal Render Pipeline/Particles/SimpleLit' not found
Refreshing native plugins compatible for Editor in 4.61 ms, found 0 plugins.
Preloading 0 native plugins for Editor in 0.00 ms.
Unloading 2251 Unused Serialized files (Serialized files now loaded: 0)
System memory in use before: 168.7 MB.
System memory in use after: 168.9 MB.

Unloading 3 unused Assets to reduce memory usage. Loaded Objects now: 3046.
Total: 3.788200 ms (FindLiveObjects: 0.466900 ms CreateObjectMapping: 0.223700 ms MarkObjects: 2.946900 ms  DeleteObjects: 0.148300 ms)

========================================================================
Received Import Request.
  Time since last request: 241.796138 seconds.
  path: Assets/Asset Packs/polyperfect/Low Poly Animated Animals/- Meshes/Animals/Bear/Polar_Bear_StandUp.anim
  artifactKey: Guid(5cea0265d45b7534ca6eae8e6413128d) Importer(815301076,1909f56bfc062723c751e8b465ee728b)
Start importing Assets/Asset Packs/polyperfect/Low Poly Animated Animals/- Meshes/Animals/Bear/Polar_Bear_StandUp.anim using Guid(5cea0265d45b7534ca6eae8e6413128d) Importer(815301076,1909f56bfc062723c751e8b465ee728b)  -> (artifact id: '6263e8c7b70882420e935c907a3fcf27') in 0.154143 seconds
  Import took 0.194844 seconds .

========================================================================
Received Import Request.
  Time since last request: 0.000246 seconds.
  path: Assets/Game/Characters/Non-HumanEnemies/BearAnimationController.controller
  artifactKey: Guid(8d00e7e4fe605e0449a18fb7af9011f0) Importer(815301076,1909f56bfc062723c751e8b465ee728b)
Start importing Assets/Game/Characters/Non-HumanEnemies/BearAnimationController.controller using Guid(8d00e7e4fe605e0449a18fb7af9011f0) Importer(815301076,1909f56bfc062723c751e8b465ee728b)  -> (artifact id: '7b7d277e8bcb971d5eb9960a91e05a5a') in 0.114106 seconds
  Import took 0.145061 seconds .

========================================================================
Received Import Request.
  Time since last request: 0.000250 seconds.
  path: Assets/Asset Packs/polyperfect/Low Poly Animated Animals/- Meshes/Animals/Bear/Polar_Bear_StandUp_Attack.anim
  artifactKey: Guid(ac24fc62ef9823a4db6b00ee3d399a72) Importer(815301076,1909f56bfc062723c751e8b465ee728b)
Start importing Assets/Asset Packs/polyperfect/Low Poly Animated Animals/- Meshes/Animals/Bear/Polar_Bear_StandUp_Attack.anim using Guid(ac24fc62ef9823a4db6b00ee3d399a72) Importer(815301076,1909f56bfc062723c751e8b465ee728b)  -> (artifact id: 'fb6c3a06f3b8dce43863ba2cf203549c') in 0.049791 seconds
  Import took 0.088788 seconds .

========================================================================
Received Prepare
Registering precompiled user dll's ...
Registered in 0.001752 seconds.
Begin MonoManager ReloadAssembly
Native extension for WindowsStandalone target not found
Native extension for WebGL target not found
Refreshing native plugins compatible for Editor in 1.36 ms, found 0 plugins.
Preloading 0 native plugins for Editor in 0.00 ms.
Invoked RoslynAnalysisRunner static constructor.
RoslynAnalysisRunner will not be running.
RoslynAnalysisRunner has terminated.
Mono: successfully reloaded assembly
- Completed reload, in  1.043 seconds
Platform modules already initialized, skipping
Shader 'Universal Render Pipeline/Particles/Lit': fallback shader 'Universal Render Pipeline/Particles/SimpleLit' not found
Refreshing native plugins compatible for Editor in 3.48 ms, found 0 plugins.
Preloading 0 native plugins for Editor in 0.00 ms.
Unloading 2251 Unused Serialized files (Serialized files now loaded: 0)
System memory in use before: 168.8 MB.
System memory in use after: 168.9 MB.

Unloading 3 unused Assets to reduce memory usage. Loaded Objects now: 3046.
Total: 5.450800 ms (FindLiveObjects: 0.627100 ms CreateObjectMapping: 0.315800 ms MarkObjects: 4.292200 ms  DeleteObjects: 0.213500 ms)

========================================================================
Received Prepare
Registering precompiled user dll's ...
Registered in 0.001843 seconds.
Begin MonoManager ReloadAssembly
Native extension for WindowsStandalone target not found
Native extension for WebGL target not found
Refreshing native plugins compatible for Editor in 1.50 ms, found 0 plugins.
Preloading 0 native plugins for Editor in 0.00 ms.
Invoked RoslynAnalysisRunner static constructor.
RoslynAnalysisRunner will not be running.
RoslynAnalysisRunner has terminated.
Mono: successfully reloaded assembly
- Completed reload, in  1.148 seconds
Platform modules already initialized, skipping
Shader 'Universal Render Pipeline/Particles/Lit': fallback shader 'Universal Render Pipeline/Particles/SimpleLit' not found
Refreshing native plugins compatible for Editor in 5.05 ms, found 0 plugins.
Preloading 0 native plugins for Editor in 0.00 ms.
Unloading 2251 Unused Serialized files (Serialized files now loaded: 0)
System memory in use before: 168.8 MB.
System memory in use after: 168.9 MB.

Unloading 3 unused Assets to reduce memory usage. Loaded Objects now: 3046.
Total: 8.026000 ms (FindLiveObjects: 0.642900 ms CreateObjectMapping: 0.388200 ms MarkObjects: 6.629100 ms  DeleteObjects: 0.361400 ms)

========================================================================
Received Prepare
Registering precompiled user dll's ...
Registered in 0.040751 seconds.
Begin MonoManager ReloadAssembly
Native extension for WindowsStandalone target not found
Native extension for WebGL target not found
Refreshing native plugins compatible for Editor in 1.24 ms, found 0 plugins.
Preloading 0 native plugins for Editor in 0.00 ms.
Invoked RoslynAnalysisRunner static constructor.
RoslynAnalysisRunner will not be running.
RoslynAnalysisRunner has terminated.
Mono: successfully reloaded assembly
- Completed reload, in  2.907 seconds
Platform modules already initialized, skipping
Shader 'Universal Render Pipeline/Particles/Lit': fallback shader 'Universal Render Pipeline/Particles/SimpleLit' not found
Refreshing native plugins compatible for Editor in 4.98 ms, found 0 plugins.
Preloading 0 native plugins for Editor in 0.00 ms.
Unloading 2251 Unused Serialized files (Serialized files now loaded: 0)
System memory in use before: 168.8 MB.
System memory in use after: 168.9 MB.

Unloading 3 unused Assets to reduce memory usage. Loaded Objects now: 3046.
Total: 4.606400 ms (FindLiveObjects: 0.521500 ms CreateObjectMapping: 0.303900 ms MarkObjects: 3.597200 ms  DeleteObjects: 0.181400 ms)

========================================================================
Received Prepare
Registering precompiled user dll's ...
Registered in 0.001748 seconds.
Begin MonoManager ReloadAssembly
Native extension for WindowsStandalone target not found
Native extension for WebGL target not found
Refreshing native plugins compatible for Editor in 2.12 ms, found 0 plugins.
Preloading 0 native plugins for Editor in 0.00 ms.
Invoked RoslynAnalysisRunner static constructor.
RoslynAnalysisRunner will not be running.
RoslynAnalysisRunner has terminated.
Mono: successfully reloaded assembly
- Completed reload, in  1.064 seconds
Platform modules already initialized, skipping
Shader 'Universal Render Pipeline/Particles/Lit': fallback shader 'Universal Render Pipeline/Particles/SimpleLit' not found
Refreshing native plugins compatible for Editor in 5.25 ms, found 0 plugins.
Preloading 0 native plugins for Editor in 0.00 ms.
Unloading 2251 Unused Serialized files (Serialized files now loaded: 0)
System memory in use before: 168.7 MB.
System memory in use after: 168.8 MB.

Unloading 3 unused Assets to reduce memory usage. Loaded Objects now: 3046.
Total: 5.843000 ms (FindLiveObjects: 0.553700 ms CreateObjectMapping: 0.343500 ms MarkObjects: 4.694200 ms  DeleteObjects: 0.220500 ms)

========================================================================
Received Import Request.
  Time since last request: 1324.367497 seconds.
  path: Assets/Asset Packs/polyperfect/Low Poly Animated Animals/- Sounds
  artifactKey: Guid(77a1fe6c73f764eeda581d0707245875) Importer(815301076,1909f56bfc062723c751e8b465ee728b)
Start importing Assets/Asset Packs/polyperfect/Low Poly Animated Animals/- Sounds using Guid(77a1fe6c73f764eeda581d0707245875) Importer(815301076,1909f56bfc062723c751e8b465ee728b)  -> (artifact id: 'e77fcc09fd55385d713bc1c95275060b') in 0.140697 seconds
  Import took 0.202878 seconds .

========================================================================
Received Import Request.
  Time since last request: 7.892289 seconds.
  path: Assets/Asset Packs/polyperfect/Low Poly Animated Animals/- Navmesh
  artifactKey: Guid(8524c0903636746a6b82eec537319911) Importer(815301076,1909f56bfc062723c751e8b465ee728b)
Start importing Assets/Asset Packs/polyperfect/Low Poly Animated Animals/- Navmesh using Guid(8524c0903636746a6b82eec537319911) Importer(815301076,1909f56bfc062723c751e8b465ee728b)  -> (artifact id: '0a2d50c0567bae14fcf7976343447967') in 0.030614 seconds
  Import took 0.084589 seconds .

========================================================================
Received Import Request.
  Time since last request: 4.089804 seconds.
  path: Assets/Asset Packs/polyperfect/Low Poly Animated Animals/- Prefabs/Props
  artifactKey: Guid(46e791cf325e44ac0932227d402021c2) Importer(815301076,1909f56bfc062723c751e8b465ee728b)
Start importing Assets/Asset Packs/polyperfect/Low Poly Animated Animals/- Prefabs/Props using Guid(46e791cf325e44ac0932227d402021c2) Importer(815301076,1909f56bfc062723c751e8b465ee728b)  -> (artifact id: 'd1d55d8278219c1e77780aa0e651d848') in 0.022163 seconds
  Import took 0.064593 seconds .

========================================================================
Received Import Request.
  Time since last request: 1.307644 seconds.
  path: Assets/Asset Packs/polyperfect/Low Poly Animated Animals/- Prefabs/Props/fence-classic.prefab
  artifactKey: Guid(5b5ea93c44ed4437781305935ec54576) Importer(815301076,1909f56bfc062723c751e8b465ee728b)
Start importing Assets/Asset Packs/polyperfect/Low Poly Animated Animals/- Prefabs/Props/fence-classic.prefab using Guid(5b5ea93c44ed4437781305935ec54576) Importer(815301076,1909f56bfc062723c751e8b465ee728b)  -> (artifact id: '4c3e6e25a52f3edb4edd1c43b7455df8') in 0.712134 seconds
  Import took 0.754340 seconds .

========================================================================
Received Import Request.
  Time since last request: 2.515111 seconds.
  path: Assets/Asset Packs/polyperfect/Low Poly Animated Animals/- Prefabs/UI
  artifactKey: Guid(2bbf352b872d71e48aa32ad6ec1e4061) Importer(815301076,1909f56bfc062723c751e8b465ee728b)
Start importing Assets/Asset Packs/polyperfect/Low Poly Animated Animals/- Prefabs/UI using Guid(2bbf352b872d71e48aa32ad6ec1e4061) Importer(815301076,1909f56bfc062723c751e8b465ee728b)  -> (artifact id: '8dd2dacd44d941388b4c5b6ce42c5c47') in 0.042581 seconds
  Import took 0.090208 seconds .

========================================================================
Received Import Request.
  Time since last request: 0.766886 seconds.
  path: Assets/Asset Packs/polyperfect/Low Poly Animated Animals/- Prefabs/UI/button.prefab
  artifactKey: Guid(5389548e06b86a043b3649e0edce3590) Importer(815301076,1909f56bfc062723c751e8b465ee728b)
Start importing Assets/Asset Packs/polyperfect/Low Poly Animated Animals/- Prefabs/UI/button.prefab using Guid(5389548e06b86a043b3649e0edce3590) Importer(815301076,1909f56bfc062723c751e8b465ee728b)  -> (artifact id: 'fef7bf53e6e896c6d62d18e7b67bcebd') in 0.023694 seconds
  Import took 0.045932 seconds .

========================================================================
Received Import Request.
  Time since last request: 0.082145 seconds.
  path: Assets/Asset Packs/polyperfect/Low Poly Animated Animals/- Prefabs/UI/button.prefab
  artifactKey: Guid(5389548e06b86a043b3649e0edce3590) Importer(815301076,1909f56bfc062723c751e8b465ee728b)
Start importing Assets/Asset Packs/polyperfect/Low Poly Animated Animals/- Prefabs/UI/button.prefab using Guid(5389548e06b86a043b3649e0edce3590) Importer(815301076,1909f56bfc062723c751e8b465ee728b)  -> (artifact id: 'fef7bf53e6e896c6d62d18e7b67bcebd') in 0.006556 seconds
  Import took 0.014315 seconds .

========================================================================
Received Import Request.
  Time since last request: 3.578489 seconds.
  path: Assets/Asset Packs/polyperfect/Low Poly Animated Animals/- Prefabs/Nature
  artifactKey: Guid(bf57536cc7a3a4ff4b788cfb7fc34246) Importer(815301076,1909f56bfc062723c751e8b465ee728b)
Start importing Assets/Asset Packs/polyperfect/Low Poly Animated Animals/- Prefabs/Nature using Guid(bf57536cc7a3a4ff4b788cfb7fc34246) Importer(815301076,1909f56bfc062723c751e8b465ee728b)  -> (artifact id: '4c0a91623656c5d9f1ecd855ac6b67a5') in 0.008456 seconds
  Import took 0.031841 seconds .

========================================================================
Received Import Request.
  Time since last request: 5.645004 seconds.
  path: Assets/Asset Packs/polyperfect/Low Poly Animated Animals/- Prefabs/Animals/Starfish.prefab
  artifactKey: Guid(3f5c613256bb8481cbafc1d34aa1184e) Importer(815301076,1909f56bfc062723c751e8b465ee728b)
Start importing Assets/Asset Packs/polyperfect/Low Poly Animated Animals/- Prefabs/Animals/Starfish.prefab using Guid(3f5c613256bb8481cbafc1d34aa1184e) Importer(815301076,1909f56bfc062723c751e8b465ee728b)  -> (artifact id: '08bbf58701797a262fe76763fca0fd4a') in 0.358749 seconds
  Import took 0.368080 seconds .

========================================================================
Received Import Request.
  Time since last request: 2.920276 seconds.
  path: Assets/Asset Packs/polyperfect/Low Poly Animated Animals/- Prefabs/Animals/Spider Green.prefab
  artifactKey: Guid(c4fa44d6ad133e0409f10009615a9247) Importer(815301076,1909f56bfc062723c751e8b465ee728b)
Start importing Assets/Asset Packs/polyperfect/Low Poly Animated Animals/- Prefabs/Animals/Spider Green.prefab using Guid(c4fa44d6ad133e0409f10009615a9247) Importer(815301076,1909f56bfc062723c751e8b465ee728b)  -> (artifact id: '1f997e3f2aa55d4d0c9b56daa773aa37') in 0.120935 seconds
  Import took 0.151837 seconds .

========================================================================
Received Import Request.
  Time since last request: 1.361453 seconds.
  path: Assets/Asset Packs/polyperfect/Low Poly Animated Animals/- Prefabs/Animals/Snake Yellow.prefab
  artifactKey: Guid(d1b394efe4dbeb14f8a20e2e04bf1d80) Importer(815301076,1909f56bfc062723c751e8b465ee728b)
Start importing Assets/Asset Packs/polyperfect/Low Poly Animated Animals/- Prefabs/Animals/Snake Yellow.prefab using Guid(d1b394efe4dbeb14f8a20e2e04bf1d80) Importer(815301076,1909f56bfc062723c751e8b465ee728b)  -> (artifact id: 'b75ae412ede9d728d91c8afea617483a') in 0.500160 seconds
  Import took 0.542704 seconds .

========================================================================
Received Import Request.
  Time since last request: 0.744007 seconds.
  path: Assets/Asset Packs/polyperfect/Low Poly Animated Animals/- Prefabs/Animals/Snake Red.prefab
  artifactKey: Guid(b18f11080da58d0449ec9da835a6123a) Importer(815301076,1909f56bfc062723c751e8b465ee728b)
Start importing Assets/Asset Packs/polyperfect/Low Poly Animated Animals/- Prefabs/Animals/Snake Red.prefab using Guid(b18f11080da58d0449ec9da835a6123a) Importer(815301076,1909f56bfc062723c751e8b465ee728b)  -> (artifact id: '84886daf5b3b5119e99cd03f35fb047f') in 0.442777 seconds
  Import took 0.472330 seconds .

========================================================================
Received Import Request.
  Time since last request: 1.017451 seconds.
  path: Assets/Asset Packs/polyperfect/Low Poly Animated Animals/- Prefabs/Animals/Shark White.prefab
  artifactKey: Guid(8f52d003b4269954485d3d0b9ed4139f) Importer(815301076,1909f56bfc062723c751e8b465ee728b)
Start importing Assets/Asset Packs/polyperfect/Low Poly Animated Animals/- Prefabs/Animals/Shark White.prefab using Guid(8f52d003b4269954485d3d0b9ed4139f) Importer(815301076,1909f56bfc062723c751e8b465ee728b)  -> (artifact id: 'bb4cd520e3819640d9e572fe4447f2a7') in 0.084949 seconds
  Import took 0.122148 seconds .

========================================================================
Received Import Request.
  Time since last request: 0.598564 seconds.
  path: Assets/Asset Packs/polyperfect/Low Poly Animated Animals/- Prefabs/Animals/Shark Black.prefab
  artifactKey: Guid(60f0387c246cf014aad3931e71e20959) Importer(815301076,1909f56bfc062723c751e8b465ee728b)
Start importing Assets/Asset Packs/polyperfect/Low Poly Animated Animals/- Prefabs/Animals/Shark Black.prefab using Guid(60f0387c246cf014aad3931e71e20959) Importer(815301076,1909f56bfc062723c751e8b465ee728b)  -> (artifact id: 'd9bbaed23e7dcd0cb1d8445f94ccaafe') in 0.205439 seconds
  Import took 0.244787 seconds .

========================================================================
Received Import Request.
  Time since last request: 0.011522 seconds.
  path: Assets/Asset Packs/polyperfect/Low Poly Animated Animals/- Prefabs/Animals/Shark Black.prefab
  artifactKey: Guid(60f0387c246cf014aad3931e71e20959) Importer(815301076,1909f56bfc062723c751e8b465ee728b)
Start importing Assets/Asset Packs/polyperfect/Low Poly Animated Animals/- Prefabs/Animals/Shark Black.prefab using Guid(60f0387c246cf014aad3931e71e20959) Importer(815301076,1909f56bfc062723c751e8b465ee728b)  -> (artifact id: 'd9bbaed23e7dcd0cb1d8445f94ccaafe') in 0.028824 seconds
  Import took 0.038985 seconds .

========================================================================
Received Import Request.
  Time since last request: 0.487391 seconds.
  path: Assets/Asset Packs/polyperfect/Low Poly Animated Animals/- Prefabs/Animals/Seagul.prefab
  artifactKey: Guid(70d97733042ab774ab2df5cd87b89efb) Importer(815301076,1909f56bfc062723c751e8b465ee728b)
Start importing Assets/Asset Packs/polyperfect/Low Poly Animated Animals/- Prefabs/Animals/Seagul.prefab using Guid(70d97733042ab774ab2df5cd87b89efb) Importer(815301076,1909f56bfc062723c751e8b465ee728b)  -> (artifact id: '4b0a1551b10684cb10427711ff3338d5') in 0.151616 seconds
  Import took 0.175641 seconds .

========================================================================
Received Import Request.
  Time since last request: 0.000458 seconds.
  path: Assets/Asset Packs/polyperfect/Low Poly Animated Animals/- Prefabs/Animals/Seagul.prefab
  artifactKey: Guid(70d97733042ab774ab2df5cd87b89efb) Importer(815301076,1909f56bfc062723c751e8b465ee728b)
Start importing Assets/Asset Packs/polyperfect/Low Poly Animated Animals/- Prefabs/Animals/Seagul.prefab using Guid(70d97733042ab774ab2df5cd87b89efb) Importer(815301076,1909f56bfc062723c751e8b465ee728b)  -> (artifact id: '4b0a1551b10684cb10427711ff3338d5') in 0.024503 seconds
  Import took 0.031867 seconds .

========================================================================
Received Import Request.
  Time since last request: 4.434481 seconds.
  path: Assets/Asset Packs/polyperfect/Low Poly Animated Animals/- Prefabs/Animals/Rabbit White.prefab
  artifactKey: Guid(69b122cc19161bc47908c71cd75dc515) Importer(815301076,1909f56bfc062723c751e8b465ee728b)
Start importing Assets/Asset Packs/polyperfect/Low Poly Animated Animals/- Prefabs/Animals/Rabbit White.prefab using Guid(69b122cc19161bc47908c71cd75dc515) Importer(815301076,1909f56bfc062723c751e8b465ee728b)  -> (artifact id: 'b807b81a83a0d546b814be19d5b776c0') in 0.199194 seconds
  Import took 0.232457 seconds .

========================================================================
Received Import Request.
  Time since last request: 1.102251 seconds.
  path: Assets/Asset Packs/polyperfect/Low Poly Animated Animals/- Prefabs/Animals/Rabbit Brown.prefab
  artifactKey: Guid(829a5f61d90ac4c42b217bbfc1b3cea2) Importer(815301076,1909f56bfc062723c751e8b465ee728b)
Start importing Assets/Asset Packs/polyperfect/Low Poly Animated Animals/- Prefabs/Animals/Rabbit Brown.prefab using Guid(829a5f61d90ac4c42b217bbfc1b3cea2) Importer(815301076,1909f56bfc062723c751e8b465ee728b)  -> (artifact id: '3c03a0fba481107ae88ff4af475c2b18') in 0.196839 seconds
  Import took 0.210685 seconds .

========================================================================
Received Import Request.
  Time since last request: 2.296464 seconds.
  path: Assets/Asset Packs/polyperfect/Low Poly Animated Animals/- Prefabs/Animals/Penguin.prefab
  artifactKey: Guid(6817fd3c5809228498530e5ebe58f46a) Importer(815301076,1909f56bfc062723c751e8b465ee728b)
Start importing Assets/Asset Packs/polyperfect/Low Poly Animated Animals/- Prefabs/Animals/Penguin.prefab using Guid(6817fd3c5809228498530e5ebe58f46a) Importer(815301076,1909f56bfc062723c751e8b465ee728b)  -> (artifact id: 'a9c82b52d3f2146b7a6f25927c50b885') in 0.192702 seconds
  Import took 0.226203 seconds .

========================================================================
Received Import Request.
  Time since last request: 9.254734 seconds.
  path: Assets/Asset Packs/polyperfect/Low Poly Animated Animals/- Prefabs/Animals/JellyFish Blue.prefab
  artifactKey: Guid(1bc86ea021341ae4db28b1681bf8bc7f) Importer(815301076,1909f56bfc062723c751e8b465ee728b)
Start importing Assets/Asset Packs/polyperfect/Low Poly Animated Animals/- Prefabs/Animals/JellyFish Blue.prefab using Guid(1bc86ea021341ae4db28b1681bf8bc7f) Importer(815301076,1909f56bfc062723c751e8b465ee728b)  -> (artifact id: 'f5a44842eccccf80423502ebcca1caeb') in 0.205061 seconds
  Import took 0.229226 seconds .

========================================================================
Received Import Request.
  Time since last request: 0.906140 seconds.
  path: Assets/Asset Packs/polyperfect/Low Poly Animated Animals/- Prefabs/Animals/JellyFish Orange.prefab
  artifactKey: Guid(60ba3272028897a42aa9c0e2eb37a568) Importer(815301076,1909f56bfc062723c751e8b465ee728b)
Start importing Assets/Asset Packs/polyperfect/Low Poly Animated Animals/- Prefabs/Animals/JellyFish Orange.prefab using Guid(60ba3272028897a42aa9c0e2eb37a568) Importer(815301076,1909f56bfc062723c751e8b465ee728b)  -> (artifact id: 'c6908b99dd2c91183a32a2d31b0d2f60') in 0.088487 seconds
  Import took 0.122442 seconds .

========================================================================
Received Import Request.
  Time since last request: 0.959905 seconds.
  path: Assets/Asset Packs/polyperfect/Low Poly Animated Animals/- Prefabs/Animals/JellyFish White.prefab
  artifactKey: Guid(d3619d6268c1bec4d97ce2d4e8ceaec7) Importer(815301076,1909f56bfc062723c751e8b465ee728b)
Start importing Assets/Asset Packs/polyperfect/Low Poly Animated Animals/- Prefabs/Animals/JellyFish White.prefab using Guid(d3619d6268c1bec4d97ce2d4e8ceaec7) Importer(815301076,1909f56bfc062723c751e8b465ee728b)  -> (artifact id: '415a3defe1e9265061ffcd6f13962ee3') in 0.179733 seconds
  Import took 0.207288 seconds .

========================================================================
Received Import Request.
  Time since last request: 2.781155 seconds.
  path: Assets/Asset Packs/polyperfect/Low Poly Animated Animals/- Prefabs/Animals/Horse White.prefab
  artifactKey: Guid(c6a433e6f4854b345bc0e8a730197a94) Importer(815301076,1909f56bfc062723c751e8b465ee728b)
Start importing Assets/Asset Packs/polyperfect/Low Poly Animated Animals/- Prefabs/Animals/Horse White.prefab using Guid(c6a433e6f4854b345bc0e8a730197a94) Importer(815301076,1909f56bfc062723c751e8b465ee728b)  -> (artifact id: '555d9ae4343e52427a9c2c613bfc949a') in 0.333742 seconds
  Import took 0.357786 seconds .

========================================================================
Received Import Request.
  Time since last request: 3.018972 seconds.
  path: Assets/Asset Packs/polyperfect/Low Poly Animated Animals/- Prefabs/Animals/Fish.prefab
  artifactKey: Guid(a61d0b4c41dabf548be1eb07e22d847a) Importer(815301076,1909f56bfc062723c751e8b465ee728b)
Start importing Assets/Asset Packs/polyperfect/Low Poly Animated Animals/- Prefabs/Animals/Fish.prefab using Guid(a61d0b4c41dabf548be1eb07e22d847a) Importer(815301076,1909f56bfc062723c751e8b465ee728b)  -> (artifact id: '1859b96e15bcba01a2829ab21149ed78') in 0.147951 seconds
  Import took 0.170780 seconds .

========================================================================
Received Import Request.
  Time since last request: 47.219481 seconds.
  path: Assets/Game/Characters/Non-HumanEnemies/JellyFish.prefab
  artifactKey: Guid(263205bfa2ffcb34d93826ec19ad5d84) Importer(815301076,1909f56bfc062723c751e8b465ee728b)
Start importing Assets/Game/Characters/Non-HumanEnemies/JellyFish.prefab using Guid(263205bfa2ffcb34d93826ec19ad5d84) Importer(815301076,1909f56bfc062723c751e8b465ee728b)  -> (artifact id: 'e93e4a07fe486e4a503f4c44a46ed533') in 0.266367 seconds
  Import took 0.294477 seconds .

========================================================================
Received Import Request.
  Time since last request: 1.449157 seconds.
  path: Assets/Game/Characters/Non-HumanEnemies/HorseAnimationController.controller
  artifactKey: Guid(a4b43d815ed5fdc48a1977d6ac705254) Importer(815301076,1909f56bfc062723c751e8b465ee728b)
Start importing Assets/Game/Characters/Non-HumanEnemies/HorseAnimationController.controller using Guid(a4b43d815ed5fdc48a1977d6ac705254) Importer(815301076,1909f56bfc062723c751e8b465ee728b)  -> (artifact id: 'aa6de40a28cd5a30c373e0107bcf7283') in 0.068979 seconds
  Import took 0.089636 seconds .

========================================================================
Received Import Request.
  Time since last request: 2.393143 seconds.
  path: Assets/Game/Characters/Non-HumanEnemies/HorseAnimationController 1.controller
  artifactKey: Guid(d4c8e52efa48ce34da3fdb3cefdb28e3) Importer(815301076,1909f56bfc062723c751e8b465ee728b)
Start importing Assets/Game/Characters/Non-HumanEnemies/HorseAnimationController 1.controller using Guid(d4c8e52efa48ce34da3fdb3cefdb28e3) Importer(815301076,1909f56bfc062723c751e8b465ee728b)  -> (artifact id: 'eade64a66c6184e7599bd5eb48ff355c') in 0.068584 seconds
  Import took 0.110550 seconds .

========================================================================
Received Import Request.
  Time since last request: 9.713750 seconds.
  path: Assets/Game/Characters/Non-HumanEnemies/JellyfishAnimationController.controller
  artifactKey: Guid(d4c8e52efa48ce34da3fdb3cefdb28e3) Importer(815301076,1909f56bfc062723c751e8b465ee728b)
Start importing Assets/Game/Characters/Non-HumanEnemies/JellyfishAnimationController.controller using Guid(d4c8e52efa48ce34da3fdb3cefdb28e3) Importer(815301076,1909f56bfc062723c751e8b465ee728b)  -> (artifact id: 'dd0be13a6bc8fa83a40f0f4a490956e1') in 0.070429 seconds
  Import took 0.085460 seconds .

========================================================================
Received Import Request.
  Time since last request: 19.350590 seconds.
  path: Assets/Asset Packs/polyperfect/Low Poly Animated Animals/- Prefabs/Animals/DEMO/JellyFish.prefab
  artifactKey: Guid(878eef31fea7e4ca1887a8f9b2331c91) Importer(815301076,1909f56bfc062723c751e8b465ee728b)
Start importing Assets/Asset Packs/polyperfect/Low Poly Animated Animals/- Prefabs/Animals/DEMO/JellyFish.prefab using Guid(878eef31fea7e4ca1887a8f9b2331c91) Importer(815301076,1909f56bfc062723c751e8b465ee728b)  -> (artifact id: '02b04a5d56f18a099e8b9fd45c261fa8') in 0.062171 seconds
  Import took 0.087524 seconds .

========================================================================
Received Import Request.
  Time since last request: 82.353328 seconds.
  path: Assets/Game/Characters/Non-HumanEnemies/JellyfishAnimationController.controller
  artifactKey: Guid(d4c8e52efa48ce34da3fdb3cefdb28e3) Importer(815301076,1909f56bfc062723c751e8b465ee728b)
Start importing Assets/Game/Characters/Non-HumanEnemies/JellyfishAnimationController.controller using Guid(d4c8e52efa48ce34da3fdb3cefdb28e3) Importer(815301076,1909f56bfc062723c751e8b465ee728b)  -> (artifact id: 'b942017cc634fde836f6a9e4e35cfa71') in 0.064567 seconds
  Import took 0.086755 seconds .

========================================================================
Received Import Request.
  Time since last request: 45.731982 seconds.
  path: Assets/Game/Characters/Non-HumanEnemies/JellyFish.prefab
  artifactKey: Guid(263205bfa2ffcb34d93826ec19ad5d84) Importer(815301076,1909f56bfc062723c751e8b465ee728b)
Start importing Assets/Game/Characters/Non-HumanEnemies/JellyFish.prefab using Guid(263205bfa2ffcb34d93826ec19ad5d84) Importer(815301076,1909f56bfc062723c751e8b465ee728b)  -> (artifact id: '02d8b2d1c1505ee54000b0a624e3e64e') in 0.141609 seconds
  Import took 0.165765 seconds .

========================================================================
Received Import Request.
  Time since last request: 18.384370 seconds.
  path: Assets/Game/Characters/Non-HumanEnemies/WolfAnimationController 1.controller
  artifactKey: Guid(457b7713aab542d47abe8b20399110e6) Importer(815301076,1909f56bfc062723c751e8b465ee728b)
Start importing Assets/Game/Characters/Non-HumanEnemies/WolfAnimationController 1.controller using Guid(457b7713aab542d47abe8b20399110e6) Importer(815301076,1909f56bfc062723c751e8b465ee728b)  -> (artifact id: 'ca0df9dbc97ecd7015f944e8c7490232') in 0.180132 seconds
  Import took 0.202010 seconds .

========================================================================
Received Import Request.
  Time since last request: 3.360516 seconds.
  path: Assets/Game/Characters/Non-HumanEnemies/DragonAnimationController.controller
  artifactKey: Guid(ab50fc4b474a4a34d9a25f61cec1ea35) Importer(815301076,1909f56bfc062723c751e8b465ee728b)
Start importing Assets/Game/Characters/Non-HumanEnemies/DragonAnimationController.controller using Guid(ab50fc4b474a4a34d9a25f61cec1ea35) Importer(815301076,1909f56bfc062723c751e8b465ee728b)  -> (artifact id: '84b005a28c973135f2b227bbca3acab3') in 0.188086 seconds
  Import took 0.209195 seconds .

========================================================================
Received Import Request.
  Time since last request: 21.297041 seconds.
  path: Assets/Game/Characters/Non-HumanEnemies/CowAnimationController.controller
  artifactKey: Guid(054a78b1c9b35ef4d8654e0b9fdbf6c5) Importer(815301076,1909f56bfc062723c751e8b465ee728b)
Start importing Assets/Game/Characters/Non-HumanEnemies/CowAnimationController.controller using Guid(054a78b1c9b35ef4d8654e0b9fdbf6c5) Importer(815301076,1909f56bfc062723c751e8b465ee728b)  -> (artifact id: '48d0bfca7d44915007437494f925885d') in 0.116527 seconds
  Import took 0.143809 seconds .

========================================================================
Received Import Request.
  Time since last request: 7.128143 seconds.
  path: Assets/Game/Characters/Non-HumanEnemies/Horse Brown.prefab
  artifactKey: Guid(ea53d0b573707a645a6bd72acb9d31de) Importer(815301076,1909f56bfc062723c751e8b465ee728b)
Start importing Assets/Game/Characters/Non-HumanEnemies/Horse Brown.prefab using Guid(ea53d0b573707a645a6bd72acb9d31de) Importer(815301076,1909f56bfc062723c751e8b465ee728b)  -> (artifact id: '82a02d8dd60fc50c4b413417515211b6') in 0.195155 seconds
  Import took 0.226617 seconds .

========================================================================
Received Import Request.
  Time since last request: 112.847444 seconds.
  path: Assets/Game/Characters/Non-HumanEnemies/JellyFish.prefab
  artifactKey: Guid(263205bfa2ffcb34d93826ec19ad5d84) Importer(815301076,1909f56bfc062723c751e8b465ee728b)
Start importing Assets/Game/Characters/Non-HumanEnemies/JellyFish.prefab using Guid(263205bfa2ffcb34d93826ec19ad5d84) Importer(815301076,1909f56bfc062723c751e8b465ee728b)  -> (artifact id: 'fca22f1b8409f60be80ea4391f3d6124') in 0.116621 seconds
  Import took 0.158000 seconds .

========================================================================
Received Import Request.
  Time since last request: 36.046574 seconds.
  path: Assets/Game/Characters/Non-HumanEnemies/JellyfishAnimationController.controller
  artifactKey: Guid(d4c8e52efa48ce34da3fdb3cefdb28e3) Importer(815301076,1909f56bfc062723c751e8b465ee728b)
Start importing Assets/Game/Characters/Non-HumanEnemies/JellyfishAnimationController.controller using Guid(d4c8e52efa48ce34da3fdb3cefdb28e3) Importer(815301076,1909f56bfc062723c751e8b465ee728b)  -> (artifact id: '610fdd2c8ba1e99cb90696319943e497') in 0.039663 seconds
  Import took 0.061907 seconds .

========================================================================
Received Prepare
Registering precompiled user dll's ...
Registered in 0.002000 seconds.
Begin MonoManager ReloadAssembly
Native extension for WindowsStandalone target not found
Native extension for WebGL target not found
Refreshing native plugins compatible for Editor in 1.18 ms, found 0 plugins.
Preloading 0 native plugins for Editor in 0.00 ms.
Invoked RoslynAnalysisRunner static constructor.
RoslynAnalysisRunner will not be running.
RoslynAnalysisRunner has terminated.
Mono: successfully reloaded assembly
- Completed reload, in  1.253 seconds
Platform modules already initialized, skipping
Shader 'Universal Render Pipeline/Particles/Lit': fallback shader 'Universal Render Pipeline/Particles/SimpleLit' not found
Refreshing native plugins compatible for Editor in 1.85 ms, found 0 plugins.
Preloading 0 native plugins for Editor in 0.00 ms.
Unloading 2251 Unused Serialized files (Serialized files now loaded: 0)
System memory in use before: 170.7 MB.
System memory in use after: 170.9 MB.

Unloading 3 unused Assets to reduce memory usage. Loaded Objects now: 3082.
Total: 5.970400 ms (FindLiveObjects: 0.529500 ms CreateObjectMapping: 0.330700 ms MarkObjects: 4.900200 ms  DeleteObjects: 0.206800 ms)

========================================================================
Received Import Request.
  Time since last request: 216.623343 seconds.
  path: Assets/Game/Characters/Non-HumanEnemies/JellyFish.prefab
  artifactKey: Guid(263205bfa2ffcb34d93826ec19ad5d84) Importer(815301076,1909f56bfc062723c751e8b465ee728b)
Start importing Assets/Game/Characters/Non-HumanEnemies/JellyFish.prefab using Guid(263205bfa2ffcb34d93826ec19ad5d84) Importer(815301076,1909f56bfc062723c751e8b465ee728b)  -> (artifact id: '186c9a709d7be1c4a2feae31aed5a574') in 1.022662 seconds
  Import took 1.035456 seconds .

========================================================================
Received Import Request.
  Time since last request: 37.886267 seconds.
  path: Assets/Game/UI/IngameUI
  artifactKey: Guid(d5170db9c0ea01d48bc69b218730a0d0) Importer(815301076,1909f56bfc062723c751e8b465ee728b)
Start importing Assets/Game/UI/IngameUI using Guid(d5170db9c0ea01d48bc69b218730a0d0) Importer(815301076,1909f56bfc062723c751e8b465ee728b)  -> (artifact id: 'ffb0450d13c76f253fc34072a3d27e30') in 0.048053 seconds
  Import took 0.071198 seconds .

========================================================================
Received Prepare
Registering precompiled user dll's ...
Registered in 0.002654 seconds.
Begin MonoManager ReloadAssembly
Native extension for WindowsStandalone target not found
Native extension for WebGL target not found
Refreshing native plugins compatible for Editor in 1.58 ms, found 0 plugins.
Preloading 0 native plugins for Editor in 0.00 ms.
Invoked RoslynAnalysisRunner static constructor.
RoslynAnalysisRunner will not be running.
RoslynAnalysisRunner has terminated.
Mono: successfully reloaded assembly
- Completed reload, in  1.199 seconds
Platform modules already initialized, skipping
Shader 'Universal Render Pipeline/Particles/Lit': fallback shader 'Universal Render Pipeline/Particles/SimpleLit' not found
Refreshing native plugins compatible for Editor in 1.93 ms, found 0 plugins.
Preloading 0 native plugins for Editor in 0.00 ms.
Unloading 2251 Unused Serialized files (Serialized files now loaded: 0)
System memory in use before: 170.9 MB.
System memory in use after: 171.0 MB.

Unloading 3 unused Assets to reduce memory usage. Loaded Objects now: 3118.
Total: 5.300500 ms (FindLiveObjects: 1.832900 ms CreateObjectMapping: 0.263000 ms MarkObjects: 3.026700 ms  DeleteObjects: 0.173600 ms)

========================================================================
Received Import Request.
  Time since last request: 1785.558310 seconds.
  path: Assets/Standard Assets/Environment/Water (Basic)/Materials
  artifactKey: Guid(706eadfad28bc4c1c9bb137b31052b14) Importer(815301076,1909f56bfc062723c751e8b465ee728b)
Start importing Assets/Standard Assets/Environment/Water (Basic)/Materials using Guid(706eadfad28bc4c1c9bb137b31052b14) Importer(815301076,1909f56bfc062723c751e8b465ee728b)  -> (artifact id: 'ccf5c97f9a1aa1f68a189bcc33cb15f7') in 0.395535 seconds
  Import took 0.482050 seconds .

========================================================================
Received Import Request.
  Time since last request: 418.839044 seconds.
  path: Assets/Standard Assets/Environment/Water (Basic)/Models/WaterBasicPlane.fbx
  artifactKey: Guid(ce8d79c79d11b8f9d00076e98d76c639) Importer(815301076,1909f56bfc062723c751e8b465ee728b)
Start importing Assets/Standard Assets/Environment/Water (Basic)/Models/WaterBasicPlane.fbx using Guid(ce8d79c79d11b8f9d00076e98d76c639) Importer(815301076,1909f56bfc062723c751e8b465ee728b)  -> (artifact id: 'abbe6f0ed8b9010b5df8e59ab5b04f96') in 0.273505 seconds
  Import took 0.297827 seconds .

========================================================================
Received Prepare
Registering precompiled user dll's ...
Registered in 0.002112 seconds.
Begin MonoManager ReloadAssembly
Native extension for WindowsStandalone target not found
Native extension for WebGL target not found
Refreshing native plugins compatible for Editor in 1.22 ms, found 0 plugins.
Preloading 0 native plugins for Editor in 0.00 ms.
Invoked RoslynAnalysisRunner static constructor.
RoslynAnalysisRunner will not be running.
RoslynAnalysisRunner has terminated.
Mono: successfully reloaded assembly
- Completed reload, in  1.120 seconds
Platform modules already initialized, skipping
Shader 'Universal Render Pipeline/Particles/Lit': fallback shader 'Universal Render Pipeline/Particles/SimpleLit' not found
Refreshing native plugins compatible for Editor in 3.78 ms, found 0 plugins.
Preloading 0 native plugins for Editor in 0.00 ms.
Unloading 2251 Unused Serialized files (Serialized files now loaded: 0)
System memory in use before: 171.0 MB.
System memory in use after: 171.2 MB.

Unloading 4 unused Assets to reduce memory usage. Loaded Objects now: 3154.
Total: 4.345700 ms (FindLiveObjects: 0.623200 ms CreateObjectMapping: 0.247300 ms MarkObjects: 3.298600 ms  DeleteObjects: 0.172800 ms)

========================================================================
Received Prepare
Registering precompiled user dll's ...
Registered in 0.001917 seconds.
Begin MonoManager ReloadAssembly
Native extension for WindowsStandalone target not found
Native extension for WebGL target not found
Refreshing native plugins compatible for Editor in 1.44 ms, found 0 plugins.
Preloading 0 native plugins for Editor in 0.00 ms.
Invoked RoslynAnalysisRunner static constructor.
RoslynAnalysisRunner will not be running.
RoslynAnalysisRunner has terminated.
Mono: successfully reloaded assembly
- Completed reload, in  1.357 seconds
Platform modules already initialized, skipping
Shader 'Universal Render Pipeline/Particles/Lit': fallback shader 'Universal Render Pipeline/Particles/SimpleLit' not found
Refreshing native plugins compatible for Editor in 8.80 ms, found 0 plugins.
Preloading 0 native plugins for Editor in 0.00 ms.
Unloading 2251 Unused Serialized files (Serialized files now loaded: 0)
System memory in use before: 171.0 MB.
System memory in use after: 171.2 MB.

Unloading 3 unused Assets to reduce memory usage. Loaded Objects now: 3154.
Total: 6.886300 ms (FindLiveObjects: 0.645800 ms CreateObjectMapping: 0.383100 ms MarkObjects: 5.590000 ms  DeleteObjects: 0.263900 ms)

========================================================================
Received Prepare
Registering precompiled user dll's ...
Registered in 0.275960 seconds.
Begin MonoManager ReloadAssembly
Native extension for WindowsStandalone target not found
Native extension for WebGL target not found
Refreshing native plugins compatible for Editor in 1.22 ms, found 0 plugins.
Preloading 0 native plugins for Editor in 0.00 ms.
Invoked RoslynAnalysisRunner static constructor.
RoslynAnalysisRunner will not be running.
RoslynAnalysisRunner has terminated.
Mono: successfully reloaded assembly
- Completed reload, in  2.906 seconds
Platform modules already initialized, skipping
Shader 'Universal Render Pipeline/Particles/Lit': fallback shader 'Universal Render Pipeline/Particles/SimpleLit' not found
Refreshing native plugins compatible for Editor in 1.72 ms, found 0 plugins.
Preloading 0 native plugins for Editor in 0.00 ms.
Unloading 2251 Unused Serialized files (Serialized files now loaded: 0)
System memory in use before: 170.9 MB.
System memory in use after: 171.1 MB.

Unloading 3 unused Assets to reduce memory usage. Loaded Objects now: 3154.
Total: 6.185100 ms (FindLiveObjects: 0.808200 ms CreateObjectMapping: 0.341900 ms MarkObjects: 4.852400 ms  DeleteObjects: 0.176200 ms)

========================================================================
Received Prepare
Registering precompiled user dll's ...
Registered in 0.001898 seconds.
Begin MonoManager ReloadAssembly
Native extension for WindowsStandalone target not found
Native extension for WebGL target not found
Refreshing native plugins compatible for Editor in 1.78 ms, found 0 plugins.
Preloading 0 native plugins for Editor in 0.00 ms.
Invoked RoslynAnalysisRunner static constructor.
RoslynAnalysisRunner will not be running.
RoslynAnalysisRunner has terminated.
Mono: successfully reloaded assembly
- Completed reload, in  1.139 seconds
Platform modules already initialized, skipping
Shader 'Universal Render Pipeline/Particles/Lit': fallback shader 'Universal Render Pipeline/Particles/SimpleLit' not found
Refreshing native plugins compatible for Editor in 3.41 ms, found 0 plugins.
Preloading 0 native plugins for Editor in 0.00 ms.
Unloading 2251 Unused Serialized files (Serialized files now loaded: 0)
System memory in use before: 171.0 MB.
System memory in use after: 171.2 MB.

Unloading 3 unused Assets to reduce memory usage. Loaded Objects now: 3154.
Total: 4.998400 ms (FindLiveObjects: 0.729700 ms CreateObjectMapping: 0.352000 ms MarkObjects: 3.735900 ms  DeleteObjects: 0.177500 ms)

========================================================================
Received Prepare
Registering precompiled user dll's ...
Registered in 0.059726 seconds.
Begin MonoManager ReloadAssembly
Native extension for WindowsStandalone target not found
Native extension for WebGL target not found
Refreshing native plugins compatible for Editor in 1.61 ms, found 0 plugins.
Preloading 0 native plugins for Editor in 0.00 ms.
Invoked RoslynAnalysisRunner static constructor.
RoslynAnalysisRunner will not be running.
RoslynAnalysisRunner has terminated.
Mono: successfully reloaded assembly
- Completed reload, in  3.242 seconds
Platform modules already initialized, skipping
Shader 'Universal Render Pipeline/Particles/Lit': fallback shader 'Universal Render Pipeline/Particles/SimpleLit' not found
Refreshing native plugins compatible for Editor in 1.79 ms, found 0 plugins.
Preloading 0 native plugins for Editor in 0.00 ms.
Unloading 2251 Unused Serialized files (Serialized files now loaded: 0)
System memory in use before: 171.0 MB.
System memory in use after: 171.2 MB.

Unloading 3 unused Assets to reduce memory usage. Loaded Objects now: 3154.
Total: 6.835200 ms (FindLiveObjects: 0.629500 ms CreateObjectMapping: 0.367500 ms MarkObjects: 5.546500 ms  DeleteObjects: 0.288700 ms)

========================================================================
Received Prepare
Registering precompiled user dll's ...
Registered in 0.001885 seconds.
Begin MonoManager ReloadAssembly
Native extension for WindowsStandalone target not found
Native extension for WebGL target not found
Refreshing native plugins compatible for Editor in 1.44 ms, found 0 plugins.
Preloading 0 native plugins for Editor in 0.00 ms.
Invoked RoslynAnalysisRunner static constructor.
RoslynAnalysisRunner will not be running.
RoslynAnalysisRunner has terminated.
Mono: successfully reloaded assembly
- Completed reload, in  1.270 seconds
Platform modules already initialized, skipping
Shader 'Universal Render Pipeline/Particles/Lit': fallback shader 'Universal Render Pipeline/Particles/SimpleLit' not found
Refreshing native plugins compatible for Editor in 4.55 ms, found 0 plugins.
Preloading 0 native plugins for Editor in 0.00 ms.
Unloading 2251 Unused Serialized files (Serialized files now loaded: 0)
System memory in use before: 171.0 MB.
System memory in use after: 171.2 MB.

Unloading 3 unused Assets to reduce memory usage. Loaded Objects now: 3154.
Total: 7.391300 ms (FindLiveObjects: 0.705900 ms CreateObjectMapping: 0.427500 ms MarkObjects: 5.980800 ms  DeleteObjects: 0.273400 ms)

========================================================================
Received Prepare
Registering precompiled user dll's ...
Registered in 0.022715 seconds.
Begin MonoManager ReloadAssembly
Native extension for WindowsStandalone target not found
Native extension for WebGL target not found
Refreshing native plugins compatible for Editor in 1.36 ms, found 0 plugins.
Preloading 0 native plugins for Editor in 0.00 ms.
Invoked RoslynAnalysisRunner static constructor.
RoslynAnalysisRunner will not be running.
RoslynAnalysisRunner has terminated.
Mono: successfully reloaded assembly
- Completed reload, in  3.214 seconds
Platform modules already initialized, skipping
Shader 'Universal Render Pipeline/Particles/Lit': fallback shader 'Universal Render Pipeline/Particles/SimpleLit' not found
Refreshing native plugins compatible for Editor in 4.60 ms, found 0 plugins.
Preloading 0 native plugins for Editor in 0.00 ms.
Unloading 2251 Unused Serialized files (Serialized files now loaded: 0)
System memory in use before: 171.0 MB.
System memory in use after: 171.2 MB.

Unloading 3 unused Assets to reduce memory usage. Loaded Objects now: 3154.
Total: 7.170000 ms (FindLiveObjects: 0.680600 ms CreateObjectMapping: 0.390300 ms MarkObjects: 5.808100 ms  DeleteObjects: 0.287100 ms)

========================================================================
Received Prepare
Registering precompiled user dll's ...
Registered in 0.063869 seconds.
Begin MonoManager ReloadAssembly
Native extension for WindowsStandalone target not found
Native extension for WebGL target not found
Refreshing native plugins compatible for Editor in 1.63 ms, found 0 plugins.
Preloading 0 native plugins for Editor in 0.00 ms.
Invoked RoslynAnalysisRunner static constructor.
RoslynAnalysisRunner will not be running.
RoslynAnalysisRunner has terminated.
Mono: successfully reloaded assembly
- Completed reload, in  6.396 seconds
Platform modules already initialized, skipping
Shader 'Universal Render Pipeline/Particles/Lit': fallback shader 'Universal Render Pipeline/Particles/SimpleLit' not found
Refreshing native plugins compatible for Editor in 2.27 ms, found 0 plugins.
Preloading 0 native plugins for Editor in 0.00 ms.
Unloading 2251 Unused Serialized files (Serialized files now loaded: 0)
System memory in use before: 170.9 MB.
System memory in use after: 171.1 MB.

Unloading 3 unused Assets to reduce memory usage. Loaded Objects now: 3154.
Total: 5.330200 ms (FindLiveObjects: 0.675700 ms CreateObjectMapping: 0.344900 ms MarkObjects: 4.126900 ms  DeleteObjects: 0.180400 ms)

========================================================================
Received Prepare
Registering precompiled user dll's ...
Registered in 0.001707 seconds.
Begin MonoManager ReloadAssembly
Native extension for WindowsStandalone target not found
Native extension for WebGL target not found
Refreshing native plugins compatible for Editor in 1.42 ms, found 0 plugins.
Preloading 0 native plugins for Editor in 0.00 ms.
Invoked RoslynAnalysisRunner static constructor.
RoslynAnalysisRunner will not be running.
RoslynAnalysisRunner has terminated.
Mono: successfully reloaded assembly
- Completed reload, in  1.142 seconds
Platform modules already initialized, skipping
Shader 'Universal Render Pipeline/Particles/Lit': fallback shader 'Universal Render Pipeline/Particles/SimpleLit' not found
Refreshing native plugins compatible for Editor in 4.88 ms, found 0 plugins.
Preloading 0 native plugins for Editor in 0.00 ms.
Unloading 2251 Unused Serialized files (Serialized files now loaded: 0)
System memory in use before: 171.0 MB.
System memory in use after: 171.2 MB.

Unloading 3 unused Assets to reduce memory usage. Loaded Objects now: 3154.
Total: 6.148500 ms (FindLiveObjects: 0.706000 ms CreateObjectMapping: 0.403400 ms MarkObjects: 4.812900 ms  DeleteObjects: 0.222800 ms)

========================================================================
Received Import Request.
  Time since last request: 3792.732116 seconds.
  path: Assets/Game/Characters/Enemy/Ghostly Mage.prefab
  artifactKey: Guid(578ff7954dfd38f489dbd1a615436be9) Importer(815301076,1909f56bfc062723c751e8b465ee728b)
Start importing Assets/Game/Characters/Enemy/Ghostly Mage.prefab using Guid(578ff7954dfd38f489dbd1a615436be9) Importer(815301076,1909f56bfc062723c751e8b465ee728b)  -> (artifact id: '097b6628d0200578c832a6579b844837') in 1.511560 seconds
  Import took 1.557600 seconds .

========================================================================
Received Import Request.
  Time since last request: 0.096225 seconds.
  path: Assets/Game/Characters/Enemy/Ghostly Fighter.prefab
  artifactKey: Guid(9b718dd5a0b4d82439bec2855a5564cf) Importer(815301076,1909f56bfc062723c751e8b465ee728b)
Start importing Assets/Game/Characters/Enemy/Ghostly Fighter.prefab using Guid(9b718dd5a0b4d82439bec2855a5564cf) Importer(815301076,1909f56bfc062723c751e8b465ee728b)  -> (artifact id: '836a48a02e24acd27d97577396d7f5b3') in 0.152260 seconds
  Import took 0.200676 seconds .

========================================================================
Received Import Request.
  Time since last request: 0.876996 seconds.
  path: Assets/Game/Characters/Enemy/Ghostly Archer.prefab
  artifactKey: Guid(1fe5ef0293365ed40ae8b1b1ee834a91) Importer(815301076,1909f56bfc062723c751e8b465ee728b)
Start importing Assets/Game/Characters/Enemy/Ghostly Archer.prefab using Guid(1fe5ef0293365ed40ae8b1b1ee834a91) Importer(815301076,1909f56bfc062723c751e8b465ee728b)  -> (artifact id: '1c51ab3f584dce6716136728f2c98080') in 0.087818 seconds
  Import took 0.125455 seconds .

========================================================================
Received Import Request.
  Time since last request: 794.965545 seconds.
  path: Assets/Game/Characters/Enemy/Spectre.prefab
  artifactKey: Guid(fb644886ec3cd5242b137868b3363a79) Importer(815301076,1909f56bfc062723c751e8b465ee728b)
Start importing Assets/Game/Characters/Enemy/Spectre.prefab using Guid(fb644886ec3cd5242b137868b3363a79) Importer(815301076,1909f56bfc062723c751e8b465ee728b)  -> (artifact id: 'c06ae43b21e1cb47dd3910f8c8264593') in 0.119818 seconds
  Import took 0.157997 seconds .

========================================================================
Received Import Request.
  Time since last request: 35.683198 seconds.
  path: Assets/Game/Characters/Enemy/Spectre.prefab
  artifactKey: Guid(fb644886ec3cd5242b137868b3363a79) Importer(815301076,1909f56bfc062723c751e8b465ee728b)
Start importing Assets/Game/Characters/Enemy/Spectre.prefab using Guid(fb644886ec3cd5242b137868b3363a79) Importer(815301076,1909f56bfc062723c751e8b465ee728b)  -> (artifact id: 'f3904f185657cd3b7d37d480c1b96ca7') in 0.052463 seconds
  Import took 0.075435 seconds .

========================================================================
Received Import Request.
  Time since last request: 0.024828 seconds.
  path: Assets/Game/Characters/Enemy/Spectre.prefab
  artifactKey: Guid(fb644886ec3cd5242b137868b3363a79) Importer(815301076,1909f56bfc062723c751e8b465ee728b)
Start importing Assets/Game/Characters/Enemy/Spectre.prefab using Guid(fb644886ec3cd5242b137868b3363a79) Importer(815301076,1909f56bfc062723c751e8b465ee728b)  -> (artifact id: 'f3904f185657cd3b7d37d480c1b96ca7') in 0.048277 seconds
  Import took 0.059989 seconds .

========================================================================
Received Prepare
Registering precompiled user dll's ...
Registered in 0.001835 seconds.
Begin MonoManager ReloadAssembly
Native extension for WindowsStandalone target not found
Native extension for WebGL target not found
Refreshing native plugins compatible for Editor in 1.23 ms, found 0 plugins.
Preloading 0 native plugins for Editor in 0.00 ms.
Invoked RoslynAnalysisRunner static constructor.
RoslynAnalysisRunner will not be running.
RoslynAnalysisRunner has terminated.
Mono: successfully reloaded assembly
- Completed reload, in  1.036 seconds
Platform modules already initialized, skipping
Shader 'Universal Render Pipeline/Particles/Lit': fallback shader 'Universal Render Pipeline/Particles/SimpleLit' not found
Refreshing native plugins compatible for Editor in 4.57 ms, found 0 plugins.
Preloading 0 native plugins for Editor in 0.00 ms.
Unloading 2251 Unused Serialized files (Serialized files now loaded: 0)
System memory in use before: 171.5 MB.
System memory in use after: 171.6 MB.

Unloading 3 unused Assets to reduce memory usage. Loaded Objects now: 3191.
Total: 3.844500 ms (FindLiveObjects: 0.449600 ms CreateObjectMapping: 0.230100 ms MarkObjects: 2.973800 ms  DeleteObjects: 0.188600 ms)

========================================================================
Received Import Request.
  Time since last request: 264.957251 seconds.
  path: Assets/Asset Packs/PolygonDungeon/Models/ScaleFixedCharacters/Characters.fbx
  artifactKey: Guid(b6ef2f4d0154b2747860a3332fa05f97) Importer(815301076,1909f56bfc062723c751e8b465ee728b)
Start importing Assets/Asset Packs/PolygonDungeon/Models/ScaleFixedCharacters/Characters.fbx using Guid(b6ef2f4d0154b2747860a3332fa05f97) Importer(815301076,1909f56bfc062723c751e8b465ee728b)  -> (artifact id: 'adb5b858facaee9a509e06c0a674d5d6') in 1.673176 seconds
  Import took 1.698742 seconds .

========================================================================
Received Import Request.
  Time since last request: 0.000284 seconds.
  path: Assets/Game/Characters/Enemy/Spectre.prefab
  artifactKey: Guid(fb644886ec3cd5242b137868b3363a79) Importer(815301076,1909f56bfc062723c751e8b465ee728b)
Start importing Assets/Game/Characters/Enemy/Spectre.prefab using Guid(fb644886ec3cd5242b137868b3363a79) Importer(815301076,1909f56bfc062723c751e8b465ee728b)  -> (artifact id: '63accb6cf3f556ef9a4f9d4cc236dc67') in 1.745283 seconds
  Import took 1.756646 seconds .

========================================================================
Received Import Request.
  Time since last request: 0.000206 seconds.
  path: Assets/Asset Packs/PolygonDungeon/Prefabs/Characters/ScaleFixedCharacters/Character_Tormented_Soul.prefab
  artifactKey: Guid(fda5edc93819a5946901f75bc534ac54) Importer(815301076,1909f56bfc062723c751e8b465ee728b)
Start importing Assets/Asset Packs/PolygonDungeon/Prefabs/Characters/ScaleFixedCharacters/Character_Tormented_Soul.prefab using Guid(fda5edc93819a5946901f75bc534ac54) Importer(815301076,1909f56bfc062723c751e8b465ee728b)  -> (artifact id: '4c0247b235f565a57da1639f61060cbe') in 0.490604 seconds
  Import took 0.533623 seconds .

========================================================================
Received Import Request.
  Time since last request: 129.839788 seconds.
  path: Assets/Asset Packs/PolygonDungeon/Prefabs/Characters/ScaleFixedCharacters/Character_Skeleton_Soldier_02.prefab
  artifactKey: Guid(807c1226359007646905397056134019) Importer(815301076,1909f56bfc062723c751e8b465ee728b)
Start importing Assets/Asset Packs/PolygonDungeon/Prefabs/Characters/ScaleFixedCharacters/Character_Skeleton_Soldier_02.prefab using Guid(807c1226359007646905397056134019) Importer(815301076,1909f56bfc062723c751e8b465ee728b)  -> (artifact id: 'a90567a541750f3c14de42898557ce48') in 0.120396 seconds
  Import took 0.144798 seconds .

========================================================================
Received Import Request.
  Time since last request: 0.646335 seconds.
  path: Assets/Asset Packs/PolygonDungeon/Prefabs/Characters/ScaleFixedCharacters/Character_Skeleton_Soldier_01.prefab
  artifactKey: Guid(aa4de824abd97724da42ffc9d2b3c275) Importer(815301076,1909f56bfc062723c751e8b465ee728b)
Start importing Assets/Asset Packs/PolygonDungeon/Prefabs/Characters/ScaleFixedCharacters/Character_Skeleton_Soldier_01.prefab using Guid(aa4de824abd97724da42ffc9d2b3c275) Importer(815301076,1909f56bfc062723c751e8b465ee728b)  -> (artifact id: '328d5dadb80068924d81c3699896281a') in 0.071613 seconds
  Import took 0.100134 seconds .

========================================================================
Received Import Request.
  Time since last request: 0.375583 seconds.
  path: Assets/Asset Packs/PolygonDungeon/Prefabs/Characters/ScaleFixedCharacters/Character_Skeleton_Slave_01.prefab
  artifactKey: Guid(f3c9ecbe58652e1448eee0045d7036fe) Importer(815301076,1909f56bfc062723c751e8b465ee728b)
Start importing Assets/Asset Packs/PolygonDungeon/Prefabs/Characters/ScaleFixedCharacters/Character_Skeleton_Slave_01.prefab using Guid(f3c9ecbe58652e1448eee0045d7036fe) Importer(815301076,1909f56bfc062723c751e8b465ee728b)  -> (artifact id: 'bead814706dc72923e0a2c037f45d6b6') in 0.084178 seconds
  Import took 0.108856 seconds .

========================================================================
Received Import Request.
  Time since last request: 0.038974 seconds.
  path: Assets/Asset Packs/PolygonDungeon/Prefabs/Characters/ScaleFixedCharacters/Character_Skeleton_Knight.prefab
  artifactKey: Guid(f6362dc4479aaf549a3fdaedef699623) Importer(815301076,1909f56bfc062723c751e8b465ee728b)
Start importing Assets/Asset Packs/PolygonDungeon/Prefabs/Characters/ScaleFixedCharacters/Character_Skeleton_Knight.prefab using Guid(f6362dc4479aaf549a3fdaedef699623) Importer(815301076,1909f56bfc062723c751e8b465ee728b)  -> (artifact id: '1ddf7fe60b1e6852cfae363f00b8bedc') in 0.064227 seconds
  Import took 0.095029 seconds .

========================================================================
Received Import Request.
  Time since last request: 0.069064 seconds.
  path: Assets/Asset Packs/PolygonDungeon/Prefabs/Characters/ScaleFixedCharacters/Character_Rock_Golem.prefab
  artifactKey: Guid(beba2944035d3c54abd09d3d023aa9a8) Importer(815301076,1909f56bfc062723c751e8b465ee728b)
Start importing Assets/Asset Packs/PolygonDungeon/Prefabs/Characters/ScaleFixedCharacters/Character_Rock_Golem.prefab using Guid(beba2944035d3c54abd09d3d023aa9a8) Importer(815301076,1909f56bfc062723c751e8b465ee728b)  -> (artifact id: '941dee0eda9c0a6da978b109f4822ee4') in 0.055844 seconds
  Import took 0.085306 seconds .

========================================================================
Received Import Request.
  Time since last request: 0.091337 seconds.
  path: Assets/Asset Packs/PolygonDungeon/Prefabs/Characters/ScaleFixedCharacters/Character_Hero_Knight_Male.prefab
  artifactKey: Guid(a96b63f27d072234bbc3d7818166e4eb) Importer(815301076,1909f56bfc062723c751e8b465ee728b)
Start importing Assets/Asset Packs/PolygonDungeon/Prefabs/Characters/ScaleFixedCharacters/Character_Hero_Knight_Male.prefab using Guid(a96b63f27d072234bbc3d7818166e4eb) Importer(815301076,1909f56bfc062723c751e8b465ee728b)  -> (artifact id: '6e8d146ef06a5dfed743f7a9795f4f0b') in 0.110847 seconds
  Import took 0.159468 seconds .

========================================================================
Received Import Request.
  Time since last request: 0.000235 seconds.
  path: Assets/Asset Packs/PolygonDungeon/Prefabs/Characters/ScaleFixedCharacters/Character_Hero_Knight_Female.prefab
  artifactKey: Guid(45608daf8c357ac4883238b3247d64b7) Importer(815301076,1909f56bfc062723c751e8b465ee728b)
Start importing Assets/Asset Packs/PolygonDungeon/Prefabs/Characters/ScaleFixedCharacters/Character_Hero_Knight_Female.prefab using Guid(45608daf8c357ac4883238b3247d64b7) Importer(815301076,1909f56bfc062723c751e8b465ee728b)  -> (artifact id: 'f5a1107d7e431df0be9c760e89a54b9d') in 0.052484 seconds
  Import took 0.060420 seconds .

========================================================================
Received Import Request.
  Time since last request: 0.065970 seconds.
  path: Assets/Asset Packs/PolygonDungeon/Prefabs/Characters/ScaleFixedCharacters/Character_Goblin_Warrior_Male.prefab
  artifactKey: Guid(c4e3b5d3572bced46ab0fdb482897812) Importer(815301076,1909f56bfc062723c751e8b465ee728b)
Start importing Assets/Asset Packs/PolygonDungeon/Prefabs/Characters/ScaleFixedCharacters/Character_Goblin_Warrior_Male.prefab using Guid(c4e3b5d3572bced46ab0fdb482897812) Importer(815301076,1909f56bfc062723c751e8b465ee728b)  -> (artifact id: '883565e4a4d6d81c3d500af9fe8f30ed') in 0.050697 seconds
  Import took 0.058533 seconds .

========================================================================
Received Import Request.
  Time since last request: 0.080836 seconds.
  path: Assets/Asset Packs/PolygonDungeon/Prefabs/Characters/ScaleFixedCharacters/Character_Goblin_Warrior_Female.prefab
  artifactKey: Guid(851e8547e58372347b1fc5cbc7bf3930) Importer(815301076,1909f56bfc062723c751e8b465ee728b)
Start importing Assets/Asset Packs/PolygonDungeon/Prefabs/Characters/ScaleFixedCharacters/Character_Goblin_Warrior_Female.prefab using Guid(851e8547e58372347b1fc5cbc7bf3930) Importer(815301076,1909f56bfc062723c751e8b465ee728b)  -> (artifact id: 'c984587bf5075b7a8751329e5f526232') in 0.068048 seconds
  Import took 0.088869 seconds .

========================================================================
Received Import Request.
  Time since last request: 0.068565 seconds.
  path: Assets/Asset Packs/PolygonDungeon/Prefabs/Characters/ScaleFixedCharacters/Character_Goblin_WarChief.prefab
  artifactKey: Guid(9877270705d01b540aeaa38895b9f95b) Importer(815301076,1909f56bfc062723c751e8b465ee728b)
Start importing Assets/Asset Packs/PolygonDungeon/Prefabs/Characters/ScaleFixedCharacters/Character_Goblin_WarChief.prefab using Guid(9877270705d01b540aeaa38895b9f95b) Importer(815301076,1909f56bfc062723c751e8b465ee728b)  -> (artifact id: 'e811e4a5d6d9b5ba4cabc2d8db3814d0') in 0.070499 seconds
  Import took 0.077923 seconds .

========================================================================
Received Import Request.
  Time since last request: 0.078363 seconds.
  path: Assets/Asset Packs/PolygonDungeon/Prefabs/Characters/ScaleFixedCharacters/Character_Goblin_Shaman.prefab
  artifactKey: Guid(7161ed0803b6af44eba14325b62837de) Importer(815301076,1909f56bfc062723c751e8b465ee728b)
Start importing Assets/Asset Packs/PolygonDungeon/Prefabs/Characters/ScaleFixedCharacters/Character_Goblin_Shaman.prefab using Guid(7161ed0803b6af44eba14325b62837de) Importer(815301076,1909f56bfc062723c751e8b465ee728b)  -> (artifact id: '9ace393d0811e87b0355a487efe136bb') in 0.049589 seconds
  Import took 0.074292 seconds .

========================================================================
Received Import Request.
  Time since last request: 0.224433 seconds.
  path: Assets/Asset Packs/PolygonDungeon/Prefabs/Characters/ScaleFixedCharacters/Character_Goblin_Male.prefab
  artifactKey: Guid(7ee713c854e6be5469a1372d66b7bc40) Importer(815301076,1909f56bfc062723c751e8b465ee728b)
Start importing Assets/Asset Packs/PolygonDungeon/Prefabs/Characters/ScaleFixedCharacters/Character_Goblin_Male.prefab using Guid(7ee713c854e6be5469a1372d66b7bc40) Importer(815301076,1909f56bfc062723c751e8b465ee728b)  -> (artifact id: '8a88d62f29f99fcb87220f014b778288') in 0.073693 seconds
  Import took 0.096285 seconds .

========================================================================
Received Prepare
Registering precompiled user dll's ...
Registered in 0.002032 seconds.
Begin MonoManager ReloadAssembly
Native extension for WindowsStandalone target not found
Native extension for WebGL target not found
Refreshing native plugins compatible for Editor in 1.27 ms, found 0 plugins.
Preloading 0 native plugins for Editor in 0.00 ms.
Invoked RoslynAnalysisRunner static constructor.
RoslynAnalysisRunner will not be running.
RoslynAnalysisRunner has terminated.
Mono: successfully reloaded assembly
- Completed reload, in  1.192 seconds
Platform modules already initialized, skipping
Shader 'Universal Render Pipeline/Particles/Lit': fallback shader 'Universal Render Pipeline/Particles/SimpleLit' not found
Refreshing native plugins compatible for Editor in 1.79 ms, found 0 plugins.
Preloading 0 native plugins for Editor in 0.00 ms.
Unloading 2251 Unused Serialized files (Serialized files now loaded: 0)
System memory in use before: 172.2 MB.
System memory in use after: 172.4 MB.

Unloading 4 unused Assets to reduce memory usage. Loaded Objects now: 3227.
Total: 4.325200 ms (FindLiveObjects: 0.380000 ms CreateObjectMapping: 0.139200 ms MarkObjects: 3.642200 ms  DeleteObjects: 0.161500 ms)

========================================================================
Received Prepare
Registering precompiled user dll's ...
Registered in 0.001819 seconds.
Begin MonoManager ReloadAssembly
Native extension for WindowsStandalone target not found
Native extension for WebGL target not found
Refreshing native plugins compatible for Editor in 1.25 ms, found 0 plugins.
Preloading 0 native plugins for Editor in 0.00 ms.
Invoked RoslynAnalysisRunner static constructor.
RoslynAnalysisRunner will not be running.
RoslynAnalysisRunner has terminated.
Mono: successfully reloaded assembly
- Completed reload, in  1.045 seconds
Platform modules already initialized, skipping
Shader 'Universal Render Pipeline/Particles/Lit': fallback shader 'Universal Render Pipeline/Particles/SimpleLit' not found
Refreshing native plugins compatible for Editor in 2.75 ms, found 0 plugins.
Preloading 0 native plugins for Editor in 0.00 ms.
Unloading 2251 Unused Serialized files (Serialized files now loaded: 0)
System memory in use before: 172.2 MB.
System memory in use after: 172.4 MB.

Unloading 3 unused Assets to reduce memory usage. Loaded Objects now: 3227.
Total: 5.102300 ms (FindLiveObjects: 0.725700 ms CreateObjectMapping: 0.379200 ms MarkObjects: 3.822600 ms  DeleteObjects: 0.172000 ms)

========================================================================
Received Import Request.
  Time since last request: 543.702716 seconds.
  path: Assets/Game/Characters/Enemy/TormentedSoul.prefab
  artifactKey: Guid(610919d3d5a9dee4987fe2e54a3b4a78) Importer(815301076,1909f56bfc062723c751e8b465ee728b)
Start importing Assets/Game/Characters/Enemy/TormentedSoul.prefab using Guid(610919d3d5a9dee4987fe2e54a3b4a78) Importer(815301076,1909f56bfc062723c751e8b465ee728b)  -> (artifact id: '30a7f74d149d03e0df40b1cef44ed346') in 1.605338 seconds
  Import took 1.646435 seconds .

========================================================================
Received Prepare
Registering precompiled user dll's ...
Registered in 0.001842 seconds.
Begin MonoManager ReloadAssembly
Native extension for WindowsStandalone target not found
Native extension for WebGL target not found
Refreshing native plugins compatible for Editor in 1.19 ms, found 0 plugins.
Preloading 0 native plugins for Editor in 0.00 ms.
Invoked RoslynAnalysisRunner static constructor.
RoslynAnalysisRunner will not be running.
RoslynAnalysisRunner has terminated.
Mono: successfully reloaded assembly
- Completed reload, in  1.255 seconds
Platform modules already initialized, skipping
Shader 'Universal Render Pipeline/Particles/Lit': fallback shader 'Universal Render Pipeline/Particles/SimpleLit' not found
Refreshing native plugins compatible for Editor in 1.61 ms, found 0 plugins.
Preloading 0 native plugins for Editor in 0.00 ms.
Unloading 2251 Unused Serialized files (Serialized files now loaded: 0)
System memory in use before: 172.3 MB.
System memory in use after: 172.4 MB.

Unloading 3 unused Assets to reduce memory usage. Loaded Objects now: 3263.
Total: 3.645500 ms (FindLiveObjects: 0.438000 ms CreateObjectMapping: 0.157800 ms MarkObjects: 2.891000 ms  DeleteObjects: 0.156400 ms)

========================================================================
Received Import Request.
  Time since last request: 167.132425 seconds.
  path: Assets/Game/Characters/Enemy/TormentedSoulArcher 1.prefab
  artifactKey: Guid(1dc3db4f573c4484d94d3cdad8b78ea9) Importer(815301076,1909f56bfc062723c751e8b465ee728b)
Start importing Assets/Game/Characters/Enemy/TormentedSoulArcher 1.prefab using Guid(1dc3db4f573c4484d94d3cdad8b78ea9) Importer(815301076,1909f56bfc062723c751e8b465ee728b)  -> (artifact id: 'c4c3e864c6e93204337a91cd6dd37c04') in 2.220496 seconds
  Import took 2.233133 seconds .

========================================================================
Received Import Request.
  Time since last request: 85.460762 seconds.
  path: Assets/Game/Characters/Enemy/TormentedSoulArcher.prefab
  artifactKey: Guid(610919d3d5a9dee4987fe2e54a3b4a78) Importer(815301076,1909f56bfc062723c751e8b465ee728b)
Start importing Assets/Game/Characters/Enemy/TormentedSoulArcher.prefab using Guid(610919d3d5a9dee4987fe2e54a3b4a78) Importer(815301076,1909f56bfc062723c751e8b465ee728b)  -> (artifact id: '724f5e115ca4f8c34552fc730fb1eeeb') in 0.184478 seconds
  Import took 0.217139 seconds .

========================================================================
Received Import Request.
  Time since last request: 4.983981 seconds.
  path: Assets/Game/Characters/Enemy/TormentedSoulMage.prefab
  artifactKey: Guid(1dc3db4f573c4484d94d3cdad8b78ea9) Importer(815301076,1909f56bfc062723c751e8b465ee728b)
Start importing Assets/Game/Characters/Enemy/TormentedSoulMage.prefab using Guid(1dc3db4f573c4484d94d3cdad8b78ea9) Importer(815301076,1909f56bfc062723c751e8b465ee728b)  -> (artifact id: '5837b096d11d6da5ea4ebe8e3d000d91') in 0.125860 seconds
  Import took 0.157124 seconds .

========================================================================
Received Prepare
Registering precompiled user dll's ...
Registered in 0.001840 seconds.
Begin MonoManager ReloadAssembly
Native extension for WindowsStandalone target not found
Native extension for WebGL target not found
Refreshing native plugins compatible for Editor in 1.37 ms, found 0 plugins.
Preloading 0 native plugins for Editor in 0.00 ms.
Invoked RoslynAnalysisRunner static constructor.
RoslynAnalysisRunner will not be running.
RoslynAnalysisRunner has terminated.
Mono: successfully reloaded assembly
- Completed reload, in  1.361 seconds
Platform modules already initialized, skipping
Shader 'Universal Render Pipeline/Particles/Lit': fallback shader 'Universal Render Pipeline/Particles/SimpleLit' not found
Refreshing native plugins compatible for Editor in 2.72 ms, found 0 plugins.
Preloading 0 native plugins for Editor in 0.00 ms.
Unloading 2251 Unused Serialized files (Serialized files now loaded: 0)
System memory in use before: 172.5 MB.
System memory in use after: 172.7 MB.

Unloading 3 unused Assets to reduce memory usage. Loaded Objects now: 3299.
Total: 4.341600 ms (FindLiveObjects: 0.584200 ms CreateObjectMapping: 0.263300 ms MarkObjects: 3.300000 ms  DeleteObjects: 0.191700 ms)

