Using pre-set license
Built from '2020.3/staging' branch; Version is '2020.3.0f1 (c7b5465681fb) revision 13088070'; Using compiler version '192528614'; Build Type 'Release'
OS: 'Windows 10 Pro; OS build 19042.985; Version 2009; 64bit' Language: 'en' Physical Memory: 8130 MB
BatchMode: 1, IsHumanControllingUs: 0, StartBugReporterOnCrash: 0, Is64bit: 1, IsPro: 0

 COMMAND LINE ARGUMENTS:
C:\Program Files\Unity\Hub\Editor\2020.3.0f1\Editor\Unity.exe
-adb2
-batchMode
-noUpm
-name
AssetImportWorker5
-projectPath
C:/Users/Trabalho/Documents/6S/PJ/Five Lands/Five Lands/Five Lands
-logFile
Logs/AssetImportWorker5.log
-srvPort
59178
Successfully changed project path to: C:/Users/Trabalho/Documents/6S/PJ/Five Lands/Five Lands/Five Lands
C:/Users/Trabalho/Documents/6S/PJ/Five Lands/Five Lands/Five Lands
Using Asset Import Pipeline V2.
Refreshing native plugins compatible for Editor in 205.83 ms, found 0 plugins.
Preloading 0 native plugins for Editor in 0.00 ms.
Initialize engine version: 2020.3.0f1 (c7b5465681fb)
[Subsystems] Discovering subsystems at path C:/Program Files/Unity/Hub/Editor/2020.3.0f1/Editor/Data/Resources/UnitySubsystems
[Subsystems] Discovering subsystems at path C:/Users/Trabalho/Documents/6S/PJ/Five Lands/Five Lands/Five Lands/Assets
GfxDevice: creating device client; threaded=0
Direct3D:
    Version:  Direct3D 11.0 [level 11.0]
    Renderer: NVIDIA GeForce GTX 660 (ID=0x11c0)
    Vendor:   
    VRAM:     1998 MB
    Driver:   27.21.14.5671
Shader 'Universal Render Pipeline/Particles/Lit': fallback shader 'Universal Render Pipeline/Particles/SimpleLit' not found
Initialize mono
Mono path[0] = 'C:/Program Files/Unity/Hub/Editor/2020.3.0f1/Editor/Data/Managed'
Mono path[1] = 'C:/Program Files/Unity/Hub/Editor/2020.3.0f1/Editor/Data/MonoBleedingEdge/lib/mono/unityjit'
Mono config path = 'C:/Program Files/Unity/Hub/Editor/2020.3.0f1/Editor/Data/MonoBleedingEdge/etc'
Using monoOptions --debugger-agent=transport=dt_socket,embedding=1,server=y,suspend=n,address=127.0.0.1:56416
Begin MonoManager ReloadAssembly
Registering precompiled unity dll's ...
Register platform support module: C:/Program Files/Unity/Hub/Editor/2020.3.0f1/Editor/Data/PlaybackEngines/WebGLSupport/UnityEditor.WebGL.Extensions.dll
Register platform support module: C:/Program Files/Unity/Hub/Editor/2020.3.0f1/Editor/Data/PlaybackEngines/WindowsStandaloneSupport/UnityEditor.WindowsStandalone.Extensions.dll
Registered in 0.002493 seconds.
Native extension for WindowsStandalone target not found
Native extension for WebGL target not found
Refreshing native plugins compatible for Editor in 108.53 ms, found 0 plugins.
Preloading 0 native plugins for Editor in 0.00 ms.
Invoked RoslynAnalysisRunner static constructor.
RoslynAnalysisRunner will not be running.
RoslynAnalysisRunner has terminated.
Mono: successfully reloaded assembly
- Completed reload, in  2.451 seconds
Platform modules already initialized, skipping
Registering precompiled user dll's ...
Registered in 0.001740 seconds.
Begin MonoManager ReloadAssembly
Native extension for WindowsStandalone target not found
Native extension for WebGL target not found
Refreshing native plugins compatible for Editor in 124.14 ms, found 0 plugins.
Preloading 0 native plugins for Editor in 0.00 ms.
Invoked RoslynAnalysisRunner static constructor.
RoslynAnalysisRunner will not be running.
RoslynAnalysisRunner has terminated.
Mono: successfully reloaded assembly
- Completed reload, in  1.316 seconds
Platform modules already initialized, skipping
========================================================================
Worker process is ready to serve import requests
Shader 'Universal Render Pipeline/Particles/Lit': fallback shader 'Universal Render Pipeline/Particles/SimpleLit' not found
Launched and connected shader compiler UnityShaderCompiler.exe after 0.32 seconds
Refreshing native plugins compatible for Editor in 3.03 ms, found 0 plugins.
Preloading 0 native plugins for Editor in 0.00 ms.
Unloading 2371 Unused Serialized files (Serialized files now loaded: 0)
System memory in use before: 150.0 MB.
System memory in use after: 150.2 MB.

Unloading 5 unused Assets to reduce memory usage. Loaded Objects now: 2839.
Total: 4.645300 ms (FindLiveObjects: 0.640100 ms CreateObjectMapping: 0.366800 ms MarkObjects: 3.317700 ms  DeleteObjects: 0.318300 ms)

========================================================================
Received Import Request.
  path: Assets/Scripts/Inventories/StatsEquipment.cs
  artifactKey: Guid(78088eb49522da74b999cc09eb504b92) Importer(815301076,1909f56bfc062723c751e8b465ee728b)
Start importing Assets/Scripts/Inventories/StatsEquipment.cs using Guid(78088eb49522da74b999cc09eb504b92) Importer(815301076,1909f56bfc062723c751e8b465ee728b)  -> (artifact id: '96c9e790f55974794811e4b747fe39b2') in 0.186489 seconds
  Import took 0.221807 seconds .

========================================================================
Received Import Request.
  Time since last request: 111.398865 seconds.
  path: Assets/Scripts/Inventories/StatsEquipment.cs
  artifactKey: Guid(78088eb49522da74b999cc09eb504b92) Importer(815301076,1909f56bfc062723c751e8b465ee728b)
Start importing Assets/Scripts/Inventories/StatsEquipment.cs using Guid(78088eb49522da74b999cc09eb504b92) Importer(815301076,1909f56bfc062723c751e8b465ee728b)  -> (artifact id: '85b4017710859c9b1eb5dc3229799412') in 0.008346 seconds
  Import took 0.076380 seconds .

========================================================================
Received Import Request.
  Time since last request: 111.841504 seconds.
  path: Assets/Scripts/Inventories/StatsEquipment.cs
  artifactKey: Guid(78088eb49522da74b999cc09eb504b92) Importer(815301076,1909f56bfc062723c751e8b465ee728b)
Start importing Assets/Scripts/Inventories/StatsEquipment.cs using Guid(78088eb49522da74b999cc09eb504b92) Importer(815301076,1909f56bfc062723c751e8b465ee728b)  -> (artifact id: '260bd6e7611e24a8e173b8f622419b77') in 0.011262 seconds
  Import took 0.052933 seconds .

========================================================================
Received Import Request.
  Time since last request: 7.629195 seconds.
  path: Assets/Scripts/Inventories/StatsEquipment.cs
  artifactKey: Guid(78088eb49522da74b999cc09eb504b92) Importer(815301076,1909f56bfc062723c751e8b465ee728b)
Start importing Assets/Scripts/Inventories/StatsEquipment.cs using Guid(78088eb49522da74b999cc09eb504b92) Importer(815301076,1909f56bfc062723c751e8b465ee728b)  -> (artifact id: 'b6e90f1d0d8800e304d0df76bdd18369') in 0.009311 seconds
  Import took 0.049728 seconds .

========================================================================
Received Import Request.
  Time since last request: 15.596514 seconds.
  path: Assets/Scripts/Inventories/StatsEquipment.cs
  artifactKey: Guid(78088eb49522da74b999cc09eb504b92) Importer(815301076,1909f56bfc062723c751e8b465ee728b)
Start importing Assets/Scripts/Inventories/StatsEquipment.cs using Guid(78088eb49522da74b999cc09eb504b92) Importer(815301076,1909f56bfc062723c751e8b465ee728b)  -> (artifact id: 'd73a5d579d625a65649653080ddeb24a') in 0.011732 seconds
  Import took 0.034665 seconds .

========================================================================
Received Prepare
Registering precompiled user dll's ...
Registered in 0.001927 seconds.
Begin MonoManager ReloadAssembly
Native extension for WindowsStandalone target not found
Native extension for WebGL target not found
Refreshing native plugins compatible for Editor in 1.27 ms, found 0 plugins.
Preloading 0 native plugins for Editor in 0.00 ms.
Invoked RoslynAnalysisRunner static constructor.
RoslynAnalysisRunner will not be running.
RoslynAnalysisRunner has terminated.
Mono: successfully reloaded assembly
- Completed reload, in  1.096 seconds
Platform modules already initialized, skipping
Shader 'Universal Render Pipeline/Particles/Lit': fallback shader 'Universal Render Pipeline/Particles/SimpleLit' not found
Refreshing native plugins compatible for Editor in 1.31 ms, found 0 plugins.
Preloading 0 native plugins for Editor in 0.00 ms.
Unloading 2237 Unused Serialized files (Serialized files now loaded: 0)
System memory in use before: 142.2 MB.
System memory in use after: 142.3 MB.

Unloading 3 unused Assets to reduce memory usage. Loaded Objects now: 2839.
Total: 3.317600 ms (FindLiveObjects: 0.459000 ms CreateObjectMapping: 0.334400 ms MarkObjects: 2.260700 ms  DeleteObjects: 0.261000 ms)

========================================================================
Received Prepare
Registering precompiled user dll's ...
Registered in 0.003435 seconds.
Begin MonoManager ReloadAssembly
Native extension for WindowsStandalone target not found
Native extension for WebGL target not found
Refreshing native plugins compatible for Editor in 1.25 ms, found 0 plugins.
Preloading 0 native plugins for Editor in 0.00 ms.
Invoked RoslynAnalysisRunner static constructor.
RoslynAnalysisRunner will not be running.
RoslynAnalysisRunner has terminated.
Mono: successfully reloaded assembly
- Completed reload, in  1.386 seconds
Platform modules already initialized, skipping
Shader 'Universal Render Pipeline/Particles/Lit': fallback shader 'Universal Render Pipeline/Particles/SimpleLit' not found
Refreshing native plugins compatible for Editor in 1.36 ms, found 0 plugins.
Preloading 0 native plugins for Editor in 0.00 ms.
Unloading 2237 Unused Serialized files (Serialized files now loaded: 0)
System memory in use before: 142.2 MB.
System memory in use after: 142.4 MB.

Unloading 3 unused Assets to reduce memory usage. Loaded Objects now: 2839.
Total: 4.743100 ms (FindLiveObjects: 0.449600 ms CreateObjectMapping: 0.530400 ms MarkObjects: 3.516600 ms  DeleteObjects: 0.243800 ms)

========================================================================
Received Import Request.
  Time since last request: 13940.675828 seconds.
  path: Assets/Game/Wearables/Resources/Healthy Hat.asset
  artifactKey: Guid(2837235eacd329b4cb68b0a436212ce3) Importer(815301076,1909f56bfc062723c751e8b465ee728b)
Start importing Assets/Game/Wearables/Resources/Healthy Hat.asset using Guid(2837235eacd329b4cb68b0a436212ce3) Importer(815301076,1909f56bfc062723c751e8b465ee728b)  -> (artifact id: '2fea42e15f9f0f9a60db83bad43de308') in 0.085919 seconds
  Import took 0.151485 seconds .

========================================================================
Received Import Request.
  Time since last request: 1.681039 seconds.
  path: Assets/Game/Wearables/Resources
  artifactKey: Guid(fbafc146b93de6941ae1f66a2873f1e5) Importer(815301076,1909f56bfc062723c751e8b465ee728b)
Start importing Assets/Game/Wearables/Resources using Guid(fbafc146b93de6941ae1f66a2873f1e5) Importer(815301076,1909f56bfc062723c751e8b465ee728b)  -> (artifact id: 'fbe3dd3c21a8f5174380f79b4fbed9de') in 0.035121 seconds
  Import took 0.065935 seconds .

========================================================================
Received Import Request.
  Time since last request: 21.944903 seconds.
  path: Assets/Game/Wearables/Resources/Hat.asset
  artifactKey: Guid(d74a70ad3eea3dc47a1d066992f964ce) Importer(815301076,1909f56bfc062723c751e8b465ee728b)
Start importing Assets/Game/Wearables/Resources/Hat.asset using Guid(d74a70ad3eea3dc47a1d066992f964ce) Importer(815301076,1909f56bfc062723c751e8b465ee728b)  -> (artifact id: '46b5e75afe602bd8d252b4b6adc80cbe') in 0.210084 seconds
  Import took 0.237097 seconds .

========================================================================
Received Prepare
Registering precompiled user dll's ...
Registered in 0.001836 seconds.
Begin MonoManager ReloadAssembly
Native extension for WindowsStandalone target not found
Native extension for WebGL target not found
Refreshing native plugins compatible for Editor in 1.25 ms, found 0 plugins.
Preloading 0 native plugins for Editor in 0.00 ms.
Invoked RoslynAnalysisRunner static constructor.
RoslynAnalysisRunner will not be running.
RoslynAnalysisRunner has terminated.
Mono: successfully reloaded assembly
- Completed reload, in  1.003 seconds
Platform modules already initialized, skipping
Shader 'Universal Render Pipeline/Particles/Lit': fallback shader 'Universal Render Pipeline/Particles/SimpleLit' not found
Refreshing native plugins compatible for Editor in 1.24 ms, found 0 plugins.
Preloading 0 native plugins for Editor in 0.00 ms.
Unloading 2237 Unused Serialized files (Serialized files now loaded: 0)
System memory in use before: 142.3 MB.
System memory in use after: 142.4 MB.

Unloading 3 unused Assets to reduce memory usage. Loaded Objects now: 2839.
Total: 4.097100 ms (FindLiveObjects: 0.539100 ms CreateObjectMapping: 0.541600 ms MarkObjects: 2.797300 ms  DeleteObjects: 0.217100 ms)

========================================================================
Received Import Request.
  Time since last request: 689.511794 seconds.
  path: Assets/Game/Wearables/Resources/Healthy Hat.asset
  artifactKey: Guid(2837235eacd329b4cb68b0a436212ce3) Importer(815301076,1909f56bfc062723c751e8b465ee728b)
Start importing Assets/Game/Wearables/Resources/Healthy Hat.asset using Guid(2837235eacd329b4cb68b0a436212ce3) Importer(815301076,1909f56bfc062723c751e8b465ee728b)  -> (artifact id: '3f4fd14587cb79d4980c571c3e17345d') in 0.048644 seconds
  Import took 0.084854 seconds .

========================================================================
Received Import Request.
  Time since last request: 140.614729 seconds.
  path: Assets/Scripts/Inventories
  artifactKey: Guid(f751ca49ad6879242834a23ab4958ce0) Importer(815301076,1909f56bfc062723c751e8b465ee728b)
Start importing Assets/Scripts/Inventories using Guid(f751ca49ad6879242834a23ab4958ce0) Importer(815301076,1909f56bfc062723c751e8b465ee728b)  -> (artifact id: '8f339aa51316f5a7691337d13ed5f472') in 0.046136 seconds
  Import took 0.074901 seconds .

========================================================================
Received Import Request.
  Time since last request: 29.637886 seconds.
  path: Assets/Scripts/Inventories/StatsEquipment.cs
  artifactKey: Guid(78088eb49522da74b999cc09eb504b92) Importer(815301076,1909f56bfc062723c751e8b465ee728b)
Start importing Assets/Scripts/Inventories/StatsEquipment.cs using Guid(78088eb49522da74b999cc09eb504b92) Importer(815301076,1909f56bfc062723c751e8b465ee728b)  -> (artifact id: '3cd0ac74248cb78d8f52f6e75de1576f') in 0.019388 seconds
  Import took 0.063544 seconds .

========================================================================
Received Import Request.
  Time since last request: 0.001001 seconds.
  path: Assets/Scripts/Inventories/StatsEquipment.cs
  artifactKey: Guid(78088eb49522da74b999cc09eb504b92) Importer(815301076,1909f56bfc062723c751e8b465ee728b)
Start importing Assets/Scripts/Inventories/StatsEquipment.cs using Guid(78088eb49522da74b999cc09eb504b92) Importer(815301076,1909f56bfc062723c751e8b465ee728b)  -> (artifact id: '3cd0ac74248cb78d8f52f6e75de1576f') in 0.011659 seconds
  Import took 0.038367 seconds .

========================================================================
Received Prepare
Registering precompiled user dll's ...
Registered in 0.002011 seconds.
Begin MonoManager ReloadAssembly
Native extension for WindowsStandalone target not found
Native extension for WebGL target not found
Refreshing native plugins compatible for Editor in 1.34 ms, found 0 plugins.
Preloading 0 native plugins for Editor in 0.00 ms.
Invoked RoslynAnalysisRunner static constructor.
RoslynAnalysisRunner will not be running.
RoslynAnalysisRunner has terminated.
Mono: successfully reloaded assembly
- Completed reload, in  1.055 seconds
Platform modules already initialized, skipping
Shader 'Universal Render Pipeline/Particles/Lit': fallback shader 'Universal Render Pipeline/Particles/SimpleLit' not found
Refreshing native plugins compatible for Editor in 1.43 ms, found 0 plugins.
Preloading 0 native plugins for Editor in 0.00 ms.
Unloading 2237 Unused Serialized files (Serialized files now loaded: 0)
System memory in use before: 142.3 MB.
System memory in use after: 142.4 MB.

Unloading 3 unused Assets to reduce memory usage. Loaded Objects now: 2839.
Total: 8.504700 ms (FindLiveObjects: 0.576300 ms CreateObjectMapping: 0.250100 ms MarkObjects: 7.364500 ms  DeleteObjects: 0.311500 ms)

========================================================================
Received Prepare
Registering precompiled user dll's ...
Registered in 0.002478 seconds.
Begin MonoManager ReloadAssembly
Native extension for WindowsStandalone target not found
Native extension for WebGL target not found
Refreshing native plugins compatible for Editor in 1.88 ms, found 0 plugins.
Preloading 0 native plugins for Editor in 0.00 ms.
Invoked RoslynAnalysisRunner static constructor.
RoslynAnalysisRunner will not be running.
RoslynAnalysisRunner has terminated.
Mono: successfully reloaded assembly
- Completed reload, in  1.540 seconds
Platform modules already initialized, skipping
Shader 'Universal Render Pipeline/Particles/Lit': fallback shader 'Universal Render Pipeline/Particles/SimpleLit' not found
Refreshing native plugins compatible for Editor in 2.39 ms, found 0 plugins.
Preloading 0 native plugins for Editor in 0.00 ms.
Unloading 2237 Unused Serialized files (Serialized files now loaded: 0)
System memory in use before: 142.2 MB.
System memory in use after: 142.3 MB.

Unloading 3 unused Assets to reduce memory usage. Loaded Objects now: 2839.
Total: 5.209100 ms (FindLiveObjects: 0.905000 ms CreateObjectMapping: 0.282600 ms MarkObjects: 3.769500 ms  DeleteObjects: 0.245400 ms)

========================================================================
Received Prepare
Registering precompiled user dll's ...
Registered in 0.001863 seconds.
Begin MonoManager ReloadAssembly
Native extension for WindowsStandalone target not found
Native extension for WebGL target not found
Refreshing native plugins compatible for Editor in 1.45 ms, found 0 plugins.
Preloading 0 native plugins for Editor in 0.00 ms.
Invoked RoslynAnalysisRunner static constructor.
RoslynAnalysisRunner will not be running.
RoslynAnalysisRunner has terminated.
Mono: successfully reloaded assembly
- Completed reload, in  1.213 seconds
Platform modules already initialized, skipping
Shader 'Universal Render Pipeline/Particles/Lit': fallback shader 'Universal Render Pipeline/Particles/SimpleLit' not found
Refreshing native plugins compatible for Editor in 1.41 ms, found 0 plugins.
Preloading 0 native plugins for Editor in 0.00 ms.
Unloading 2237 Unused Serialized files (Serialized files now loaded: 0)
System memory in use before: 142.3 MB.
System memory in use after: 142.5 MB.

Unloading 3 unused Assets to reduce memory usage. Loaded Objects now: 2839.
Total: 4.146200 ms (FindLiveObjects: 0.400000 ms CreateObjectMapping: 0.137700 ms MarkObjects: 3.287300 ms  DeleteObjects: 0.319000 ms)

========================================================================
Received Prepare
Registering precompiled user dll's ...
Registered in 0.001927 seconds.
Begin MonoManager ReloadAssembly
Native extension for WindowsStandalone target not found
Native extension for WebGL target not found
Refreshing native plugins compatible for Editor in 1.27 ms, found 0 plugins.
Preloading 0 native plugins for Editor in 0.00 ms.
Invoked RoslynAnalysisRunner static constructor.
RoslynAnalysisRunner will not be running.
RoslynAnalysisRunner has terminated.
Mono: successfully reloaded assembly
- Completed reload, in  1.006 seconds
Platform modules already initialized, skipping
Shader 'Universal Render Pipeline/Particles/Lit': fallback shader 'Universal Render Pipeline/Particles/SimpleLit' not found
Refreshing native plugins compatible for Editor in 1.57 ms, found 0 plugins.
Preloading 0 native plugins for Editor in 0.00 ms.
Unloading 2237 Unused Serialized files (Serialized files now loaded: 0)
System memory in use before: 142.3 MB.
System memory in use after: 142.4 MB.

Unloading 3 unused Assets to reduce memory usage. Loaded Objects now: 2839.
Total: 2.967800 ms (FindLiveObjects: 0.367400 ms CreateObjectMapping: 0.158600 ms MarkObjects: 2.129900 ms  DeleteObjects: 0.310200 ms)

========================================================================
Received Import Request.
  Time since last request: 495.769957 seconds.
  path: Assets/Game/Wearables
  artifactKey: Guid(1997f3db32db0ff42a5c02f6aaa45348) Importer(815301076,1909f56bfc062723c751e8b465ee728b)
Start importing Assets/Game/Wearables using Guid(1997f3db32db0ff42a5c02f6aaa45348) Importer(815301076,1909f56bfc062723c751e8b465ee728b)  -> (artifact id: '97560697e828574bbf83aba480bd17b6') in 0.046923 seconds
  Import took 0.073271 seconds .

========================================================================
Received Import Request.
  Time since last request: 0.000281 seconds.
  path: Assets/Game/Weapons/Bow/EquippedBow.prefab
  artifactKey: Guid(b204bb2c3d6e293498135acfe481f3d6) Importer(815301076,1909f56bfc062723c751e8b465ee728b)
Start importing Assets/Game/Weapons/Bow/EquippedBow.prefab using Guid(b204bb2c3d6e293498135acfe481f3d6) Importer(815301076,1909f56bfc062723c751e8b465ee728b)  -> (artifact id: '6371a565000444bccf25022ea512dc67') in 0.676776 seconds
  Import took 0.710757 seconds .

========================================================================
Received Import Request.
  Time since last request: 4.359247 seconds.
  path: Assets/Game/Weapons/Resources/Bow Red Projectile.asset
  artifactKey: Guid(bc17f8b2b8754a94a996479be8919617) Importer(815301076,1909f56bfc062723c751e8b465ee728b)
Start importing Assets/Game/Weapons/Resources/Bow Red Projectile.asset using Guid(bc17f8b2b8754a94a996479be8919617) Importer(815301076,1909f56bfc062723c751e8b465ee728b)  -> (artifact id: 'a8103a8a868f7449611e7876dd6eed1a') in 0.464532 seconds
  Import took 0.490133 seconds .

========================================================================
Received Import Request.
  Time since last request: 1.526843 seconds.
  path: Assets/Game/Weapons/Resources/Bow Blue Projectile.asset
  artifactKey: Guid(9f7f0e82b39676942a21cbab336eddf0) Importer(815301076,1909f56bfc062723c751e8b465ee728b)
Start importing Assets/Game/Weapons/Resources/Bow Blue Projectile.asset using Guid(9f7f0e82b39676942a21cbab336eddf0) Importer(815301076,1909f56bfc062723c751e8b465ee728b)  -> (artifact id: 'd3ec2a154747e3dfc1d2a6bfb9542192') in 0.068622 seconds
  Import took 0.092613 seconds .

========================================================================
Received Import Request.
  Time since last request: 1.731842 seconds.
  path: Assets/Game/Weapons/Resources/Fireball.asset
  artifactKey: Guid(d83f72d93673c6f4d960fa8d405803e0) Importer(815301076,1909f56bfc062723c751e8b465ee728b)
Start importing Assets/Game/Weapons/Resources/Fireball.asset using Guid(d83f72d93673c6f4d960fa8d405803e0) Importer(815301076,1909f56bfc062723c751e8b465ee728b)  -> (artifact id: '607220496df4dc299564fedf909c23b7') in 0.238995 seconds
  Import took 0.270278 seconds .

========================================================================
Received Import Request.
  Time since last request: 43.966929 seconds.
  path: Assets/Game/Wearables/Resources/Staff.asset
  artifactKey: Guid(26d3d4a064d755141b8ebe2e98a29850) Importer(815301076,1909f56bfc062723c751e8b465ee728b)
Start importing Assets/Game/Wearables/Resources/Staff.asset using Guid(26d3d4a064d755141b8ebe2e98a29850) Importer(815301076,1909f56bfc062723c751e8b465ee728b)  -> (artifact id: '198d1c49fb9151089ea4e42e7acb73e0') in 0.014904 seconds
  Import took 0.038435 seconds .

========================================================================
Received Import Request.
  Time since last request: 0.000778 seconds.
  path: Assets/Game/Wearables/Resources/Staff.asset
  artifactKey: Guid(26d3d4a064d755141b8ebe2e98a29850) Importer(815301076,1909f56bfc062723c751e8b465ee728b)
Start importing Assets/Game/Wearables/Resources/Staff.asset using Guid(26d3d4a064d755141b8ebe2e98a29850) Importer(815301076,1909f56bfc062723c751e8b465ee728b)  -> (artifact id: '198d1c49fb9151089ea4e42e7acb73e0') in 0.006261 seconds
  Import took 0.017397 seconds .

========================================================================
Received Import Request.
  Time since last request: 40.744050 seconds.
  path: Assets/Game/Wearables/Resources/Staff.asset
  artifactKey: Guid(26d3d4a064d755141b8ebe2e98a29850) Importer(815301076,1909f56bfc062723c751e8b465ee728b)
Start importing Assets/Game/Wearables/Resources/Staff.asset using Guid(26d3d4a064d755141b8ebe2e98a29850) Importer(815301076,1909f56bfc062723c751e8b465ee728b)  -> (artifact id: '42d43bf1283a9a52faa118c0c1741fd7') in 0.008781 seconds
  Import took 0.028105 seconds .

========================================================================
Received Import Request.
  Time since last request: 0.004365 seconds.
  path: Assets/Game/Wearables/Resources/Staff.asset
  artifactKey: Guid(26d3d4a064d755141b8ebe2e98a29850) Importer(815301076,1909f56bfc062723c751e8b465ee728b)
Start importing Assets/Game/Wearables/Resources/Staff.asset using Guid(26d3d4a064d755141b8ebe2e98a29850) Importer(815301076,1909f56bfc062723c751e8b465ee728b)  -> (artifact id: '42d43bf1283a9a52faa118c0c1741fd7') in 0.010892 seconds
  Import took 0.017801 seconds .

========================================================================
Received Import Request.
  Time since last request: 21.797359 seconds.
  path: Assets/Game/Weapons/Bow/BowAnimatorOverrider.overrideController
  artifactKey: Guid(2796f2c13fdada145ab0d2488b205487) Importer(815301076,1909f56bfc062723c751e8b465ee728b)
Start importing Assets/Game/Weapons/Bow/BowAnimatorOverrider.overrideController using Guid(2796f2c13fdada145ab0d2488b205487) Importer(815301076,1909f56bfc062723c751e8b465ee728b)  -> (artifact id: 'c2b166c8f8828c479a97246904197bdc') in 0.037978 seconds
  Import took 0.094230 seconds .

========================================================================
Received Import Request.
  Time since last request: 23.482776 seconds.
  path: Assets/Game/Weapons/Resources/Bow Blue Projectile.asset
  artifactKey: Guid(9f7f0e82b39676942a21cbab336eddf0) Importer(815301076,1909f56bfc062723c751e8b465ee728b)
Start importing Assets/Game/Weapons/Resources/Bow Blue Projectile.asset using Guid(9f7f0e82b39676942a21cbab336eddf0) Importer(815301076,1909f56bfc062723c751e8b465ee728b)  -> (artifact id: '9cfd0942862669ccdf311ffa9518c365') in 0.038421 seconds
  Import took 0.054375 seconds .

========================================================================
Received Prepare
Registering precompiled user dll's ...
Registered in 0.001931 seconds.
Begin MonoManager ReloadAssembly
Native extension for WindowsStandalone target not found
Native extension for WebGL target not found
Refreshing native plugins compatible for Editor in 1.91 ms, found 0 plugins.
Preloading 0 native plugins for Editor in 0.00 ms.
Invoked RoslynAnalysisRunner static constructor.
RoslynAnalysisRunner will not be running.
RoslynAnalysisRunner has terminated.
Mono: successfully reloaded assembly
- Completed reload, in  1.115 seconds
Platform modules already initialized, skipping
Shader 'Universal Render Pipeline/Particles/Lit': fallback shader 'Universal Render Pipeline/Particles/SimpleLit' not found
Refreshing native plugins compatible for Editor in 1.63 ms, found 0 plugins.
Preloading 0 native plugins for Editor in 0.00 ms.
Unloading 2237 Unused Serialized files (Serialized files now loaded: 0)
System memory in use before: 147.6 MB.
System memory in use after: 147.8 MB.

Unloading 3 unused Assets to reduce memory usage. Loaded Objects now: 2885.
Total: 3.486600 ms (FindLiveObjects: 0.470600 ms CreateObjectMapping: 0.332100 ms MarkObjects: 2.446300 ms  DeleteObjects: 0.236400 ms)

AssetImportWorkerClient::OnTransportError - code=2 error=End of file
